#! /usr/local/Cellar/icarus-verilog/11.0/bin/vvp
:ivl_version "11.0 (stable)";
:ivl_delay_selection "TYPICAL";
:vpi_time_precision - 12;
:vpi_module "/usr/local/Cellar/icarus-verilog/11.0/lib/ivl/system.vpi";
:vpi_module "/usr/local/Cellar/icarus-verilog/11.0/lib/ivl/vhdl_sys.vpi";
:vpi_module "/usr/local/Cellar/icarus-verilog/11.0/lib/ivl/vhdl_textio.vpi";
:vpi_module "/usr/local/Cellar/icarus-verilog/11.0/lib/ivl/v2005_math.vpi";
:vpi_module "/usr/local/Cellar/icarus-verilog/11.0/lib/ivl/va_math.vpi";
S_0x7ff84f004180 .scope module, "test_regfile" "test_regfile" 2 16;
 .timescale -9 -12;
v0x7ff84f0148f0_0 .var "clk", 0 0;
v0x7ff84f0245b0_0 .var/i "errors", 31 0;
v0x7ff84f024640_0 .var "expected_rs_A", 15 0;
v0x7ff84f0246d0_0 .var "expected_rs_B", 15 0;
v0x7ff84f024760_0 .var "expected_rt_A", 15 0;
v0x7ff84f024850_0 .var "expected_rt_B", 15 0;
v0x7ff84f024900_0 .var "gwe", 0 0;
v0x7ff84f024990_0 .var/i "input_file", 31 0;
v0x7ff84f024a40_0 .var/i "output_file", 31 0;
v0x7ff84f024b50_0 .var "rd_A", 2 0;
v0x7ff84f024c10_0 .var "rd_B", 2 0;
v0x7ff84f024ca0_0 .var "rs_A", 2 0;
v0x7ff84f024d30_0 .var "rs_B", 2 0;
v0x7ff84f024de0_0 .net "rs_data_A", 15 0, L_0x7ff84f02d5d0;  1 drivers
v0x7ff84f024e90_0 .net "rs_data_B", 15 0, L_0x7ff84f030da0;  1 drivers
v0x7ff84f024f40_0 .var "rst", 0 0;
v0x7ff84f024fd0_0 .var "rt_A", 2 0;
v0x7ff84f025180_0 .var "rt_B", 2 0;
v0x7ff84f025210_0 .net "rt_data_A", 15 0, L_0x7ff84f02f7a0;  1 drivers
v0x7ff84f0252a0_0 .net "rt_data_B", 15 0, L_0x7ff84f031e30;  1 drivers
v0x7ff84f025330_0 .var/i "tests", 31 0;
v0x7ff84f0253c0_0 .var "wdata_A", 15 0;
v0x7ff84f025470_0 .var "wdata_B", 15 0;
v0x7ff84f025520_0 .var "wen_A", 0 0;
v0x7ff84f0255d0_0 .var "wen_B", 0 0;
S_0x7ff84f004300 .scope task, "printPoints" "printPoints" 3 1, 3 1 0, S_0x7ff84f004180;
 .timescale -9 -12;
v0x7ff84f0044c0_0 .var "actual", 31 0;
v0x7ff84f014570_0 .var "possible", 31 0;
TD_test_regfile.printPoints ;
    %vpi_call 3 4 "$display", "<scorePossible>%d</scorePossible>", v0x7ff84f014570_0 {0 0 0};
    %vpi_call 3 5 "$display", "<scoreActual>%d</scoreActual>", v0x7ff84f0044c0_0 {0 0 0};
    %end;
S_0x7ff84f014610 .scope module, "regfile_ss" "lc4_regfile_ss" 2 54, 4 18 0, S_0x7ff84f004180;
 .timescale -9 -12;
    .port_info 0 /INPUT 1 "clk";
    .port_info 1 /INPUT 1 "gwe";
    .port_info 2 /INPUT 1 "rst";
    .port_info 3 /INPUT 3 "i_rs_A";
    .port_info 4 /OUTPUT 16 "o_rs_data_A";
    .port_info 5 /INPUT 3 "i_rt_A";
    .port_info 6 /OUTPUT 16 "o_rt_data_A";
    .port_info 7 /INPUT 3 "i_rs_B";
    .port_info 8 /OUTPUT 16 "o_rs_data_B";
    .port_info 9 /INPUT 3 "i_rt_B";
    .port_info 10 /OUTPUT 16 "o_rt_data_B";
    .port_info 11 /INPUT 3 "i_rd_A";
    .port_info 12 /INPUT 16 "i_wdata_A";
    .port_info 13 /INPUT 1 "i_rd_we_A";
    .port_info 14 /INPUT 3 "i_rd_B";
    .port_info 15 /INPUT 16 "i_wdata_B";
    .port_info 16 /INPUT 1 "i_rd_we_B";
P_0x7ff84f0147d0 .param/l "n" 0 4 18, +C4<00000000000000000000000000010000>;
L_0x7ff84f0257c0 .functor AND 1, v0x7ff84f0255d0_0, L_0x7ff84f0256a0, C4<1>, C4<1>;
L_0x7ff84f0259d0 .functor AND 1, v0x7ff84f025520_0, L_0x7ff84f0258b0, C4<1>, C4<1>;
L_0x7ff84f025f30 .functor AND 1, v0x7ff84f0255d0_0, L_0x7ff84f025e20, C4<1>, C4<1>;
L_0x7ff84f026100 .functor AND 1, v0x7ff84f025520_0, L_0x7ff84f026020, C4<1>, C4<1>;
L_0x7ff84f0265e0 .functor AND 1, v0x7ff84f0255d0_0, L_0x7ff84f026470, C4<1>, C4<1>;
L_0x7ff84f0267f0 .functor AND 1, v0x7ff84f025520_0, L_0x7ff84f0266d0, C4<1>, C4<1>;
L_0x7ff84f026d50 .functor AND 1, v0x7ff84f0255d0_0, L_0x7ff84f026c40, C4<1>, C4<1>;
L_0x7ff84f026ee0 .functor AND 1, v0x7ff84f025520_0, L_0x7ff84f026e00, C4<1>, C4<1>;
L_0x7ff84f0273c0 .functor AND 1, v0x7ff84f0255d0_0, L_0x7ff84f027250, C4<1>, C4<1>;
L_0x7ff84f027520 .functor AND 1, v0x7ff84f025520_0, L_0x7ff84f027480, C4<1>, C4<1>;
L_0x7ff84f0279c0 .functor AND 1, v0x7ff84f0255d0_0, L_0x7ff84f027830, C4<1>, C4<1>;
L_0x7ff84f0268e0 .functor AND 1, v0x7ff84f025520_0, L_0x7ff84f027b30, C4<1>, C4<1>;
L_0x7ff84f026510 .functor AND 1, v0x7ff84f0255d0_0, L_0x7ff84f027ed0, C4<1>, C4<1>;
L_0x7ff84f026770 .functor AND 1, v0x7ff84f025520_0, L_0x7ff84f028280, C4<1>, C4<1>;
L_0x7ff84f028a30 .functor AND 1, v0x7ff84f0255d0_0, L_0x7ff84f0288a0, C4<1>, C4<1>;
L_0x7ff84f028aa0 .functor AND 1, v0x7ff84f025520_0, L_0x7ff84f0285c0, C4<1>, C4<1>;
L_0x7ff84f028bf0 .functor AND 1, L_0x7ff84f028e10, v0x7ff84f025520_0, C4<1>, C4<1>;
L_0x7ff84f026650 .functor AND 1, L_0x7ff84f029090, v0x7ff84f0255d0_0, C4<1>, C4<1>;
L_0x7ff84f029170 .functor OR 1, L_0x7ff84f028bf0, L_0x7ff84f026650, C4<0>, C4<0>;
L_0x7ff84f028ef0 .functor AND 1, L_0x7ff84f029340, v0x7ff84f025520_0, C4<1>, C4<1>;
L_0x7ff84f029540 .functor AND 1, L_0x7ff84f028f60, v0x7ff84f0255d0_0, C4<1>, C4<1>;
L_0x7ff84f0296a0 .functor OR 1, L_0x7ff84f028ef0, L_0x7ff84f029540, C4<0>, C4<0>;
L_0x7ff84f0293e0 .functor AND 1, L_0x7ff84f029750, v0x7ff84f025520_0, C4<1>, C4<1>;
L_0x7ff84f029a20 .functor AND 1, L_0x7ff84f0295f0, v0x7ff84f0255d0_0, C4<1>, C4<1>;
L_0x7ff84f029ad0 .functor OR 1, L_0x7ff84f0293e0, L_0x7ff84f029a20, C4<0>, C4<0>;
L_0x7ff84f029830 .functor AND 1, L_0x7ff84f029960, v0x7ff84f025520_0, C4<1>, C4<1>;
L_0x7ff84f029ef0 .functor AND 1, L_0x7ff84f029e50, v0x7ff84f0255d0_0, C4<1>, C4<1>;
L_0x7ff84f02a040 .functor OR 1, L_0x7ff84f029830, L_0x7ff84f029ef0, C4<0>, C4<0>;
L_0x7ff84f029d10 .functor AND 1, L_0x7ff84f027a30, v0x7ff84f025520_0, C4<1>, C4<1>;
L_0x7ff84f029fa0 .functor AND 1, L_0x7ff84f029d80, v0x7ff84f0255d0_0, C4<1>, C4<1>;
L_0x7ff84f02a570 .functor OR 1, L_0x7ff84f029d10, L_0x7ff84f029fa0, C4<0>, C4<0>;
L_0x7ff84f02a2f0 .functor AND 1, L_0x7ff84f02a440, v0x7ff84f025520_0, C4<1>, C4<1>;
L_0x7ff84f02a940 .functor AND 1, L_0x7ff84f02a3a0, v0x7ff84f0255d0_0, C4<1>, C4<1>;
L_0x7ff84f02a6a0 .functor OR 1, L_0x7ff84f02a2f0, L_0x7ff84f02a940, C4<0>, C4<0>;
L_0x7ff84f028360 .functor AND 1, L_0x7ff84f02ab40, v0x7ff84f025520_0, C4<1>, C4<1>;
L_0x7ff84f02aa90 .functor AND 1, L_0x7ff84f02a9f0, v0x7ff84f0255d0_0, C4<1>, C4<1>;
L_0x7ff84f027fb0 .functor OR 1, L_0x7ff84f028360, L_0x7ff84f02aa90, C4<0>, C4<0>;
L_0x7ff84f0281f0 .functor AND 1, L_0x7ff84f028410, v0x7ff84f025520_0, C4<1>, C4<1>;
L_0x7ff84f02ade0 .functor AND 1, L_0x7ff84f02a7d0, v0x7ff84f0255d0_0, C4<1>, C4<1>;
L_0x7ff84f02ae90 .functor OR 1, L_0x7ff84f0281f0, L_0x7ff84f02ade0, C4<0>, C4<0>;
L_0x7ff84de63008 .functor BUFT 1, C4<000>, C4<0>, C4<0>, C4<0>;
v0x7ff84f0192f0_0 .net/2u *"_ivl_0", 2 0, L_0x7ff84de63008;  1 drivers
v0x7ff84f019390_0 .net *"_ivl_101", 0 0, L_0x7ff84f0268e0;  1 drivers
L_0x7ff84de634d0 .functor BUFT 1, C4<0000000000000000>, C4<0>, C4<0>, C4<0>;
v0x7ff84f019430_0 .net/2u *"_ivl_102", 15 0, L_0x7ff84de634d0;  1 drivers
v0x7ff84f0194c0_0 .net *"_ivl_104", 15 0, L_0x7ff84f027c10;  1 drivers
L_0x7ff84de63518 .functor BUFT 1, C4<110>, C4<0>, C4<0>, C4<0>;
v0x7ff84f019570_0 .net/2u *"_ivl_108", 2 0, L_0x7ff84de63518;  1 drivers
v0x7ff84f019660_0 .net *"_ivl_11", 0 0, L_0x7ff84f0259d0;  1 drivers
v0x7ff84f019700_0 .net *"_ivl_110", 0 0, L_0x7ff84f027ed0;  1 drivers
v0x7ff84f0197a0_0 .net *"_ivl_113", 0 0, L_0x7ff84f026510;  1 drivers
L_0x7ff84de63560 .functor BUFT 1, C4<110>, C4<0>, C4<0>, C4<0>;
v0x7ff84f019840_0 .net/2u *"_ivl_114", 2 0, L_0x7ff84de63560;  1 drivers
v0x7ff84f019950_0 .net *"_ivl_116", 0 0, L_0x7ff84f028280;  1 drivers
v0x7ff84f0199f0_0 .net *"_ivl_119", 0 0, L_0x7ff84f026770;  1 drivers
L_0x7ff84de63098 .functor BUFT 1, C4<0000000000000000>, C4<0>, C4<0>, C4<0>;
v0x7ff84f019a90_0 .net/2u *"_ivl_12", 15 0, L_0x7ff84de63098;  1 drivers
L_0x7ff84de635a8 .functor BUFT 1, C4<0000000000000000>, C4<0>, C4<0>, C4<0>;
v0x7ff84f019b40_0 .net/2u *"_ivl_120", 15 0, L_0x7ff84de635a8;  1 drivers
v0x7ff84f019bf0_0 .net *"_ivl_122", 15 0, L_0x7ff84f028520;  1 drivers
L_0x7ff84de635f0 .functor BUFT 1, C4<111>, C4<0>, C4<0>, C4<0>;
v0x7ff84f019ca0_0 .net/2u *"_ivl_126", 2 0, L_0x7ff84de635f0;  1 drivers
v0x7ff84f019d50_0 .net *"_ivl_128", 0 0, L_0x7ff84f0288a0;  1 drivers
v0x7ff84f019df0_0 .net *"_ivl_131", 0 0, L_0x7ff84f028a30;  1 drivers
L_0x7ff84de63638 .functor BUFT 1, C4<111>, C4<0>, C4<0>, C4<0>;
v0x7ff84f019f80_0 .net/2u *"_ivl_132", 2 0, L_0x7ff84de63638;  1 drivers
v0x7ff84f01a010_0 .net *"_ivl_134", 0 0, L_0x7ff84f0285c0;  1 drivers
v0x7ff84f01a0a0_0 .net *"_ivl_137", 0 0, L_0x7ff84f028aa0;  1 drivers
L_0x7ff84de63680 .functor BUFT 1, C4<0000000000000000>, C4<0>, C4<0>, C4<0>;
v0x7ff84f01a140_0 .net/2u *"_ivl_138", 15 0, L_0x7ff84de63680;  1 drivers
v0x7ff84f01a1f0_0 .net *"_ivl_14", 15 0, L_0x7ff84f025ae0;  1 drivers
v0x7ff84f01a2a0_0 .net *"_ivl_140", 15 0, L_0x7ff84f028b50;  1 drivers
L_0x7ff84de636c8 .functor BUFT 1, C4<000>, C4<0>, C4<0>, C4<0>;
v0x7ff84f01a350_0 .net/2u *"_ivl_144", 2 0, L_0x7ff84de636c8;  1 drivers
v0x7ff84f01a400_0 .net *"_ivl_146", 0 0, L_0x7ff84f028e10;  1 drivers
v0x7ff84f01a4a0_0 .net *"_ivl_149", 0 0, L_0x7ff84f028bf0;  1 drivers
L_0x7ff84de63710 .functor BUFT 1, C4<000>, C4<0>, C4<0>, C4<0>;
v0x7ff84f01a540_0 .net/2u *"_ivl_150", 2 0, L_0x7ff84de63710;  1 drivers
v0x7ff84f01a5f0_0 .net *"_ivl_152", 0 0, L_0x7ff84f029090;  1 drivers
v0x7ff84f01a690_0 .net *"_ivl_155", 0 0, L_0x7ff84f026650;  1 drivers
L_0x7ff84de63758 .functor BUFT 1, C4<001>, C4<0>, C4<0>, C4<0>;
v0x7ff84f01a730_0 .net/2u *"_ivl_158", 2 0, L_0x7ff84de63758;  1 drivers
v0x7ff84f01a7e0_0 .net *"_ivl_160", 0 0, L_0x7ff84f029340;  1 drivers
v0x7ff84f01a880_0 .net *"_ivl_163", 0 0, L_0x7ff84f028ef0;  1 drivers
L_0x7ff84de637a0 .functor BUFT 1, C4<001>, C4<0>, C4<0>, C4<0>;
v0x7ff84f01a920_0 .net/2u *"_ivl_164", 2 0, L_0x7ff84de637a0;  1 drivers
v0x7ff84f019ea0_0 .net *"_ivl_166", 0 0, L_0x7ff84f028f60;  1 drivers
v0x7ff84f01abb0_0 .net *"_ivl_169", 0 0, L_0x7ff84f029540;  1 drivers
L_0x7ff84de637e8 .functor BUFT 1, C4<010>, C4<0>, C4<0>, C4<0>;
v0x7ff84f01ac40_0 .net/2u *"_ivl_172", 2 0, L_0x7ff84de637e8;  1 drivers
v0x7ff84f01acd0_0 .net *"_ivl_174", 0 0, L_0x7ff84f029750;  1 drivers
v0x7ff84f01ad60_0 .net *"_ivl_177", 0 0, L_0x7ff84f0293e0;  1 drivers
L_0x7ff84de63830 .functor BUFT 1, C4<010>, C4<0>, C4<0>, C4<0>;
v0x7ff84f01ae00_0 .net/2u *"_ivl_178", 2 0, L_0x7ff84de63830;  1 drivers
L_0x7ff84de630e0 .functor BUFT 1, C4<001>, C4<0>, C4<0>, C4<0>;
v0x7ff84f01aeb0_0 .net/2u *"_ivl_18", 2 0, L_0x7ff84de630e0;  1 drivers
v0x7ff84f01af60_0 .net *"_ivl_180", 0 0, L_0x7ff84f0295f0;  1 drivers
v0x7ff84f01b000_0 .net *"_ivl_183", 0 0, L_0x7ff84f029a20;  1 drivers
L_0x7ff84de63878 .functor BUFT 1, C4<011>, C4<0>, C4<0>, C4<0>;
v0x7ff84f01b0a0_0 .net/2u *"_ivl_186", 2 0, L_0x7ff84de63878;  1 drivers
v0x7ff84f01b150_0 .net *"_ivl_188", 0 0, L_0x7ff84f029960;  1 drivers
v0x7ff84f01b1f0_0 .net *"_ivl_191", 0 0, L_0x7ff84f029830;  1 drivers
L_0x7ff84de638c0 .functor BUFT 1, C4<011>, C4<0>, C4<0>, C4<0>;
v0x7ff84f01b290_0 .net/2u *"_ivl_192", 2 0, L_0x7ff84de638c0;  1 drivers
v0x7ff84f01b340_0 .net *"_ivl_194", 0 0, L_0x7ff84f029e50;  1 drivers
v0x7ff84f01b3e0_0 .net *"_ivl_197", 0 0, L_0x7ff84f029ef0;  1 drivers
v0x7ff84f01b480_0 .net *"_ivl_2", 0 0, L_0x7ff84f0256a0;  1 drivers
v0x7ff84f01b520_0 .net *"_ivl_20", 0 0, L_0x7ff84f025e20;  1 drivers
L_0x7ff84de63908 .functor BUFT 1, C4<100>, C4<0>, C4<0>, C4<0>;
v0x7ff84f01b5c0_0 .net/2u *"_ivl_200", 2 0, L_0x7ff84de63908;  1 drivers
v0x7ff84f01b670_0 .net *"_ivl_202", 0 0, L_0x7ff84f027a30;  1 drivers
v0x7ff84f01b710_0 .net *"_ivl_205", 0 0, L_0x7ff84f029d10;  1 drivers
L_0x7ff84de63950 .functor BUFT 1, C4<100>, C4<0>, C4<0>, C4<0>;
v0x7ff84f01b7b0_0 .net/2u *"_ivl_206", 2 0, L_0x7ff84de63950;  1 drivers
v0x7ff84f01b860_0 .net *"_ivl_208", 0 0, L_0x7ff84f029d80;  1 drivers
v0x7ff84f01b900_0 .net *"_ivl_211", 0 0, L_0x7ff84f029fa0;  1 drivers
L_0x7ff84de63998 .functor BUFT 1, C4<101>, C4<0>, C4<0>, C4<0>;
v0x7ff84f01b9a0_0 .net/2u *"_ivl_214", 2 0, L_0x7ff84de63998;  1 drivers
v0x7ff84f01ba50_0 .net *"_ivl_216", 0 0, L_0x7ff84f02a440;  1 drivers
v0x7ff84f01baf0_0 .net *"_ivl_219", 0 0, L_0x7ff84f02a2f0;  1 drivers
L_0x7ff84de639e0 .functor BUFT 1, C4<101>, C4<0>, C4<0>, C4<0>;
v0x7ff84f01bb90_0 .net/2u *"_ivl_220", 2 0, L_0x7ff84de639e0;  1 drivers
v0x7ff84f01bc40_0 .net *"_ivl_222", 0 0, L_0x7ff84f02a3a0;  1 drivers
v0x7ff84f01bce0_0 .net *"_ivl_225", 0 0, L_0x7ff84f02a940;  1 drivers
L_0x7ff84de63a28 .functor BUFT 1, C4<110>, C4<0>, C4<0>, C4<0>;
v0x7ff84f01bd80_0 .net/2u *"_ivl_228", 2 0, L_0x7ff84de63a28;  1 drivers
v0x7ff84f01be30_0 .net *"_ivl_23", 0 0, L_0x7ff84f025f30;  1 drivers
v0x7ff84f01bed0_0 .net *"_ivl_230", 0 0, L_0x7ff84f02ab40;  1 drivers
v0x7ff84f01a9c0_0 .net *"_ivl_233", 0 0, L_0x7ff84f028360;  1 drivers
L_0x7ff84de63a70 .functor BUFT 1, C4<110>, C4<0>, C4<0>, C4<0>;
v0x7ff84f01aa60_0 .net/2u *"_ivl_234", 2 0, L_0x7ff84de63a70;  1 drivers
v0x7ff84f01ab10_0 .net *"_ivl_236", 0 0, L_0x7ff84f02a9f0;  1 drivers
v0x7ff84f01bf60_0 .net *"_ivl_239", 0 0, L_0x7ff84f02aa90;  1 drivers
L_0x7ff84de63128 .functor BUFT 1, C4<001>, C4<0>, C4<0>, C4<0>;
v0x7ff84f01c000_0 .net/2u *"_ivl_24", 2 0, L_0x7ff84de63128;  1 drivers
L_0x7ff84de63ab8 .functor BUFT 1, C4<111>, C4<0>, C4<0>, C4<0>;
v0x7ff84f01c0b0_0 .net/2u *"_ivl_242", 2 0, L_0x7ff84de63ab8;  1 drivers
v0x7ff84f01c160_0 .net *"_ivl_244", 0 0, L_0x7ff84f028410;  1 drivers
v0x7ff84f01c200_0 .net *"_ivl_247", 0 0, L_0x7ff84f0281f0;  1 drivers
L_0x7ff84de63b00 .functor BUFT 1, C4<111>, C4<0>, C4<0>, C4<0>;
v0x7ff84f01c2a0_0 .net/2u *"_ivl_248", 2 0, L_0x7ff84de63b00;  1 drivers
v0x7ff84f01c350_0 .net *"_ivl_250", 0 0, L_0x7ff84f02a7d0;  1 drivers
v0x7ff84f01c3f0_0 .net *"_ivl_253", 0 0, L_0x7ff84f02ade0;  1 drivers
L_0x7ff84de63b48 .functor BUFT 1, C4<000>, C4<0>, C4<0>, C4<0>;
v0x7ff84f01c490_0 .net/2u *"_ivl_256", 2 0, L_0x7ff84de63b48;  1 drivers
v0x7ff84f01c540_0 .net *"_ivl_258", 0 0, L_0x7ff84f02c240;  1 drivers
v0x7ff84f01c5e0_0 .net *"_ivl_26", 0 0, L_0x7ff84f026020;  1 drivers
v0x7ff84f01c680_0 .net *"_ivl_260", 15 0, L_0x7ff84f02b680;  1 drivers
L_0x7ff84de63b90 .functor BUFT 1, C4<001>, C4<0>, C4<0>, C4<0>;
v0x7ff84f01c730_0 .net/2u *"_ivl_262", 2 0, L_0x7ff84de63b90;  1 drivers
v0x7ff84f01c7e0_0 .net *"_ivl_264", 0 0, L_0x7ff84f02b720;  1 drivers
v0x7ff84f01c880_0 .net *"_ivl_266", 15 0, L_0x7ff84f02c560;  1 drivers
L_0x7ff84de63bd8 .functor BUFT 1, C4<010>, C4<0>, C4<0>, C4<0>;
v0x7ff84f01c930_0 .net/2u *"_ivl_268", 2 0, L_0x7ff84de63bd8;  1 drivers
v0x7ff84f01c9e0_0 .net *"_ivl_270", 0 0, L_0x7ff84f02c600;  1 drivers
v0x7ff84f01ca80_0 .net *"_ivl_272", 15 0, L_0x7ff84f02c3c0;  1 drivers
L_0x7ff84de63c20 .functor BUFT 1, C4<011>, C4<0>, C4<0>, C4<0>;
v0x7ff84f01cb30_0 .net/2u *"_ivl_274", 2 0, L_0x7ff84de63c20;  1 drivers
v0x7ff84f01cbe0_0 .net *"_ivl_276", 0 0, L_0x7ff84f02c480;  1 drivers
v0x7ff84f01cc80_0 .net *"_ivl_278", 15 0, L_0x7ff84f02c720;  1 drivers
L_0x7ff84de63c68 .functor BUFT 1, C4<100>, C4<0>, C4<0>, C4<0>;
v0x7ff84f01cd30_0 .net/2u *"_ivl_280", 2 0, L_0x7ff84de63c68;  1 drivers
v0x7ff84f01cde0_0 .net *"_ivl_282", 0 0, L_0x7ff84f02c7c0;  1 drivers
v0x7ff84f01ce80_0 .net *"_ivl_284", 15 0, L_0x7ff84f02cae0;  1 drivers
L_0x7ff84de63cb0 .functor BUFT 1, C4<101>, C4<0>, C4<0>, C4<0>;
v0x7ff84f01cf30_0 .net/2u *"_ivl_286", 2 0, L_0x7ff84de63cb0;  1 drivers
v0x7ff84f01cfe0_0 .net *"_ivl_288", 0 0, L_0x7ff84f02cba0;  1 drivers
v0x7ff84f01d080_0 .net *"_ivl_29", 0 0, L_0x7ff84f026100;  1 drivers
v0x7ff84f01d120_0 .net *"_ivl_290", 15 0, L_0x7ff84f02c910;  1 drivers
L_0x7ff84de63cf8 .functor BUFT 1, C4<110>, C4<0>, C4<0>, C4<0>;
v0x7ff84f01d1d0_0 .net/2u *"_ivl_292", 2 0, L_0x7ff84de63cf8;  1 drivers
v0x7ff84f01d280_0 .net *"_ivl_294", 0 0, L_0x7ff84f02c9d0;  1 drivers
v0x7ff84f01d320_0 .net *"_ivl_296", 15 0, L_0x7ff84f02cca0;  1 drivers
v0x7ff84f01d3d0_0 .net *"_ivl_298", 15 0, L_0x7ff84f02cd40;  1 drivers
L_0x7ff84de63170 .functor BUFT 1, C4<0000000000000000>, C4<0>, C4<0>, C4<0>;
v0x7ff84f01d480_0 .net/2u *"_ivl_30", 15 0, L_0x7ff84de63170;  1 drivers
v0x7ff84f01d530_0 .net *"_ivl_300", 15 0, L_0x7ff84f02cde0;  1 drivers
v0x7ff84f01d5e0_0 .net *"_ivl_302", 15 0, L_0x7ff84f02d200;  1 drivers
v0x7ff84f01d690_0 .net *"_ivl_304", 15 0, L_0x7ff84f02d040;  1 drivers
v0x7ff84f01d740_0 .net *"_ivl_306", 15 0, L_0x7ff84f02d4b0;  1 drivers
v0x7ff84f01d7f0_0 .net *"_ivl_308", 15 0, L_0x7ff84f02d360;  1 drivers
v0x7ff84f01d8a0_0 .net *"_ivl_310", 15 0, L_0x7ff84f02d7b0;  1 drivers
L_0x7ff84de63d40 .functor BUFT 1, C4<000>, C4<0>, C4<0>, C4<0>;
v0x7ff84f01d950_0 .net/2u *"_ivl_314", 2 0, L_0x7ff84de63d40;  1 drivers
v0x7ff84f01da00_0 .net *"_ivl_316", 0 0, L_0x7ff84f02da80;  1 drivers
v0x7ff84f01daa0_0 .net *"_ivl_318", 15 0, L_0x7ff84f02d850;  1 drivers
v0x7ff84f01db50_0 .net *"_ivl_32", 15 0, L_0x7ff84f0261b0;  1 drivers
L_0x7ff84de63d88 .functor BUFT 1, C4<001>, C4<0>, C4<0>, C4<0>;
v0x7ff84f01dc00_0 .net/2u *"_ivl_320", 2 0, L_0x7ff84de63d88;  1 drivers
v0x7ff84f01dcb0_0 .net *"_ivl_322", 0 0, L_0x7ff84f02dde0;  1 drivers
v0x7ff84f01dd50_0 .net *"_ivl_324", 15 0, L_0x7ff84f02dba0;  1 drivers
L_0x7ff84de63dd0 .functor BUFT 1, C4<010>, C4<0>, C4<0>, C4<0>;
v0x7ff84f01de00_0 .net/2u *"_ivl_326", 2 0, L_0x7ff84de63dd0;  1 drivers
v0x7ff84f01deb0_0 .net *"_ivl_328", 0 0, L_0x7ff84f02e0d0;  1 drivers
v0x7ff84f01df50_0 .net *"_ivl_330", 15 0, L_0x7ff84f02de80;  1 drivers
L_0x7ff84de63e18 .functor BUFT 1, C4<011>, C4<0>, C4<0>, C4<0>;
v0x7ff84f01e000_0 .net/2u *"_ivl_332", 2 0, L_0x7ff84de63e18;  1 drivers
v0x7ff84f01e0b0_0 .net *"_ivl_334", 0 0, L_0x7ff84f02e450;  1 drivers
v0x7ff84f01e150_0 .net *"_ivl_336", 15 0, L_0x7ff84f02e1f0;  1 drivers
L_0x7ff84de63e60 .functor BUFT 1, C4<100>, C4<0>, C4<0>, C4<0>;
v0x7ff84f01e200_0 .net/2u *"_ivl_338", 2 0, L_0x7ff84de63e60;  1 drivers
v0x7ff84f01e2b0_0 .net *"_ivl_340", 0 0, L_0x7ff84f02e760;  1 drivers
v0x7ff84f01e350_0 .net *"_ivl_342", 15 0, L_0x7ff84f02e4f0;  1 drivers
L_0x7ff84de63ea8 .functor BUFT 1, C4<101>, C4<0>, C4<0>, C4<0>;
v0x7ff84f01e400_0 .net/2u *"_ivl_344", 2 0, L_0x7ff84de63ea8;  1 drivers
v0x7ff84f01e4b0_0 .net *"_ivl_346", 0 0, L_0x7ff84f02ea80;  1 drivers
v0x7ff84f01e550_0 .net *"_ivl_348", 15 0, L_0x7ff84f02e800;  1 drivers
L_0x7ff84de63ef0 .functor BUFT 1, C4<110>, C4<0>, C4<0>, C4<0>;
v0x7ff84f01e600_0 .net/2u *"_ivl_350", 2 0, L_0x7ff84de63ef0;  1 drivers
v0x7ff84f01e6b0_0 .net *"_ivl_352", 0 0, L_0x7ff84f02edb0;  1 drivers
v0x7ff84f01e750_0 .net *"_ivl_354", 15 0, L_0x7ff84f02eb20;  1 drivers
v0x7ff84f01e800_0 .net *"_ivl_356", 15 0, L_0x7ff84f02ecc0;  1 drivers
v0x7ff84f01e8b0_0 .net *"_ivl_358", 15 0, L_0x7ff84f02f380;  1 drivers
L_0x7ff84de631b8 .functor BUFT 1, C4<010>, C4<0>, C4<0>, C4<0>;
v0x7ff84f01e960_0 .net/2u *"_ivl_36", 2 0, L_0x7ff84de631b8;  1 drivers
v0x7ff84f01ea10_0 .net *"_ivl_360", 15 0, L_0x7ff84f02f420;  1 drivers
v0x7ff84f01eac0_0 .net *"_ivl_362", 15 0, L_0x7ff84f02ef50;  1 drivers
v0x7ff84f01eb70_0 .net *"_ivl_364", 15 0, L_0x7ff84f02eff0;  1 drivers
v0x7ff84f01ec20_0 .net *"_ivl_366", 15 0, L_0x7ff84f02f090;  1 drivers
v0x7ff84f01ecd0_0 .net *"_ivl_368", 15 0, L_0x7ff84f02f130;  1 drivers
L_0x7ff84de63f38 .functor BUFT 1, C4<000>, C4<0>, C4<0>, C4<0>;
v0x7ff84f01ed80_0 .net/2u *"_ivl_372", 2 0, L_0x7ff84de63f38;  1 drivers
v0x7ff84f01ee30_0 .net *"_ivl_374", 0 0, L_0x7ff84f02f840;  1 drivers
v0x7ff84f01eed0_0 .net *"_ivl_376", 15 0, L_0x7ff84f02f4c0;  1 drivers
L_0x7ff84de63f80 .functor BUFT 1, C4<001>, C4<0>, C4<0>, C4<0>;
v0x7ff84f01ef80_0 .net/2u *"_ivl_378", 2 0, L_0x7ff84de63f80;  1 drivers
v0x7ff84f01f030_0 .net *"_ivl_38", 0 0, L_0x7ff84f026470;  1 drivers
v0x7ff84f01f0d0_0 .net *"_ivl_380", 0 0, L_0x7ff84f02f560;  1 drivers
v0x7ff84f01f170_0 .net *"_ivl_382", 15 0, L_0x7ff84f02f640;  1 drivers
L_0x7ff84de63fc8 .functor BUFT 1, C4<010>, C4<0>, C4<0>, C4<0>;
v0x7ff84f01f220_0 .net/2u *"_ivl_384", 2 0, L_0x7ff84de63fc8;  1 drivers
v0x7ff84f01f2d0_0 .net *"_ivl_386", 0 0, L_0x7ff84f02f6e0;  1 drivers
v0x7ff84f01f370_0 .net *"_ivl_388", 15 0, L_0x7ff84f02f920;  1 drivers
L_0x7ff84de64010 .functor BUFT 1, C4<011>, C4<0>, C4<0>, C4<0>;
v0x7ff84f01f420_0 .net/2u *"_ivl_390", 2 0, L_0x7ff84de64010;  1 drivers
v0x7ff84f01f4d0_0 .net *"_ivl_392", 0 0, L_0x7ff84f02f9c0;  1 drivers
v0x7ff84f01f570_0 .net *"_ivl_394", 15 0, L_0x7ff84f02faa0;  1 drivers
L_0x7ff84de64058 .functor BUFT 1, C4<100>, C4<0>, C4<0>, C4<0>;
v0x7ff84f01f620_0 .net/2u *"_ivl_396", 2 0, L_0x7ff84de64058;  1 drivers
v0x7ff84f01f6d0_0 .net *"_ivl_398", 0 0, L_0x7ff84f02fb40;  1 drivers
v0x7ff84f01f770_0 .net *"_ivl_400", 15 0, L_0x7ff84f02ffd0;  1 drivers
L_0x7ff84de640a0 .functor BUFT 1, C4<101>, C4<0>, C4<0>, C4<0>;
v0x7ff84f01f820_0 .net/2u *"_ivl_402", 2 0, L_0x7ff84de640a0;  1 drivers
v0x7ff84f01f8d0_0 .net *"_ivl_404", 0 0, L_0x7ff84f030070;  1 drivers
v0x7ff84f01f970_0 .net *"_ivl_406", 15 0, L_0x7ff84f02fca0;  1 drivers
L_0x7ff84de640e8 .functor BUFT 1, C4<110>, C4<0>, C4<0>, C4<0>;
v0x7ff84f01fa20_0 .net/2u *"_ivl_408", 2 0, L_0x7ff84de640e8;  1 drivers
v0x7ff84f01fad0_0 .net *"_ivl_41", 0 0, L_0x7ff84f0265e0;  1 drivers
v0x7ff84f01fb70_0 .net *"_ivl_410", 0 0, L_0x7ff84f02fd40;  1 drivers
v0x7ff84f01fc10_0 .net *"_ivl_412", 15 0, L_0x7ff84f02ff20;  1 drivers
v0x7ff84f01fcc0_0 .net *"_ivl_414", 15 0, L_0x7ff84f0304a0;  1 drivers
v0x7ff84f01fd70_0 .net *"_ivl_416", 15 0, L_0x7ff84f030150;  1 drivers
v0x7ff84f01fe20_0 .net *"_ivl_418", 15 0, L_0x7ff84f030230;  1 drivers
L_0x7ff84de63200 .functor BUFT 1, C4<010>, C4<0>, C4<0>, C4<0>;
v0x7ff84f01fed0_0 .net/2u *"_ivl_42", 2 0, L_0x7ff84de63200;  1 drivers
v0x7ff84f01ff80_0 .net *"_ivl_420", 15 0, L_0x7ff84f030390;  1 drivers
v0x7ff84f020030_0 .net *"_ivl_422", 15 0, L_0x7ff84f030930;  1 drivers
v0x7ff84f0200e0_0 .net *"_ivl_424", 15 0, L_0x7ff84f030600;  1 drivers
v0x7ff84f020190_0 .net *"_ivl_426", 15 0, L_0x7ff84f030760;  1 drivers
L_0x7ff84de64130 .functor BUFT 1, C4<000>, C4<0>, C4<0>, C4<0>;
v0x7ff84f020240_0 .net/2u *"_ivl_430", 2 0, L_0x7ff84de64130;  1 drivers
v0x7ff84f0202f0_0 .net *"_ivl_432", 0 0, L_0x7ff84f030f40;  1 drivers
v0x7ff84f020390_0 .net *"_ivl_434", 15 0, L_0x7ff84f0309d0;  1 drivers
L_0x7ff84de64178 .functor BUFT 1, C4<001>, C4<0>, C4<0>, C4<0>;
v0x7ff84f020440_0 .net/2u *"_ivl_436", 2 0, L_0x7ff84de64178;  1 drivers
v0x7ff84f0204f0_0 .net *"_ivl_438", 0 0, L_0x7ff84f030a70;  1 drivers
v0x7ff84f020590_0 .net *"_ivl_44", 0 0, L_0x7ff84f0266d0;  1 drivers
v0x7ff84f020630_0 .net *"_ivl_440", 15 0, L_0x7ff84f030b10;  1 drivers
L_0x7ff84de641c0 .functor BUFT 1, C4<010>, C4<0>, C4<0>, C4<0>;
v0x7ff84f0206e0_0 .net/2u *"_ivl_442", 2 0, L_0x7ff84de641c0;  1 drivers
v0x7ff84f020790_0 .net *"_ivl_444", 0 0, L_0x7ff84f030bb0;  1 drivers
v0x7ff84f020830_0 .net *"_ivl_446", 15 0, L_0x7ff84f031420;  1 drivers
L_0x7ff84de64208 .functor BUFT 1, C4<011>, C4<0>, C4<0>, C4<0>;
v0x7ff84f0208e0_0 .net/2u *"_ivl_448", 2 0, L_0x7ff84de64208;  1 drivers
v0x7ff84f020990_0 .net *"_ivl_450", 0 0, L_0x7ff84f02a0f0;  1 drivers
v0x7ff84f020a30_0 .net *"_ivl_452", 15 0, L_0x7ff84f02a190;  1 drivers
L_0x7ff84de64250 .functor BUFT 1, C4<100>, C4<0>, C4<0>, C4<0>;
v0x7ff84f020ae0_0 .net/2u *"_ivl_454", 2 0, L_0x7ff84de64250;  1 drivers
v0x7ff84f020b90_0 .net *"_ivl_456", 0 0, L_0x7ff84f02a230;  1 drivers
v0x7ff84f020c30_0 .net *"_ivl_458", 15 0, L_0x7ff84f031060;  1 drivers
L_0x7ff84de64298 .functor BUFT 1, C4<101>, C4<0>, C4<0>, C4<0>;
v0x7ff84f020ce0_0 .net/2u *"_ivl_460", 2 0, L_0x7ff84de64298;  1 drivers
v0x7ff84f020d90_0 .net *"_ivl_462", 0 0, L_0x7ff84f031100;  1 drivers
v0x7ff84f020e30_0 .net *"_ivl_464", 15 0, L_0x7ff84f0311e0;  1 drivers
L_0x7ff84de642e0 .functor BUFT 1, C4<110>, C4<0>, C4<0>, C4<0>;
v0x7ff84f020ee0_0 .net/2u *"_ivl_466", 2 0, L_0x7ff84de642e0;  1 drivers
v0x7ff84f020f90_0 .net *"_ivl_468", 0 0, L_0x7ff84f031280;  1 drivers
v0x7ff84f021030_0 .net *"_ivl_47", 0 0, L_0x7ff84f0267f0;  1 drivers
v0x7ff84f0210d0_0 .net *"_ivl_470", 15 0, L_0x7ff84f0314c0;  1 drivers
v0x7ff84f021180_0 .net *"_ivl_472", 15 0, L_0x7ff84f031560;  1 drivers
v0x7ff84f021230_0 .net *"_ivl_474", 15 0, L_0x7ff84f031600;  1 drivers
v0x7ff84f0212e0_0 .net *"_ivl_476", 15 0, L_0x7ff84f0316e0;  1 drivers
v0x7ff84f021390_0 .net *"_ivl_478", 15 0, L_0x7ff84f0318f0;  1 drivers
L_0x7ff84de63248 .functor BUFT 1, C4<0000000000000000>, C4<0>, C4<0>, C4<0>;
v0x7ff84f021440_0 .net/2u *"_ivl_48", 15 0, L_0x7ff84de63248;  1 drivers
v0x7ff84f0214f0_0 .net *"_ivl_480", 15 0, L_0x7ff84f031a10;  1 drivers
v0x7ff84f0215a0_0 .net *"_ivl_482", 15 0, L_0x7ff84f031b70;  1 drivers
v0x7ff84f021650_0 .net *"_ivl_484", 15 0, L_0x7ff84f031cd0;  1 drivers
v0x7ff84f021700_0 .net *"_ivl_5", 0 0, L_0x7ff84f0257c0;  1 drivers
v0x7ff84f0217a0_0 .net *"_ivl_50", 15 0, L_0x7ff84f026960;  1 drivers
L_0x7ff84de63290 .functor BUFT 1, C4<011>, C4<0>, C4<0>, C4<0>;
v0x7ff84f021850_0 .net/2u *"_ivl_54", 2 0, L_0x7ff84de63290;  1 drivers
v0x7ff84f021900_0 .net *"_ivl_56", 0 0, L_0x7ff84f026c40;  1 drivers
v0x7ff84f0219a0_0 .net *"_ivl_59", 0 0, L_0x7ff84f026d50;  1 drivers
L_0x7ff84de63050 .functor BUFT 1, C4<000>, C4<0>, C4<0>, C4<0>;
v0x7ff84f021a40_0 .net/2u *"_ivl_6", 2 0, L_0x7ff84de63050;  1 drivers
L_0x7ff84de632d8 .functor BUFT 1, C4<011>, C4<0>, C4<0>, C4<0>;
v0x7ff84f021af0_0 .net/2u *"_ivl_60", 2 0, L_0x7ff84de632d8;  1 drivers
v0x7ff84f021ba0_0 .net *"_ivl_62", 0 0, L_0x7ff84f026e00;  1 drivers
v0x7ff84f021c40_0 .net *"_ivl_65", 0 0, L_0x7ff84f026ee0;  1 drivers
L_0x7ff84de63320 .functor BUFT 1, C4<0000000000000000>, C4<0>, C4<0>, C4<0>;
v0x7ff84f021ce0_0 .net/2u *"_ivl_66", 15 0, L_0x7ff84de63320;  1 drivers
v0x7ff84f021d90_0 .net *"_ivl_68", 15 0, L_0x7ff84f026f90;  1 drivers
L_0x7ff84de63368 .functor BUFT 1, C4<100>, C4<0>, C4<0>, C4<0>;
v0x7ff84f021e40_0 .net/2u *"_ivl_72", 2 0, L_0x7ff84de63368;  1 drivers
v0x7ff84f021ef0_0 .net *"_ivl_74", 0 0, L_0x7ff84f027250;  1 drivers
v0x7ff84f021f90_0 .net *"_ivl_77", 0 0, L_0x7ff84f0273c0;  1 drivers
L_0x7ff84de633b0 .functor BUFT 1, C4<100>, C4<0>, C4<0>, C4<0>;
v0x7ff84f022030_0 .net/2u *"_ivl_78", 2 0, L_0x7ff84de633b0;  1 drivers
v0x7ff84f0220e0_0 .net *"_ivl_8", 0 0, L_0x7ff84f0258b0;  1 drivers
v0x7ff84f022180_0 .net *"_ivl_80", 0 0, L_0x7ff84f027480;  1 drivers
v0x7ff84f022220_0 .net *"_ivl_83", 0 0, L_0x7ff84f027520;  1 drivers
L_0x7ff84de633f8 .functor BUFT 1, C4<0000000000000000>, C4<0>, C4<0>, C4<0>;
v0x7ff84f0222c0_0 .net/2u *"_ivl_84", 15 0, L_0x7ff84de633f8;  1 drivers
v0x7ff84f022370_0 .net *"_ivl_86", 15 0, L_0x7ff84f027590;  1 drivers
L_0x7ff84de63440 .functor BUFT 1, C4<101>, C4<0>, C4<0>, C4<0>;
v0x7ff84f022420_0 .net/2u *"_ivl_90", 2 0, L_0x7ff84de63440;  1 drivers
v0x7ff84f0224d0_0 .net *"_ivl_92", 0 0, L_0x7ff84f027830;  1 drivers
v0x7ff84f022570_0 .net *"_ivl_95", 0 0, L_0x7ff84f0279c0;  1 drivers
L_0x7ff84de63488 .functor BUFT 1, C4<101>, C4<0>, C4<0>, C4<0>;
v0x7ff84f022610_0 .net/2u *"_ivl_96", 2 0, L_0x7ff84de63488;  1 drivers
v0x7ff84f0226c0_0 .net *"_ivl_98", 0 0, L_0x7ff84f027b30;  1 drivers
v0x7ff84f022760_0 .net "clk", 0 0, v0x7ff84f0148f0_0;  1 drivers
v0x7ff84f0228f0_0 .net "gwe", 0 0, v0x7ff84f024900_0;  1 drivers
v0x7ff84f022a80_0 .net "i_rd_A", 2 0, v0x7ff84f024b50_0;  1 drivers
v0x7ff84f022b10_0 .net "i_rd_B", 2 0, v0x7ff84f024c10_0;  1 drivers
v0x7ff84f022ba0_0 .net "i_rd_we_A", 0 0, v0x7ff84f025520_0;  1 drivers
v0x7ff84f022c30_0 .net "i_rd_we_B", 0 0, v0x7ff84f0255d0_0;  1 drivers
v0x7ff84f022cc0_0 .net "i_rs_A", 2 0, v0x7ff84f024ca0_0;  1 drivers
v0x7ff84f022d50_0 .net "i_rs_B", 2 0, v0x7ff84f024d30_0;  1 drivers
v0x7ff84f022de0_0 .net "i_rt_A", 2 0, v0x7ff84f024fd0_0;  1 drivers
v0x7ff84f022e70_0 .net "i_rt_B", 2 0, v0x7ff84f025180_0;  1 drivers
v0x7ff84f022f00_0 .net "i_wdata_A", 15 0, v0x7ff84f0253c0_0;  1 drivers
v0x7ff84f022f90_0 .net "i_wdata_B", 15 0, v0x7ff84f025470_0;  1 drivers
v0x7ff84f023040_0 .net "o_rs_data_A", 15 0, L_0x7ff84f02d5d0;  alias, 1 drivers
v0x7ff84f0230f0_0 .net "o_rs_data_B", 15 0, L_0x7ff84f030da0;  alias, 1 drivers
v0x7ff84f0231a0_0 .net "o_rt_data_A", 15 0, L_0x7ff84f02f7a0;  alias, 1 drivers
v0x7ff84f023250_0 .net "o_rt_data_B", 15 0, L_0x7ff84f031e30;  alias, 1 drivers
v0x7ff84f023300_0 .net "r0_input", 15 0, L_0x7ff84f025c80;  1 drivers
v0x7ff84f0233c0_0 .net "r0_output", 15 0, L_0x7ff84f02b5d0;  1 drivers
v0x7ff84f023450_0 .net "r0_we", 0 0, L_0x7ff84f029170;  1 drivers
v0x7ff84f0234e0_0 .net "r1_input", 15 0, L_0x7ff84f026310;  1 drivers
v0x7ff84f023570_0 .net "r1_output", 15 0, L_0x7ff84f02b980;  1 drivers
v0x7ff84f023600_0 .net "r1_we", 0 0, L_0x7ff84f0296a0;  1 drivers
v0x7ff84f0236b0_0 .net "r2_input", 15 0, L_0x7ff84f026ae0;  1 drivers
v0x7ff84f023760_0 .net "r2_output", 15 0, L_0x7ff84f02bac0;  1 drivers
v0x7ff84f023810_0 .net "r2_we", 0 0, L_0x7ff84f029ad0;  1 drivers
v0x7ff84f0238c0_0 .net "r3_input", 15 0, L_0x7ff84f0270f0;  1 drivers
v0x7ff84f023970_0 .net "r3_output", 15 0, L_0x7ff84f02bc00;  1 drivers
v0x7ff84f023a20_0 .net "r3_we", 0 0, L_0x7ff84f02a040;  1 drivers
v0x7ff84f023ad0_0 .net "r4_input", 15 0, L_0x7ff84f0276d0;  1 drivers
v0x7ff84f023b80_0 .net "r4_output", 15 0, L_0x7ff84f02bd40;  1 drivers
v0x7ff84f023c30_0 .net "r4_we", 0 0, L_0x7ff84f02a570;  1 drivers
v0x7ff84f023ce0_0 .net "r5_input", 15 0, L_0x7ff84f027d70;  1 drivers
v0x7ff84f023d90_0 .net "r5_output", 15 0, L_0x7ff84f02be80;  1 drivers
v0x7ff84f023e40_0 .net "r5_we", 0 0, L_0x7ff84f02a6a0;  1 drivers
v0x7ff84f023ef0_0 .net "r6_input", 15 0, L_0x7ff84f0280b0;  1 drivers
v0x7ff84f023fa0_0 .net "r6_output", 15 0, L_0x7ff84f02bfc0;  1 drivers
v0x7ff84f024050_0 .net "r6_we", 0 0, L_0x7ff84f027fb0;  1 drivers
v0x7ff84f024100_0 .net "r7_input", 15 0, L_0x7ff84f028cf0;  1 drivers
v0x7ff84f0241b0_0 .net "r7_output", 15 0, L_0x7ff84f02c100;  1 drivers
v0x7ff84f024260_0 .net "r7_we", 0 0, L_0x7ff84f02ae90;  1 drivers
v0x7ff84f024310_0 .net "rst", 0 0, v0x7ff84f024f40_0;  1 drivers
L_0x7ff84f0256a0 .cmp/eq 3, v0x7ff84f024c10_0, L_0x7ff84de63008;
L_0x7ff84f0258b0 .cmp/eq 3, v0x7ff84f024b50_0, L_0x7ff84de63050;
L_0x7ff84f025ae0 .functor MUXZ 16, L_0x7ff84de63098, v0x7ff84f0253c0_0, L_0x7ff84f0259d0, C4<>;
L_0x7ff84f025c80 .functor MUXZ 16, L_0x7ff84f025ae0, v0x7ff84f025470_0, L_0x7ff84f0257c0, C4<>;
L_0x7ff84f025e20 .cmp/eq 3, v0x7ff84f024c10_0, L_0x7ff84de630e0;
L_0x7ff84f026020 .cmp/eq 3, v0x7ff84f024b50_0, L_0x7ff84de63128;
L_0x7ff84f0261b0 .functor MUXZ 16, L_0x7ff84de63170, v0x7ff84f0253c0_0, L_0x7ff84f026100, C4<>;
L_0x7ff84f026310 .functor MUXZ 16, L_0x7ff84f0261b0, v0x7ff84f025470_0, L_0x7ff84f025f30, C4<>;
L_0x7ff84f026470 .cmp/eq 3, v0x7ff84f024c10_0, L_0x7ff84de631b8;
L_0x7ff84f0266d0 .cmp/eq 3, v0x7ff84f024b50_0, L_0x7ff84de63200;
L_0x7ff84f026960 .functor MUXZ 16, L_0x7ff84de63248, v0x7ff84f0253c0_0, L_0x7ff84f0267f0, C4<>;
L_0x7ff84f026ae0 .functor MUXZ 16, L_0x7ff84f026960, v0x7ff84f025470_0, L_0x7ff84f0265e0, C4<>;
L_0x7ff84f026c40 .cmp/eq 3, v0x7ff84f024c10_0, L_0x7ff84de63290;
L_0x7ff84f026e00 .cmp/eq 3, v0x7ff84f024b50_0, L_0x7ff84de632d8;
L_0x7ff84f026f90 .functor MUXZ 16, L_0x7ff84de63320, v0x7ff84f0253c0_0, L_0x7ff84f026ee0, C4<>;
L_0x7ff84f0270f0 .functor MUXZ 16, L_0x7ff84f026f90, v0x7ff84f025470_0, L_0x7ff84f026d50, C4<>;
L_0x7ff84f027250 .cmp/eq 3, v0x7ff84f024c10_0, L_0x7ff84de63368;
L_0x7ff84f027480 .cmp/eq 3, v0x7ff84f024b50_0, L_0x7ff84de633b0;
L_0x7ff84f027590 .functor MUXZ 16, L_0x7ff84de633f8, v0x7ff84f0253c0_0, L_0x7ff84f027520, C4<>;
L_0x7ff84f0276d0 .functor MUXZ 16, L_0x7ff84f027590, v0x7ff84f025470_0, L_0x7ff84f0273c0, C4<>;
L_0x7ff84f027830 .cmp/eq 3, v0x7ff84f024c10_0, L_0x7ff84de63440;
L_0x7ff84f027b30 .cmp/eq 3, v0x7ff84f024b50_0, L_0x7ff84de63488;
L_0x7ff84f027c10 .functor MUXZ 16, L_0x7ff84de634d0, v0x7ff84f0253c0_0, L_0x7ff84f0268e0, C4<>;
L_0x7ff84f027d70 .functor MUXZ 16, L_0x7ff84f027c10, v0x7ff84f025470_0, L_0x7ff84f0279c0, C4<>;
L_0x7ff84f027ed0 .cmp/eq 3, v0x7ff84f024c10_0, L_0x7ff84de63518;
L_0x7ff84f028280 .cmp/eq 3, v0x7ff84f024b50_0, L_0x7ff84de63560;
L_0x7ff84f028520 .functor MUXZ 16, L_0x7ff84de635a8, v0x7ff84f0253c0_0, L_0x7ff84f026770, C4<>;
L_0x7ff84f0280b0 .functor MUXZ 16, L_0x7ff84f028520, v0x7ff84f025470_0, L_0x7ff84f026510, C4<>;
L_0x7ff84f0288a0 .cmp/eq 3, v0x7ff84f024c10_0, L_0x7ff84de635f0;
L_0x7ff84f0285c0 .cmp/eq 3, v0x7ff84f024b50_0, L_0x7ff84de63638;
L_0x7ff84f028b50 .functor MUXZ 16, L_0x7ff84de63680, v0x7ff84f0253c0_0, L_0x7ff84f028aa0, C4<>;
L_0x7ff84f028cf0 .functor MUXZ 16, L_0x7ff84f028b50, v0x7ff84f025470_0, L_0x7ff84f028a30, C4<>;
L_0x7ff84f028e10 .cmp/eq 3, v0x7ff84f024b50_0, L_0x7ff84de636c8;
L_0x7ff84f029090 .cmp/eq 3, v0x7ff84f024c10_0, L_0x7ff84de63710;
L_0x7ff84f029340 .cmp/eq 3, v0x7ff84f024b50_0, L_0x7ff84de63758;
L_0x7ff84f028f60 .cmp/eq 3, v0x7ff84f024c10_0, L_0x7ff84de637a0;
L_0x7ff84f029750 .cmp/eq 3, v0x7ff84f024b50_0, L_0x7ff84de637e8;
L_0x7ff84f0295f0 .cmp/eq 3, v0x7ff84f024c10_0, L_0x7ff84de63830;
L_0x7ff84f029960 .cmp/eq 3, v0x7ff84f024b50_0, L_0x7ff84de63878;
L_0x7ff84f029e50 .cmp/eq 3, v0x7ff84f024c10_0, L_0x7ff84de638c0;
L_0x7ff84f027a30 .cmp/eq 3, v0x7ff84f024b50_0, L_0x7ff84de63908;
L_0x7ff84f029d80 .cmp/eq 3, v0x7ff84f024c10_0, L_0x7ff84de63950;
L_0x7ff84f02a440 .cmp/eq 3, v0x7ff84f024b50_0, L_0x7ff84de63998;
L_0x7ff84f02a3a0 .cmp/eq 3, v0x7ff84f024c10_0, L_0x7ff84de639e0;
L_0x7ff84f02ab40 .cmp/eq 3, v0x7ff84f024b50_0, L_0x7ff84de63a28;
L_0x7ff84f02a9f0 .cmp/eq 3, v0x7ff84f024c10_0, L_0x7ff84de63a70;
L_0x7ff84f028410 .cmp/eq 3, v0x7ff84f024b50_0, L_0x7ff84de63ab8;
L_0x7ff84f02a7d0 .cmp/eq 3, v0x7ff84f024c10_0, L_0x7ff84de63b00;
L_0x7ff84f02c240 .cmp/eq 3, v0x7ff84f024ca0_0, L_0x7ff84de63b48;
L_0x7ff84f02b680 .functor MUXZ 16, L_0x7ff84f02b5d0, L_0x7ff84f025c80, L_0x7ff84f029170, C4<>;
L_0x7ff84f02b720 .cmp/eq 3, v0x7ff84f024ca0_0, L_0x7ff84de63b90;
L_0x7ff84f02c560 .functor MUXZ 16, L_0x7ff84f02b980, L_0x7ff84f026310, L_0x7ff84f0296a0, C4<>;
L_0x7ff84f02c600 .cmp/eq 3, v0x7ff84f024ca0_0, L_0x7ff84de63bd8;
L_0x7ff84f02c3c0 .functor MUXZ 16, L_0x7ff84f02bac0, L_0x7ff84f026ae0, L_0x7ff84f029ad0, C4<>;
L_0x7ff84f02c480 .cmp/eq 3, v0x7ff84f024ca0_0, L_0x7ff84de63c20;
L_0x7ff84f02c720 .functor MUXZ 16, L_0x7ff84f02bc00, L_0x7ff84f0270f0, L_0x7ff84f02a040, C4<>;
L_0x7ff84f02c7c0 .cmp/eq 3, v0x7ff84f024ca0_0, L_0x7ff84de63c68;
L_0x7ff84f02cae0 .functor MUXZ 16, L_0x7ff84f02bd40, L_0x7ff84f0276d0, L_0x7ff84f02a570, C4<>;
L_0x7ff84f02cba0 .cmp/eq 3, v0x7ff84f024ca0_0, L_0x7ff84de63cb0;
L_0x7ff84f02c910 .functor MUXZ 16, L_0x7ff84f02be80, L_0x7ff84f027d70, L_0x7ff84f02a6a0, C4<>;
L_0x7ff84f02c9d0 .cmp/eq 3, v0x7ff84f024ca0_0, L_0x7ff84de63cf8;
L_0x7ff84f02cca0 .functor MUXZ 16, L_0x7ff84f02bfc0, L_0x7ff84f0280b0, L_0x7ff84f027fb0, C4<>;
L_0x7ff84f02cd40 .functor MUXZ 16, L_0x7ff84f02c100, L_0x7ff84f028cf0, L_0x7ff84f02ae90, C4<>;
L_0x7ff84f02cde0 .functor MUXZ 16, L_0x7ff84f02cd40, L_0x7ff84f02cca0, L_0x7ff84f02c9d0, C4<>;
L_0x7ff84f02d200 .functor MUXZ 16, L_0x7ff84f02cde0, L_0x7ff84f02c910, L_0x7ff84f02cba0, C4<>;
L_0x7ff84f02d040 .functor MUXZ 16, L_0x7ff84f02d200, L_0x7ff84f02cae0, L_0x7ff84f02c7c0, C4<>;
L_0x7ff84f02d4b0 .functor MUXZ 16, L_0x7ff84f02d040, L_0x7ff84f02c720, L_0x7ff84f02c480, C4<>;
L_0x7ff84f02d360 .functor MUXZ 16, L_0x7ff84f02d4b0, L_0x7ff84f02c3c0, L_0x7ff84f02c600, C4<>;
L_0x7ff84f02d7b0 .functor MUXZ 16, L_0x7ff84f02d360, L_0x7ff84f02c560, L_0x7ff84f02b720, C4<>;
L_0x7ff84f02d5d0 .functor MUXZ 16, L_0x7ff84f02d7b0, L_0x7ff84f02b680, L_0x7ff84f02c240, C4<>;
L_0x7ff84f02da80 .cmp/eq 3, v0x7ff84f024fd0_0, L_0x7ff84de63d40;
L_0x7ff84f02d850 .functor MUXZ 16, L_0x7ff84f02b5d0, L_0x7ff84f025c80, L_0x7ff84f029170, C4<>;
L_0x7ff84f02dde0 .cmp/eq 3, v0x7ff84f024fd0_0, L_0x7ff84de63d88;
L_0x7ff84f02dba0 .functor MUXZ 16, L_0x7ff84f02b980, L_0x7ff84f026310, L_0x7ff84f0296a0, C4<>;
L_0x7ff84f02e0d0 .cmp/eq 3, v0x7ff84f024fd0_0, L_0x7ff84de63dd0;
L_0x7ff84f02de80 .functor MUXZ 16, L_0x7ff84f02bac0, L_0x7ff84f026ae0, L_0x7ff84f029ad0, C4<>;
L_0x7ff84f02e450 .cmp/eq 3, v0x7ff84f024fd0_0, L_0x7ff84de63e18;
L_0x7ff84f02e1f0 .functor MUXZ 16, L_0x7ff84f02bc00, L_0x7ff84f0270f0, L_0x7ff84f02a040, C4<>;
L_0x7ff84f02e760 .cmp/eq 3, v0x7ff84f024fd0_0, L_0x7ff84de63e60;
L_0x7ff84f02e4f0 .functor MUXZ 16, L_0x7ff84f02bd40, L_0x7ff84f0276d0, L_0x7ff84f02a570, C4<>;
L_0x7ff84f02ea80 .cmp/eq 3, v0x7ff84f024fd0_0, L_0x7ff84de63ea8;
L_0x7ff84f02e800 .functor MUXZ 16, L_0x7ff84f02be80, L_0x7ff84f027d70, L_0x7ff84f02a6a0, C4<>;
L_0x7ff84f02edb0 .cmp/eq 3, v0x7ff84f024fd0_0, L_0x7ff84de63ef0;
L_0x7ff84f02eb20 .functor MUXZ 16, L_0x7ff84f02bfc0, L_0x7ff84f0280b0, L_0x7ff84f027fb0, C4<>;
L_0x7ff84f02ecc0 .functor MUXZ 16, L_0x7ff84f02c100, L_0x7ff84f028cf0, L_0x7ff84f02ae90, C4<>;
L_0x7ff84f02f380 .functor MUXZ 16, L_0x7ff84f02ecc0, L_0x7ff84f02eb20, L_0x7ff84f02edb0, C4<>;
L_0x7ff84f02f420 .functor MUXZ 16, L_0x7ff84f02f380, L_0x7ff84f02e800, L_0x7ff84f02ea80, C4<>;
L_0x7ff84f02ef50 .functor MUXZ 16, L_0x7ff84f02f420, L_0x7ff84f02e4f0, L_0x7ff84f02e760, C4<>;
L_0x7ff84f02eff0 .functor MUXZ 16, L_0x7ff84f02ef50, L_0x7ff84f02e1f0, L_0x7ff84f02e450, C4<>;
L_0x7ff84f02f090 .functor MUXZ 16, L_0x7ff84f02eff0, L_0x7ff84f02de80, L_0x7ff84f02e0d0, C4<>;
L_0x7ff84f02f130 .functor MUXZ 16, L_0x7ff84f02f090, L_0x7ff84f02dba0, L_0x7ff84f02dde0, C4<>;
L_0x7ff84f02f7a0 .functor MUXZ 16, L_0x7ff84f02f130, L_0x7ff84f02d850, L_0x7ff84f02da80, C4<>;
L_0x7ff84f02f840 .cmp/eq 3, v0x7ff84f024d30_0, L_0x7ff84de63f38;
L_0x7ff84f02f4c0 .functor MUXZ 16, L_0x7ff84f02b5d0, L_0x7ff84f025c80, L_0x7ff84f029170, C4<>;
L_0x7ff84f02f560 .cmp/eq 3, v0x7ff84f024d30_0, L_0x7ff84de63f80;
L_0x7ff84f02f640 .functor MUXZ 16, L_0x7ff84f02b980, L_0x7ff84f026310, L_0x7ff84f0296a0, C4<>;
L_0x7ff84f02f6e0 .cmp/eq 3, v0x7ff84f024d30_0, L_0x7ff84de63fc8;
L_0x7ff84f02f920 .functor MUXZ 16, L_0x7ff84f02bac0, L_0x7ff84f026ae0, L_0x7ff84f029ad0, C4<>;
L_0x7ff84f02f9c0 .cmp/eq 3, v0x7ff84f024d30_0, L_0x7ff84de64010;
L_0x7ff84f02faa0 .functor MUXZ 16, L_0x7ff84f02bc00, L_0x7ff84f0270f0, L_0x7ff84f02a040, C4<>;
L_0x7ff84f02fb40 .cmp/eq 3, v0x7ff84f024d30_0, L_0x7ff84de64058;
L_0x7ff84f02ffd0 .functor MUXZ 16, L_0x7ff84f02bd40, L_0x7ff84f0276d0, L_0x7ff84f02a570, C4<>;
L_0x7ff84f030070 .cmp/eq 3, v0x7ff84f024d30_0, L_0x7ff84de640a0;
L_0x7ff84f02fca0 .functor MUXZ 16, L_0x7ff84f02be80, L_0x7ff84f027d70, L_0x7ff84f02a6a0, C4<>;
L_0x7ff84f02fd40 .cmp/eq 3, v0x7ff84f024d30_0, L_0x7ff84de640e8;
L_0x7ff84f02ff20 .functor MUXZ 16, L_0x7ff84f02bfc0, L_0x7ff84f0280b0, L_0x7ff84f027fb0, C4<>;
L_0x7ff84f0304a0 .functor MUXZ 16, L_0x7ff84f02c100, L_0x7ff84f028cf0, L_0x7ff84f02ae90, C4<>;
L_0x7ff84f030150 .functor MUXZ 16, L_0x7ff84f0304a0, L_0x7ff84f02ff20, L_0x7ff84f02fd40, C4<>;
L_0x7ff84f030230 .functor MUXZ 16, L_0x7ff84f030150, L_0x7ff84f02fca0, L_0x7ff84f030070, C4<>;
L_0x7ff84f030390 .functor MUXZ 16, L_0x7ff84f030230, L_0x7ff84f02ffd0, L_0x7ff84f02fb40, C4<>;
L_0x7ff84f030930 .functor MUXZ 16, L_0x7ff84f030390, L_0x7ff84f02faa0, L_0x7ff84f02f9c0, C4<>;
L_0x7ff84f030600 .functor MUXZ 16, L_0x7ff84f030930, L_0x7ff84f02f920, L_0x7ff84f02f6e0, C4<>;
L_0x7ff84f030760 .functor MUXZ 16, L_0x7ff84f030600, L_0x7ff84f02f640, L_0x7ff84f02f560, C4<>;
L_0x7ff84f030da0 .functor MUXZ 16, L_0x7ff84f030760, L_0x7ff84f02f4c0, L_0x7ff84f02f840, C4<>;
L_0x7ff84f030f40 .cmp/eq 3, v0x7ff84f025180_0, L_0x7ff84de64130;
L_0x7ff84f0309d0 .functor MUXZ 16, L_0x7ff84f02b5d0, L_0x7ff84f025c80, L_0x7ff84f029170, C4<>;
L_0x7ff84f030a70 .cmp/eq 3, v0x7ff84f025180_0, L_0x7ff84de64178;
L_0x7ff84f030b10 .functor MUXZ 16, L_0x7ff84f02b980, L_0x7ff84f026310, L_0x7ff84f0296a0, C4<>;
L_0x7ff84f030bb0 .cmp/eq 3, v0x7ff84f025180_0, L_0x7ff84de641c0;
L_0x7ff84f031420 .functor MUXZ 16, L_0x7ff84f02bac0, L_0x7ff84f026ae0, L_0x7ff84f029ad0, C4<>;
L_0x7ff84f02a0f0 .cmp/eq 3, v0x7ff84f025180_0, L_0x7ff84de64208;
L_0x7ff84f02a190 .functor MUXZ 16, L_0x7ff84f02bc00, L_0x7ff84f0270f0, L_0x7ff84f02a040, C4<>;
L_0x7ff84f02a230 .cmp/eq 3, v0x7ff84f025180_0, L_0x7ff84de64250;
L_0x7ff84f031060 .functor MUXZ 16, L_0x7ff84f02bd40, L_0x7ff84f0276d0, L_0x7ff84f02a570, C4<>;
L_0x7ff84f031100 .cmp/eq 3, v0x7ff84f025180_0, L_0x7ff84de64298;
L_0x7ff84f0311e0 .functor MUXZ 16, L_0x7ff84f02be80, L_0x7ff84f027d70, L_0x7ff84f02a6a0, C4<>;
L_0x7ff84f031280 .cmp/eq 3, v0x7ff84f025180_0, L_0x7ff84de642e0;
L_0x7ff84f0314c0 .functor MUXZ 16, L_0x7ff84f02bfc0, L_0x7ff84f0280b0, L_0x7ff84f027fb0, C4<>;
L_0x7ff84f031560 .functor MUXZ 16, L_0x7ff84f02c100, L_0x7ff84f028cf0, L_0x7ff84f02ae90, C4<>;
L_0x7ff84f031600 .functor MUXZ 16, L_0x7ff84f031560, L_0x7ff84f0314c0, L_0x7ff84f031280, C4<>;
L_0x7ff84f0316e0 .functor MUXZ 16, L_0x7ff84f031600, L_0x7ff84f0311e0, L_0x7ff84f031100, C4<>;
L_0x7ff84f0318f0 .functor MUXZ 16, L_0x7ff84f0316e0, L_0x7ff84f031060, L_0x7ff84f02a230, C4<>;
L_0x7ff84f031a10 .functor MUXZ 16, L_0x7ff84f0318f0, L_0x7ff84f02a190, L_0x7ff84f02a0f0, C4<>;
L_0x7ff84f031b70 .functor MUXZ 16, L_0x7ff84f031a10, L_0x7ff84f031420, L_0x7ff84f030bb0, C4<>;
L_0x7ff84f031cd0 .functor MUXZ 16, L_0x7ff84f031b70, L_0x7ff84f030b10, L_0x7ff84f030a70, C4<>;
L_0x7ff84f031e30 .functor MUXZ 16, L_0x7ff84f031cd0, L_0x7ff84f0309d0, L_0x7ff84f030f40, C4<>;
S_0x7ff84f014b20 .scope module, "r0" "Nbit_reg" 4 99, 5 14 0, S_0x7ff84f014610;
 .timescale -9 -12;
    .port_info 0 /INPUT 16 "in";
    .port_info 1 /OUTPUT 16 "out";
    .port_info 2 /INPUT 1 "clk";
    .port_info 3 /INPUT 1 "we";
    .port_info 4 /INPUT 1 "gwe";
    .port_info 5 /INPUT 1 "rst";
P_0x7ff84f014850 .param/l "n" 0 5 14, +C4<00000000000000000000000000010000>;
P_0x7ff84f014890 .param/l "r" 0 5 14, +C4<00000000000000000000000000000000>;
L_0x7ff84f02b5d0/d .functor BUFZ 16, v0x7ff84f015270_0, C4<0000000000000000>, C4<0000000000000000>, C4<0000000000000000>;
L_0x7ff84f02b5d0 .delay 16 (1000,1000,1000) L_0x7ff84f02b5d0/d;
v0x7ff84f014f30_0 .net "clk", 0 0, v0x7ff84f0148f0_0;  alias, 1 drivers
v0x7ff84f014fe0_0 .net "gwe", 0 0, v0x7ff84f024900_0;  alias, 1 drivers
v0x7ff84f015080_0 .net "in", 15 0, L_0x7ff84f025c80;  alias, 1 drivers
v0x7ff84f015110_0 .net "out", 15 0, L_0x7ff84f02b5d0;  alias, 1 drivers
v0x7ff84f0151a0_0 .net "rst", 0 0, v0x7ff84f024f40_0;  alias, 1 drivers
v0x7ff84f015270_0 .var "state", 15 0;
v0x7ff84f015300_0 .net "we", 0 0, L_0x7ff84f029170;  alias, 1 drivers
E_0x7ff84f014ee0 .event posedge, v0x7ff84f014f30_0;
S_0x7ff84f015430 .scope module, "r1" "Nbit_reg" 4 103, 5 14 0, S_0x7ff84f014610;
 .timescale -9 -12;
    .port_info 0 /INPUT 16 "in";
    .port_info 1 /OUTPUT 16 "out";
    .port_info 2 /INPUT 1 "clk";
    .port_info 3 /INPUT 1 "we";
    .port_info 4 /INPUT 1 "gwe";
    .port_info 5 /INPUT 1 "rst";
P_0x7ff84f0155f0 .param/l "n" 0 5 14, +C4<00000000000000000000000000010000>;
P_0x7ff84f015630 .param/l "r" 0 5 14, +C4<00000000000000000000000000000000>;
L_0x7ff84f02b980/d .functor BUFZ 16, v0x7ff84f015b40_0, C4<0000000000000000>, C4<0000000000000000>, C4<0000000000000000>;
L_0x7ff84f02b980 .delay 16 (1000,1000,1000) L_0x7ff84f02b980/d;
v0x7ff84f015850_0 .net "clk", 0 0, v0x7ff84f0148f0_0;  alias, 1 drivers
v0x7ff84f015900_0 .net "gwe", 0 0, v0x7ff84f024900_0;  alias, 1 drivers
v0x7ff84f015990_0 .net "in", 15 0, L_0x7ff84f026310;  alias, 1 drivers
v0x7ff84f015a20_0 .net "out", 15 0, L_0x7ff84f02b980;  alias, 1 drivers
v0x7ff84f015ab0_0 .net "rst", 0 0, v0x7ff84f024f40_0;  alias, 1 drivers
v0x7ff84f015b40_0 .var "state", 15 0;
v0x7ff84f015bd0_0 .net "we", 0 0, L_0x7ff84f0296a0;  alias, 1 drivers
S_0x7ff84f015d00 .scope module, "r2" "Nbit_reg" 4 107, 5 14 0, S_0x7ff84f014610;
 .timescale -9 -12;
    .port_info 0 /INPUT 16 "in";
    .port_info 1 /OUTPUT 16 "out";
    .port_info 2 /INPUT 1 "clk";
    .port_info 3 /INPUT 1 "we";
    .port_info 4 /INPUT 1 "gwe";
    .port_info 5 /INPUT 1 "rst";
P_0x7ff84f015ee0 .param/l "n" 0 5 14, +C4<00000000000000000000000000010000>;
P_0x7ff84f015f20 .param/l "r" 0 5 14, +C4<00000000000000000000000000000000>;
L_0x7ff84f02bac0/d .functor BUFZ 16, v0x7ff84f016490_0, C4<0000000000000000>, C4<0000000000000000>, C4<0000000000000000>;
L_0x7ff84f02bac0 .delay 16 (1000,1000,1000) L_0x7ff84f02bac0/d;
v0x7ff84f016140_0 .net "clk", 0 0, v0x7ff84f0148f0_0;  alias, 1 drivers
v0x7ff84f016210_0 .net "gwe", 0 0, v0x7ff84f024900_0;  alias, 1 drivers
v0x7ff84f0162a0_0 .net "in", 15 0, L_0x7ff84f026ae0;  alias, 1 drivers
v0x7ff84f016330_0 .net "out", 15 0, L_0x7ff84f02bac0;  alias, 1 drivers
v0x7ff84f0163c0_0 .net "rst", 0 0, v0x7ff84f024f40_0;  alias, 1 drivers
v0x7ff84f016490_0 .var "state", 15 0;
v0x7ff84f016520_0 .net "we", 0 0, L_0x7ff84f029ad0;  alias, 1 drivers
S_0x7ff84f016650 .scope module, "r3" "Nbit_reg" 4 111, 5 14 0, S_0x7ff84f014610;
 .timescale -9 -12;
    .port_info 0 /INPUT 16 "in";
    .port_info 1 /OUTPUT 16 "out";
    .port_info 2 /INPUT 1 "clk";
    .port_info 3 /INPUT 1 "we";
    .port_info 4 /INPUT 1 "gwe";
    .port_info 5 /INPUT 1 "rst";
P_0x7ff84f016810 .param/l "n" 0 5 14, +C4<00000000000000000000000000010000>;
P_0x7ff84f016850 .param/l "r" 0 5 14, +C4<00000000000000000000000000000000>;
L_0x7ff84f02bc00/d .functor BUFZ 16, v0x7ff84f016d30_0, C4<0000000000000000>, C4<0000000000000000>, C4<0000000000000000>;
L_0x7ff84f02bc00 .delay 16 (1000,1000,1000) L_0x7ff84f02bc00/d;
v0x7ff84f016a50_0 .net "clk", 0 0, v0x7ff84f0148f0_0;  alias, 1 drivers
v0x7ff84f016ae0_0 .net "gwe", 0 0, v0x7ff84f024900_0;  alias, 1 drivers
v0x7ff84f016b80_0 .net "in", 15 0, L_0x7ff84f0270f0;  alias, 1 drivers
v0x7ff84f016c10_0 .net "out", 15 0, L_0x7ff84f02bc00;  alias, 1 drivers
v0x7ff84f016ca0_0 .net "rst", 0 0, v0x7ff84f024f40_0;  alias, 1 drivers
v0x7ff84f016d30_0 .var "state", 15 0;
v0x7ff84f016de0_0 .net "we", 0 0, L_0x7ff84f02a040;  alias, 1 drivers
S_0x7ff84f016f10 .scope module, "r4" "Nbit_reg" 4 115, 5 14 0, S_0x7ff84f014610;
 .timescale -9 -12;
    .port_info 0 /INPUT 16 "in";
    .port_info 1 /OUTPUT 16 "out";
    .port_info 2 /INPUT 1 "clk";
    .port_info 3 /INPUT 1 "we";
    .port_info 4 /INPUT 1 "gwe";
    .port_info 5 /INPUT 1 "rst";
P_0x7ff84f017110 .param/l "n" 0 5 14, +C4<00000000000000000000000000010000>;
P_0x7ff84f017150 .param/l "r" 0 5 14, +C4<00000000000000000000000000000000>;
L_0x7ff84f02bd40/d .functor BUFZ 16, v0x7ff84f017710_0, C4<0000000000000000>, C4<0000000000000000>, C4<0000000000000000>;
L_0x7ff84f02bd40 .delay 16 (1000,1000,1000) L_0x7ff84f02bd40/d;
v0x7ff84f017320_0 .net "clk", 0 0, v0x7ff84f0148f0_0;  alias, 1 drivers
v0x7ff84f0173c0_0 .net "gwe", 0 0, v0x7ff84f024900_0;  alias, 1 drivers
v0x7ff84f0174e0_0 .net "in", 15 0, L_0x7ff84f0276d0;  alias, 1 drivers
v0x7ff84f017570_0 .net "out", 15 0, L_0x7ff84f02bd40;  alias, 1 drivers
v0x7ff84f017600_0 .net "rst", 0 0, v0x7ff84f024f40_0;  alias, 1 drivers
v0x7ff84f017710_0 .var "state", 15 0;
v0x7ff84f0177a0_0 .net "we", 0 0, L_0x7ff84f02a570;  alias, 1 drivers
S_0x7ff84f0178d0 .scope module, "r5" "Nbit_reg" 4 119, 5 14 0, S_0x7ff84f014610;
 .timescale -9 -12;
    .port_info 0 /INPUT 16 "in";
    .port_info 1 /OUTPUT 16 "out";
    .port_info 2 /INPUT 1 "clk";
    .port_info 3 /INPUT 1 "we";
    .port_info 4 /INPUT 1 "gwe";
    .port_info 5 /INPUT 1 "rst";
P_0x7ff84f017a90 .param/l "n" 0 5 14, +C4<00000000000000000000000000010000>;
P_0x7ff84f017ad0 .param/l "r" 0 5 14, +C4<00000000000000000000000000000000>;
L_0x7ff84f02be80/d .functor BUFZ 16, v0x7ff84f017f90_0, C4<0000000000000000>, C4<0000000000000000>, C4<0000000000000000>;
L_0x7ff84f02be80 .delay 16 (1000,1000,1000) L_0x7ff84f02be80/d;
v0x7ff84f017cb0_0 .net "clk", 0 0, v0x7ff84f0148f0_0;  alias, 1 drivers
v0x7ff84f017d40_0 .net "gwe", 0 0, v0x7ff84f024900_0;  alias, 1 drivers
v0x7ff84f017de0_0 .net "in", 15 0, L_0x7ff84f027d70;  alias, 1 drivers
v0x7ff84f017e70_0 .net "out", 15 0, L_0x7ff84f02be80;  alias, 1 drivers
v0x7ff84f017f00_0 .net "rst", 0 0, v0x7ff84f024f40_0;  alias, 1 drivers
v0x7ff84f017f90_0 .var "state", 15 0;
v0x7ff84f018040_0 .net "we", 0 0, L_0x7ff84f02a6a0;  alias, 1 drivers
S_0x7ff84f018170 .scope module, "r6" "Nbit_reg" 4 123, 5 14 0, S_0x7ff84f014610;
 .timescale -9 -12;
    .port_info 0 /INPUT 16 "in";
    .port_info 1 /OUTPUT 16 "out";
    .port_info 2 /INPUT 1 "clk";
    .port_info 3 /INPUT 1 "we";
    .port_info 4 /INPUT 1 "gwe";
    .port_info 5 /INPUT 1 "rst";
P_0x7ff84f018330 .param/l "n" 0 5 14, +C4<00000000000000000000000000010000>;
P_0x7ff84f018370 .param/l "r" 0 5 14, +C4<00000000000000000000000000000000>;
L_0x7ff84f02bfc0/d .functor BUFZ 16, v0x7ff84f018850_0, C4<0000000000000000>, C4<0000000000000000>, C4<0000000000000000>;
L_0x7ff84f02bfc0 .delay 16 (1000,1000,1000) L_0x7ff84f02bfc0/d;
v0x7ff84f018570_0 .net "clk", 0 0, v0x7ff84f0148f0_0;  alias, 1 drivers
v0x7ff84f018600_0 .net "gwe", 0 0, v0x7ff84f024900_0;  alias, 1 drivers
v0x7ff84f0186a0_0 .net "in", 15 0, L_0x7ff84f0280b0;  alias, 1 drivers
v0x7ff84f018730_0 .net "out", 15 0, L_0x7ff84f02bfc0;  alias, 1 drivers
v0x7ff84f0187c0_0 .net "rst", 0 0, v0x7ff84f024f40_0;  alias, 1 drivers
v0x7ff84f018850_0 .var "state", 15 0;
v0x7ff84f018900_0 .net "we", 0 0, L_0x7ff84f027fb0;  alias, 1 drivers
S_0x7ff84f018a30 .scope module, "r7" "Nbit_reg" 4 127, 5 14 0, S_0x7ff84f014610;
 .timescale -9 -12;
    .port_info 0 /INPUT 16 "in";
    .port_info 1 /OUTPUT 16 "out";
    .port_info 2 /INPUT 1 "clk";
    .port_info 3 /INPUT 1 "we";
    .port_info 4 /INPUT 1 "gwe";
    .port_info 5 /INPUT 1 "rst";
P_0x7ff84f018bf0 .param/l "n" 0 5 14, +C4<00000000000000000000000000010000>;
P_0x7ff84f018c30 .param/l "r" 0 5 14, +C4<00000000000000000000000000000000>;
L_0x7ff84f02c100/d .functor BUFZ 16, v0x7ff84f019110_0, C4<0000000000000000>, C4<0000000000000000>, C4<0000000000000000>;
L_0x7ff84f02c100 .delay 16 (1000,1000,1000) L_0x7ff84f02c100/d;
v0x7ff84f018e30_0 .net "clk", 0 0, v0x7ff84f0148f0_0;  alias, 1 drivers
v0x7ff84f018ec0_0 .net "gwe", 0 0, v0x7ff84f024900_0;  alias, 1 drivers
v0x7ff84f018f60_0 .net "in", 15 0, L_0x7ff84f028cf0;  alias, 1 drivers
v0x7ff84f018ff0_0 .net "out", 15 0, L_0x7ff84f02c100;  alias, 1 drivers
v0x7ff84f019080_0 .net "rst", 0 0, v0x7ff84f024f40_0;  alias, 1 drivers
v0x7ff84f019110_0 .var "state", 15 0;
v0x7ff84f0191c0_0 .net "we", 0 0, L_0x7ff84f02ae90;  alias, 1 drivers
    .scope S_0x7ff84f014b20;
T_1 ;
    %wait E_0x7ff84f014ee0;
    %load/vec4 v0x7ff84f014fe0_0;
    %load/vec4 v0x7ff84f0151a0_0;
    %and;
    %flag_set/vec4 8;
    %jmp/0xz  T_1.0, 8;
    %pushi/vec4 0, 0, 16;
    %store/vec4 v0x7ff84f015270_0, 0, 16;
    %jmp T_1.1;
T_1.0 ;
    %load/vec4 v0x7ff84f014fe0_0;
    %load/vec4 v0x7ff84f015300_0;
    %and;
    %flag_set/vec4 8;
    %jmp/0xz  T_1.2, 8;
    %load/vec4 v0x7ff84f015080_0;
    %store/vec4 v0x7ff84f015270_0, 0, 16;
T_1.2 ;
T_1.1 ;
    %jmp T_1;
    .thread T_1;
    .scope S_0x7ff84f015430;
T_2 ;
    %wait E_0x7ff84f014ee0;
    %load/vec4 v0x7ff84f015900_0;
    %load/vec4 v0x7ff84f015ab0_0;
    %and;
    %flag_set/vec4 8;
    %jmp/0xz  T_2.0, 8;
    %pushi/vec4 0, 0, 16;
    %store/vec4 v0x7ff84f015b40_0, 0, 16;
    %jmp T_2.1;
T_2.0 ;
    %load/vec4 v0x7ff84f015900_0;
    %load/vec4 v0x7ff84f015bd0_0;
    %and;
    %flag_set/vec4 8;
    %jmp/0xz  T_2.2, 8;
    %load/vec4 v0x7ff84f015990_0;
    %store/vec4 v0x7ff84f015b40_0, 0, 16;
T_2.2 ;
T_2.1 ;
    %jmp T_2;
    .thread T_2;
    .scope S_0x7ff84f015d00;
T_3 ;
    %wait E_0x7ff84f014ee0;
    %load/vec4 v0x7ff84f016210_0;
    %load/vec4 v0x7ff84f0163c0_0;
    %and;
    %flag_set/vec4 8;
    %jmp/0xz  T_3.0, 8;
    %pushi/vec4 0, 0, 16;
    %store/vec4 v0x7ff84f016490_0, 0, 16;
    %jmp T_3.1;
T_3.0 ;
    %load/vec4 v0x7ff84f016210_0;
    %load/vec4 v0x7ff84f016520_0;
    %and;
    %flag_set/vec4 8;
    %jmp/0xz  T_3.2, 8;
    %load/vec4 v0x7ff84f0162a0_0;
    %store/vec4 v0x7ff84f016490_0, 0, 16;
T_3.2 ;
T_3.1 ;
    %jmp T_3;
    .thread T_3;
    .scope S_0x7ff84f016650;
T_4 ;
    %wait E_0x7ff84f014ee0;
    %load/vec4 v0x7ff84f016ae0_0;
    %load/vec4 v0x7ff84f016ca0_0;
    %and;
    %flag_set/vec4 8;
    %jmp/0xz  T_4.0, 8;
    %pushi/vec4 0, 0, 16;
    %store/vec4 v0x7ff84f016d30_0, 0, 16;
    %jmp T_4.1;
T_4.0 ;
    %load/vec4 v0x7ff84f016ae0_0;
    %load/vec4 v0x7ff84f016de0_0;
    %and;
    %flag_set/vec4 8;
    %jmp/0xz  T_4.2, 8;
    %load/vec4 v0x7ff84f016b80_0;
    %store/vec4 v0x7ff84f016d30_0, 0, 16;
T_4.2 ;
T_4.1 ;
    %jmp T_4;
    .thread T_4;
    .scope S_0x7ff84f016f10;
T_5 ;
    %wait E_0x7ff84f014ee0;
    %load/vec4 v0x7ff84f0173c0_0;
    %load/vec4 v0x7ff84f017600_0;
    %and;
    %flag_set/vec4 8;
    %jmp/0xz  T_5.0, 8;
    %pushi/vec4 0, 0, 16;
    %store/vec4 v0x7ff84f017710_0, 0, 16;
    %jmp T_5.1;
T_5.0 ;
    %load/vec4 v0x7ff84f0173c0_0;
    %load/vec4 v0x7ff84f0177a0_0;
    %and;
    %flag_set/vec4 8;
    %jmp/0xz  T_5.2, 8;
    %load/vec4 v0x7ff84f0174e0_0;
    %store/vec4 v0x7ff84f017710_0, 0, 16;
T_5.2 ;
T_5.1 ;
    %jmp T_5;
    .thread T_5;
    .scope S_0x7ff84f0178d0;
T_6 ;
    %wait E_0x7ff84f014ee0;
    %load/vec4 v0x7ff84f017d40_0;
    %load/vec4 v0x7ff84f017f00_0;
    %and;
    %flag_set/vec4 8;
    %jmp/0xz  T_6.0, 8;
    %pushi/vec4 0, 0, 16;
    %store/vec4 v0x7ff84f017f90_0, 0, 16;
    %jmp T_6.1;
T_6.0 ;
    %load/vec4 v0x7ff84f017d40_0;
    %load/vec4 v0x7ff84f018040_0;
    %and;
    %flag_set/vec4 8;
    %jmp/0xz  T_6.2, 8;
    %load/vec4 v0x7ff84f017de0_0;
    %store/vec4 v0x7ff84f017f90_0, 0, 16;
T_6.2 ;
T_6.1 ;
    %jmp T_6;
    .thread T_6;
    .scope S_0x7ff84f018170;
T_7 ;
    %wait E_0x7ff84f014ee0;
    %load/vec4 v0x7ff84f018600_0;
    %load/vec4 v0x7ff84f0187c0_0;
    %and;
    %flag_set/vec4 8;
    %jmp/0xz  T_7.0, 8;
    %pushi/vec4 0, 0, 16;
    %store/vec4 v0x7ff84f018850_0, 0, 16;
    %jmp T_7.1;
T_7.0 ;
    %load/vec4 v0x7ff84f018600_0;
    %load/vec4 v0x7ff84f018900_0;
    %and;
    %flag_set/vec4 8;
    %jmp/0xz  T_7.2, 8;
    %load/vec4 v0x7ff84f0186a0_0;
    %store/vec4 v0x7ff84f018850_0, 0, 16;
T_7.2 ;
T_7.1 ;
    %jmp T_7;
    .thread T_7;
    .scope S_0x7ff84f018a30;
T_8 ;
    %wait E_0x7ff84f014ee0;
    %load/vec4 v0x7ff84f018ec0_0;
    %load/vec4 v0x7ff84f019080_0;
    %and;
    %flag_set/vec4 8;
    %jmp/0xz  T_8.0, 8;
    %pushi/vec4 0, 0, 16;
    %store/vec4 v0x7ff84f019110_0, 0, 16;
    %jmp T_8.1;
T_8.0 ;
    %load/vec4 v0x7ff84f018ec0_0;
    %load/vec4 v0x7ff84f0191c0_0;
    %and;
    %flag_set/vec4 8;
    %jmp/0xz  T_8.2, 8;
    %load/vec4 v0x7ff84f018f60_0;
    %store/vec4 v0x7ff84f019110_0, 0, 16;
T_8.2 ;
T_8.1 ;
    %jmp T_8;
    .thread T_8;
    .scope S_0x7ff84f004180;
T_9 ;
    %delay 5000, 0;
    %load/vec4 v0x7ff84f0148f0_0;
    %inv;
    %assign/vec4 v0x7ff84f0148f0_0, 0;
    %jmp T_9;
    .thread T_9;
    .scope S_0x7ff84f004180;
T_10 ;
    %pushi/vec4 0, 0, 3;
    %store/vec4 v0x7ff84f024ca0_0, 0, 3;
    %pushi/vec4 0, 0, 3;
    %store/vec4 v0x7ff84f024fd0_0, 0, 3;
    %pushi/vec4 0, 0, 3;
    %store/vec4 v0x7ff84f024b50_0, 0, 3;
    %pushi/vec4 0, 0, 1;
    %store/vec4 v0x7ff84f025520_0, 0, 1;
    %pushi/vec4 0, 0, 16;
    %store/vec4 v0x7ff84f0253c0_0, 0, 16;
    %pushi/vec4 0, 0, 3;
    %store/vec4 v0x7ff84f024d30_0, 0, 3;
    %pushi/vec4 0, 0, 3;
    %store/vec4 v0x7ff84f025180_0, 0, 3;
    %pushi/vec4 0, 0, 3;
    %store/vec4 v0x7ff84f024c10_0, 0, 3;
    %pushi/vec4 0, 0, 1;
    %store/vec4 v0x7ff84f0255d0_0, 0, 1;
    %pushi/vec4 0, 0, 16;
    %store/vec4 v0x7ff84f025470_0, 0, 16;
    %pushi/vec4 1, 0, 1;
    %store/vec4 v0x7ff84f024f40_0, 0, 1;
    %pushi/vec4 0, 0, 1;
    %store/vec4 v0x7ff84f0148f0_0, 0, 1;
    %pushi/vec4 1, 0, 1;
    %store/vec4 v0x7ff84f024900_0, 0, 1;
    %pushi/vec4 0, 0, 32;
    %store/vec4 v0x7ff84f0245b0_0, 0, 32;
    %pushi/vec4 0, 0, 32;
    %store/vec4 v0x7ff84f025330_0, 0, 32;
    %pushi/vec4 0, 0, 32;
    %store/vec4 v0x7ff84f024a40_0, 0, 32;
    %vpi_func 2 104 "$fopen" 32, "test_lc4_regfile_ss.input", "r" {0 0 0};
    %store/vec4 v0x7ff84f024990_0, 0, 32;
    %load/vec4 v0x7ff84f024990_0;
    %cmpi/e 0, 0, 32;
    %jmp/0xz  T_10.0, 4;
    %vpi_call 2 106 "$display", "Error opening file: ", "test_lc4_regfile_ss.input" {0 0 0};
    %vpi_call 2 107 "$finish" {0 0 0};
T_10.0 ;
    %delay 100000, 0;
    %delay 5000, 0;
    %pushi/vec4 0, 0, 1;
    %store/vec4 v0x7ff84f024f40_0, 0, 1;
    %delay 2000, 0;
T_10.2 ;
    %vpi_func 2 126 "$fscanf" 32, v0x7ff84f024990_0, "%d %d %d %b %h %h %h %d %d %d %b %h %h %h", v0x7ff84f024ca0_0, v0x7ff84f024fd0_0, v0x7ff84f024b50_0, v0x7ff84f025520_0, v0x7ff84f0253c0_0, v0x7ff84f024640_0, v0x7ff84f024760_0, v0x7ff84f024d30_0, v0x7ff84f025180_0, v0x7ff84f024c10_0, v0x7ff84f0255d0_0, v0x7ff84f025470_0, v0x7ff84f0246d0_0, v0x7ff84f024850_0 {0 0 0};
    %cmpi/e 14, 0, 32;
    %jmp/0xz T_10.3, 4;
    %delay 8000, 0;
    %load/vec4 v0x7ff84f025330_0;
    %addi 4, 0, 32;
    %store/vec4 v0x7ff84f025330_0, 0, 32;
    %load/vec4 v0x7ff84f024a40_0;
    %cmpi/ne 0, 0, 32;
    %jmp/0xz  T_10.4, 4;
    %vpi_call 2 135 "$fdisplay", v0x7ff84f024a40_0, "%d %d %d %b %h %h %h %d %d %d %b %h %h %h", v0x7ff84f024ca0_0, v0x7ff84f024fd0_0, v0x7ff84f024b50_0, v0x7ff84f025520_0, v0x7ff84f0253c0_0, v0x7ff84f024de0_0, v0x7ff84f025210_0, v0x7ff84f024d30_0, v0x7ff84f025180_0, v0x7ff84f024c10_0, v0x7ff84f0255d0_0, v0x7ff84f025470_0, v0x7ff84f024e90_0, v0x7ff84f0252a0_0 {0 0 0};
T_10.4 ;
    %load/vec4 v0x7ff84f024de0_0;
    %load/vec4 v0x7ff84f024640_0;
    %cmp/ne;
    %jmp/0xz  T_10.6, 6;
    %vpi_call 2 139 "$display", "Error at test %d: Value of register %d on output rs_A should have been %h, but was %h instead", v0x7ff84f025330_0, v0x7ff84f024ca0_0, v0x7ff84f024640_0, v0x7ff84f024de0_0 {0 0 0};
    %load/vec4 v0x7ff84f0245b0_0;
    %addi 1, 0, 32;
    %store/vec4 v0x7ff84f0245b0_0, 0, 32;
T_10.6 ;
    %load/vec4 v0x7ff84f025210_0;
    %load/vec4 v0x7ff84f024760_0;
    %cmp/ne;
    %jmp/0xz  T_10.8, 6;
    %vpi_call 2 144 "$display", "Error at test %d: Value of register %d on output rt_A should have been %h, but was %h instead", v0x7ff84f025330_0, v0x7ff84f024fd0_0, v0x7ff84f024760_0, v0x7ff84f025210_0 {0 0 0};
    %load/vec4 v0x7ff84f0245b0_0;
    %addi 1, 0, 32;
    %store/vec4 v0x7ff84f0245b0_0, 0, 32;
T_10.8 ;
    %load/vec4 v0x7ff84f024e90_0;
    %load/vec4 v0x7ff84f0246d0_0;
    %cmp/ne;
    %jmp/0xz  T_10.10, 6;
    %vpi_call 2 149 "$display", "Error at test %d: Value of register %d on output rs_B should have been %h, but was %h instead", v0x7ff84f025330_0, v0x7ff84f024d30_0, v0x7ff84f0246d0_0, v0x7ff84f024e90_0 {0 0 0};
    %load/vec4 v0x7ff84f0245b0_0;
    %addi 1, 0, 32;
    %store/vec4 v0x7ff84f0245b0_0, 0, 32;
T_10.10 ;
    %load/vec4 v0x7ff84f0252a0_0;
    %load/vec4 v0x7ff84f024850_0;
    %cmp/ne;
    %jmp/0xz  T_10.12, 6;
    %vpi_call 2 154 "$display", "Error at test %d: Value of register %d on output rt_B should have been %h, but was %h instead", v0x7ff84f025330_0, v0x7ff84f025180_0, v0x7ff84f024850_0, v0x7ff84f0252a0_0 {0 0 0};
    %load/vec4 v0x7ff84f0245b0_0;
    %addi 1, 0, 32;
    %store/vec4 v0x7ff84f0245b0_0, 0, 32;
T_10.12 ;
    %delay 2000, 0;
    %jmp T_10.2;
T_10.3 ;
    %load/vec4 v0x7ff84f024990_0;
    %cmpi/ne 0, 0, 32;
    %jmp/0xz  T_10.14, 4;
    %vpi_call 2 162 "$fclose", v0x7ff84f024990_0 {0 0 0};
T_10.14 ;
    %load/vec4 v0x7ff84f024a40_0;
    %cmpi/ne 0, 0, 32;
    %jmp/0xz  T_10.16, 4;
    %vpi_call 2 163 "$fclose", v0x7ff84f024a40_0 {0 0 0};
T_10.16 ;
    %vpi_call 2 164 "$display", "Simulation finished: %d test cases %d errors [%s]", v0x7ff84f025330_0, v0x7ff84f0245b0_0, "test_lc4_regfile_ss.input" {0 0 0};
    %load/vec4 v0x7ff84f025330_0;
    %store/vec4 v0x7ff84f014570_0, 0, 32;
    %load/vec4 v0x7ff84f025330_0;
    %load/vec4 v0x7ff84f0245b0_0;
    %sub;
    %store/vec4 v0x7ff84f0044c0_0, 0, 32;
    %fork TD_test_regfile.printPoints, S_0x7ff84f004300;
    %join;
    %vpi_call 2 166 "$finish" {0 0 0};
    %end;
    .thread T_10;
# The file index is used to find the file name in the following table.
:file_names 6;
    "N/A";
    "<interactive>";
    "testbench_lc4_regfile_ss.v";
    "./print_points.v";
    "lc4_regfile_ss.v";
    "register.v";
