#! /home1/c/cis5710/tools/bin/vvp
:ivl_version "11.0 (stable)" "(v11_0)";
:ivl_delay_selection "TYPICAL";
:vpi_time_precision - 12;
:vpi_module "/home1/c/cis5710/tools/lib/ivl/system.vpi";
:vpi_module "/home1/c/cis5710/tools/lib/ivl/vhdl_sys.vpi";
:vpi_module "/home1/c/cis5710/tools/lib/ivl/vhdl_textio.vpi";
:vpi_module "/home1/c/cis5710/tools/lib/ivl/v2005_math.vpi";
:vpi_module "/home1/c/cis5710/tools/lib/ivl/va_math.vpi";
S_0x1356740 .scope module, "test_divider" "test_divider" 2 35;
 .timescale -9 -12;
v0x1397a60_0 .var/i "__ignore", 31 0;
v0x1397b60_0 .var/i "allTests", 31 0;
v0x1397c40_0 .var/i "divTests", 31 0;
v0x1397d00_0 .var/i "errors", 31 0;
v0x1397de0_0 .var "exp_dividend", 15 0;
v0x1397f10_0 .var "exp_quotient", 15 0;
v0x1397ff0_0 .var "exp_remainder", 15 0;
v0x13980d0_0 .var "i_dividend", 15 0;
v0x1398190_0 .var "i_divisor", 15 0;
v0x1398250_0 .var "i_quotient", 15 0;
v0x1398310_0 .var "i_remainder", 15 0;
v0x13983b0_0 .var/i "input_file", 31 0;
v0x1398470_0 .net "o_1iter_dividend", 15 0, L_0x13bbe90;  1 drivers
v0x1398530_0 .net "o_1iter_quotient", 15 0, L_0x13bced0;  1 drivers
v0x13985d0_0 .net "o_1iter_remainder", 15 0, L_0x13bc830;  1 drivers
v0x1398670_0 .net "o_div_quotient", 15 0, L_0x13bbcb0;  1 drivers
v0x1398710_0 .net "o_div_remainder", 15 0, L_0x13bbb20;  1 drivers
v0x13987b0_0 .var/i "randomSeed", 31 0;
S_0x13568d0 .scope module, "div" "lc4_divider" 2 62, 3 7 0, S_0x1356740;
 .timescale -9 -12;
    .port_info 0 /INPUT 16 "i_dividend";
    .port_info 1 /INPUT 16 "i_divisor";
    .port_info 2 /OUTPUT 16 "o_remainder";
    .port_info 3 /OUTPUT 16 "o_quotient";
L_0x7fb0cd89c0b8 .functor BUFT 1, C4<0000000000000000>, C4<0>, C4<0>, C4<0>;
v0x1391ce0_0 .net/2u *"_ivl_12", 15 0, L_0x7fb0cd89c0b8;  1 drivers
L_0x7fb0cd89c028 .functor BUFT 1, C4<0000000000000000>, C4<0>, C4<0>, C4<0>;
v0x1391de0_0 .net/2u *"_ivl_4", 15 0, L_0x7fb0cd89c028;  1 drivers
L_0x7fb0cd89c070 .functor BUFT 1, C4<0000000000000000>, C4<0>, C4<0>, C4<0>;
v0x1391ec0_0 .net/2u *"_ivl_8", 15 0, L_0x7fb0cd89c070;  1 drivers
v0x1391fb0_0 .net "dividend_1", 15 0, L_0x1398910;  1 drivers
v0x1392070_0 .net "dividend_10", 15 0, L_0x13b3b30;  1 drivers
v0x13921d0_0 .net "dividend_11", 15 0, L_0x13b4db0;  1 drivers
v0x13922e0_0 .net "dividend_12", 15 0, L_0x13b5fd0;  1 drivers
v0x13923f0_0 .net "dividend_13", 15 0, L_0x13b71f0;  1 drivers
v0x1392500_0 .net "dividend_14", 15 0, L_0x13b8410;  1 drivers
v0x13925c0_0 .net "dividend_15", 15 0, L_0x13b9630;  1 drivers
v0x13926d0_0 .net "dividend_16", 15 0, L_0x13ba850;  1 drivers
v0x1392790_0 .net "dividend_2", 15 0, L_0x13a9c00;  1 drivers
v0x1392880_0 .net "dividend_3", 15 0, L_0x13aaf80;  1 drivers
v0x1392990_0 .net "dividend_4", 15 0, L_0x13ac1b0;  1 drivers
v0x1392aa0_0 .net "dividend_5", 15 0, L_0x13ad470;  1 drivers
v0x1392bb0_0 .net "dividend_6", 15 0, L_0x13ae940;  1 drivers
v0x1392cc0_0 .net "dividend_7", 15 0, L_0x13afc00;  1 drivers
v0x1392ee0_0 .net "dividend_8", 15 0, L_0x13b12d0;  1 drivers
v0x1392ff0_0 .net "dividend_9", 15 0, L_0x13b2550;  1 drivers
v0x1393100_0 .net "i_dividend", 15 0, v0x13980d0_0;  1 drivers
v0x13931c0_0 .net "i_divisor", 15 0, v0x1398190_0;  1 drivers
v0x1393470_0 .net "i_divisor_zero", 0 0, L_0x13bba30;  1 drivers
v0x1393530_0 .net "o_quotient", 15 0, L_0x13bbcb0;  alias, 1 drivers
v0x1393610_0 .net "o_remainder", 15 0, L_0x13bbb20;  alias, 1 drivers
v0x13936f0_0 .net "quotient_1", 15 0, L_0x13a9830;  1 drivers
v0x1393800_0 .net "quotient_10", 15 0, L_0x13b4ac0;  1 drivers
v0x1393910_0 .net "quotient_11", 15 0, L_0x13b5ce0;  1 drivers
v0x1393a20_0 .net "quotient_12", 15 0, L_0x13b6f00;  1 drivers
v0x1393b30_0 .net "quotient_13", 15 0, L_0x13b8120;  1 drivers
v0x1393c40_0 .net "quotient_14", 15 0, L_0x13b9340;  1 drivers
v0x1393d50_0 .net "quotient_15", 15 0, L_0x13ba560;  1 drivers
v0x1393e60_0 .net "quotient_16", 15 0, L_0x13bb820;  1 drivers
v0x1393f20_0 .net "quotient_2", 15 0, L_0x13aab80;  1 drivers
v0x1394220_0 .net "quotient_3", 15 0, L_0x13abec0;  1 drivers
v0x1394330_0 .net "quotient_4", 15 0, L_0x13ad180;  1 drivers
v0x1394440_0 .net "quotient_5", 15 0, L_0x13ae650;  1 drivers
v0x1394550_0 .net "quotient_6", 15 0, L_0x13af910;  1 drivers
v0x1394660_0 .net "quotient_7", 15 0, L_0x13b0fe0;  1 drivers
v0x1394770_0 .net "quotient_8", 15 0, L_0x13b2260;  1 drivers
v0x1394880_0 .net "quotient_9", 15 0, L_0x13b3840;  1 drivers
v0x1394990_0 .net "remainder_1", 15 0, L_0x13a91c0;  1 drivers
v0x1394aa0_0 .net "remainder_10", 15 0, L_0x13b4420;  1 drivers
v0x1394bb0_0 .net "remainder_11", 15 0, L_0x13b56a0;  1 drivers
v0x1394cc0_0 .net "remainder_12", 15 0, L_0x13b68c0;  1 drivers
v0x1394dd0_0 .net "remainder_13", 15 0, L_0x13b7ae0;  1 drivers
v0x1394ee0_0 .net "remainder_14", 15 0, L_0x13b8d00;  1 drivers
v0x1394ff0_0 .net "remainder_15", 15 0, L_0x13b9f20;  1 drivers
v0x1395100_0 .net "remainder_16", 15 0, L_0x13bb190;  1 drivers
v0x13951c0_0 .net "remainder_2", 15 0, L_0x13aa4e0;  1 drivers
v0x13952b0_0 .net "remainder_3", 15 0, L_0x13ab820;  1 drivers
v0x13953c0_0 .net "remainder_4", 15 0, L_0x13acae0;  1 drivers
v0x13954d0_0 .net "remainder_5", 15 0, L_0x13adfb0;  1 drivers
v0x13955e0_0 .net "remainder_6", 15 0, L_0x13af270;  1 drivers
v0x13956f0_0 .net "remainder_7", 15 0, L_0x13b0940;  1 drivers
v0x1395800_0 .net "remainder_8", 15 0, L_0x13b1bc0;  1 drivers
v0x1395910_0 .net "remainder_9", 15 0, L_0x13b2e40;  1 drivers
L_0x13bba30 .cmp/eq 16, v0x1398190_0, L_0x7fb0cd89c028;
L_0x13bbb20 .functor MUXZ 16, L_0x13bb190, L_0x7fb0cd89c070, L_0x13bba30, C4<>;
L_0x13bbcb0 .functor MUXZ 16, L_0x13bb820, L_0x7fb0cd89c0b8, L_0x13bba30, C4<>;
S_0x13485d0 .scope module, "i0" "lc4_divider_one_iter" 3 14, 3 126 0, S_0x13568d0;
 .timescale -9 -12;
    .port_info 0 /INPUT 16 "i_dividend";
    .port_info 1 /INPUT 16 "i_divisor";
    .port_info 2 /INPUT 16 "i_remainder";
    .port_info 3 /INPUT 16 "i_quotient";
    .port_info 4 /OUTPUT 16 "o_dividend";
    .port_info 5 /OUTPUT 16 "o_remainder";
    .port_info 6 /OUTPUT 16 "o_quotient";
L_0x7fb0cd89a0a8 .functor BUFT 1, C4<0000000000000001>, C4<0>, C4<0>, C4<0>;
L_0x135a3f0 .functor AND 16, L_0x13a8a60, L_0x7fb0cd89a0a8, C4<1111111111111111>, C4<1111111111111111>;
L_0x13a8e60 .functor OR 16, L_0x135a3f0, L_0x13a8ce0, C4<0000000000000000>, C4<0000000000000000>;
L_0x7fb0cd89a1c8 .functor BUFT 1, C4<0000000000000001>, C4<0>, C4<0>, C4<0>;
L_0x13a9100 .functor OR 16, L_0x13a9650, L_0x7fb0cd89a1c8, C4<0000000000000000>, C4<0000000000000000>;
L_0x7fb0cd89a060 .functor BUFT 1, C4<000000000000000>, C4<0>, C4<0>, C4<0>;
v0x134d3d0_0 .net *"_ivl_10", 14 0, L_0x7fb0cd89a060;  1 drivers
v0x134d470_0 .net/2u *"_ivl_12", 15 0, L_0x7fb0cd89a0a8;  1 drivers
v0x1375690_0 .net *"_ivl_14", 15 0, L_0x135a3f0;  1 drivers
v0x1375750_0 .net *"_ivl_16", 15 0, L_0x13a8ce0;  1 drivers
v0x1375830_0 .net *"_ivl_18", 14 0, L_0x13a8c40;  1 drivers
v0x1375960_0 .net *"_ivl_2", 14 0, L_0x1398870;  1 drivers
L_0x7fb0cd89a0f0 .functor BUFT 1, C4<0>, C4<0>, C4<0>, C4<0>;
v0x1375a40_0 .net *"_ivl_20", 0 0, L_0x7fb0cd89a0f0;  1 drivers
v0x1375b20_0 .net *"_ivl_26", 15 0, L_0x13a9060;  1 drivers
v0x1375c00_0 .net *"_ivl_30", 15 0, L_0x13a9400;  1 drivers
v0x1375ce0_0 .net *"_ivl_32", 14 0, L_0x13a9300;  1 drivers
L_0x7fb0cd89a138 .functor BUFT 1, C4<0>, C4<0>, C4<0>, C4<0>;
v0x1375dc0_0 .net *"_ivl_34", 0 0, L_0x7fb0cd89a138;  1 drivers
v0x1375ea0_0 .net *"_ivl_36", 15 0, L_0x13a9650;  1 drivers
v0x1375f80_0 .net *"_ivl_38", 14 0, L_0x13a94f0;  1 drivers
L_0x7fb0cd89a018 .functor BUFT 1, C4<0>, C4<0>, C4<0>, C4<0>;
v0x1376060_0 .net *"_ivl_4", 0 0, L_0x7fb0cd89a018;  1 drivers
L_0x7fb0cd89a180 .functor BUFT 1, C4<0>, C4<0>, C4<0>, C4<0>;
v0x1376140_0 .net *"_ivl_40", 0 0, L_0x7fb0cd89a180;  1 drivers
v0x1376220_0 .net/2u *"_ivl_42", 15 0, L_0x7fb0cd89a1c8;  1 drivers
v0x1376300_0 .net *"_ivl_44", 15 0, L_0x13a9100;  1 drivers
v0x13763e0_0 .net *"_ivl_6", 15 0, L_0x13a8a60;  1 drivers
v0x13764c0_0 .net *"_ivl_8", 0 0, L_0x13989b0;  1 drivers
v0x13765a0_0 .net "i_dividend", 15 0, v0x13980d0_0;  alias, 1 drivers
v0x1376680_0 .net "i_divisor", 15 0, v0x1398190_0;  alias, 1 drivers
L_0x7fb0cd89a258 .functor BUFT 1, C4<0000000000000000>, C4<0>, C4<0>, C4<0>;
v0x1376760_0 .net "i_quotient", 15 0, L_0x7fb0cd89a258;  1 drivers
L_0x7fb0cd89a210 .functor BUFT 1, C4<0000000000000000>, C4<0>, C4<0>, C4<0>;
v0x1376840_0 .net "i_remainder", 15 0, L_0x7fb0cd89a210;  1 drivers
v0x1376920_0 .net "o_dividend", 15 0, L_0x1398910;  alias, 1 drivers
v0x1376a00_0 .net "o_quotient", 15 0, L_0x13a9830;  alias, 1 drivers
v0x1376ae0_0 .net "o_remainder", 15 0, L_0x13a91c0;  alias, 1 drivers
v0x1376bc0_0 .net "remainder_lt_divisor", 0 0, L_0x13a8f70;  1 drivers
v0x1376c80_0 .net "remainder_updated", 15 0, L_0x13a8e60;  1 drivers
L_0x1398870 .part v0x13980d0_0, 0, 15;
L_0x1398910 .concat [ 1 15 0 0], L_0x7fb0cd89a018, L_0x1398870;
L_0x13989b0 .part v0x13980d0_0, 15, 1;
L_0x13a8a60 .concat [ 1 15 0 0], L_0x13989b0, L_0x7fb0cd89a060;
L_0x13a8c40 .part L_0x7fb0cd89a210, 0, 15;
L_0x13a8ce0 .concat [ 1 15 0 0], L_0x7fb0cd89a0f0, L_0x13a8c40;
L_0x13a8f70 .cmp/gt 16, v0x1398190_0, L_0x13a8e60;
L_0x13a9060 .arith/sub 16, L_0x13a8e60, v0x1398190_0;
L_0x13a91c0 .functor MUXZ 16, L_0x13a9060, L_0x13a8e60, L_0x13a8f70, C4<>;
L_0x13a9300 .part L_0x7fb0cd89a258, 0, 15;
L_0x13a9400 .concat [ 1 15 0 0], L_0x7fb0cd89a138, L_0x13a9300;
L_0x13a94f0 .part L_0x7fb0cd89a258, 0, 15;
L_0x13a9650 .concat [ 1 15 0 0], L_0x7fb0cd89a180, L_0x13a94f0;
L_0x13a9830 .functor MUXZ 16, L_0x13a9100, L_0x13a9400, L_0x13a8f70, C4<>;
S_0x1376e40 .scope module, "i1" "lc4_divider_one_iter" 3 20, 3 126 0, S_0x13568d0;
 .timescale -9 -12;
    .port_info 0 /INPUT 16 "i_dividend";
    .port_info 1 /INPUT 16 "i_divisor";
    .port_info 2 /INPUT 16 "i_remainder";
    .port_info 3 /INPUT 16 "i_quotient";
    .port_info 4 /OUTPUT 16 "o_dividend";
    .port_info 5 /OUTPUT 16 "o_remainder";
    .port_info 6 /OUTPUT 16 "o_quotient";
L_0x7fb0cd89a330 .functor BUFT 1, C4<0000000000000001>, C4<0>, C4<0>, C4<0>;
L_0x13a95e0 .functor AND 16, L_0x13a9d40, L_0x7fb0cd89a330, C4<1111111111111111>, C4<1111111111111111>;
L_0x13aa180 .functor OR 16, L_0x13a95e0, L_0x13aa050, C4<0000000000000000>, C4<0000000000000000>;
L_0x7fb0cd89a450 .functor BUFT 1, C4<0000000000000001>, C4<0>, C4<0>, C4<0>;
L_0x13aa420 .functor OR 16, L_0x13aa9f0, L_0x7fb0cd89a450, C4<0000000000000000>, C4<0000000000000000>;
L_0x7fb0cd89a2e8 .functor BUFT 1, C4<000000000000000>, C4<0>, C4<0>, C4<0>;
v0x1376ff0_0 .net *"_ivl_10", 14 0, L_0x7fb0cd89a2e8;  1 drivers
v0x13770d0_0 .net/2u *"_ivl_12", 15 0, L_0x7fb0cd89a330;  1 drivers
v0x13771b0_0 .net *"_ivl_14", 15 0, L_0x13a95e0;  1 drivers
v0x1377270_0 .net *"_ivl_16", 15 0, L_0x13aa050;  1 drivers
v0x1377350_0 .net *"_ivl_18", 14 0, L_0x13a9f20;  1 drivers
v0x1377480_0 .net *"_ivl_2", 14 0, L_0x13a9ad0;  1 drivers
L_0x7fb0cd89a378 .functor BUFT 1, C4<0>, C4<0>, C4<0>, C4<0>;
v0x1377560_0 .net *"_ivl_20", 0 0, L_0x7fb0cd89a378;  1 drivers
v0x1377640_0 .net *"_ivl_26", 15 0, L_0x13aa380;  1 drivers
v0x1377720_0 .net *"_ivl_30", 15 0, L_0x13aa840;  1 drivers
v0x1377800_0 .net *"_ivl_32", 14 0, L_0x13aa6b0;  1 drivers
L_0x7fb0cd89a3c0 .functor BUFT 1, C4<0>, C4<0>, C4<0>, C4<0>;
v0x13778e0_0 .net *"_ivl_34", 0 0, L_0x7fb0cd89a3c0;  1 drivers
v0x13779c0_0 .net *"_ivl_36", 15 0, L_0x13aa9f0;  1 drivers
v0x1377aa0_0 .net *"_ivl_38", 14 0, L_0x13aa8e0;  1 drivers
L_0x7fb0cd89a2a0 .functor BUFT 1, C4<0>, C4<0>, C4<0>, C4<0>;
v0x1377b80_0 .net *"_ivl_4", 0 0, L_0x7fb0cd89a2a0;  1 drivers
L_0x7fb0cd89a408 .functor BUFT 1, C4<0>, C4<0>, C4<0>, C4<0>;
v0x1377c60_0 .net *"_ivl_40", 0 0, L_0x7fb0cd89a408;  1 drivers
v0x1377d40_0 .net/2u *"_ivl_42", 15 0, L_0x7fb0cd89a450;  1 drivers
v0x1377e20_0 .net *"_ivl_44", 15 0, L_0x13aa420;  1 drivers
v0x1377f00_0 .net *"_ivl_6", 15 0, L_0x13a9d40;  1 drivers
v0x1377fe0_0 .net *"_ivl_8", 0 0, L_0x13a9ca0;  1 drivers
v0x13780c0_0 .net "i_dividend", 15 0, L_0x1398910;  alias, 1 drivers
v0x1378180_0 .net "i_divisor", 15 0, v0x1398190_0;  alias, 1 drivers
v0x1378220_0 .net "i_quotient", 15 0, L_0x13a9830;  alias, 1 drivers
v0x13782c0_0 .net "i_remainder", 15 0, L_0x13a91c0;  alias, 1 drivers
v0x1378360_0 .net "o_dividend", 15 0, L_0x13a9c00;  alias, 1 drivers
v0x1378420_0 .net "o_quotient", 15 0, L_0x13aab80;  alias, 1 drivers
v0x1378500_0 .net "o_remainder", 15 0, L_0x13aa4e0;  alias, 1 drivers
v0x13785e0_0 .net "remainder_lt_divisor", 0 0, L_0x13aa290;  1 drivers
v0x13786a0_0 .net "remainder_updated", 15 0, L_0x13aa180;  1 drivers
L_0x13a9ad0 .part L_0x1398910, 0, 15;
L_0x13a9c00 .concat [ 1 15 0 0], L_0x7fb0cd89a2a0, L_0x13a9ad0;
L_0x13a9ca0 .part L_0x1398910, 15, 1;
L_0x13a9d40 .concat [ 1 15 0 0], L_0x13a9ca0, L_0x7fb0cd89a2e8;
L_0x13a9f20 .part L_0x13a91c0, 0, 15;
L_0x13aa050 .concat [ 1 15 0 0], L_0x7fb0cd89a378, L_0x13a9f20;
L_0x13aa290 .cmp/gt 16, v0x1398190_0, L_0x13aa180;
L_0x13aa380 .arith/sub 16, L_0x13aa180, v0x1398190_0;
L_0x13aa4e0 .functor MUXZ 16, L_0x13aa380, L_0x13aa180, L_0x13aa290, C4<>;
L_0x13aa6b0 .part L_0x13a9830, 0, 15;
L_0x13aa840 .concat [ 1 15 0 0], L_0x7fb0cd89a3c0, L_0x13aa6b0;
L_0x13aa8e0 .part L_0x13a9830, 0, 15;
L_0x13aa9f0 .concat [ 1 15 0 0], L_0x7fb0cd89a408, L_0x13aa8e0;
L_0x13aab80 .functor MUXZ 16, L_0x13aa420, L_0x13aa840, L_0x13aa290, C4<>;
S_0x1378860 .scope module, "i10" "lc4_divider_one_iter" 3 74, 3 126 0, S_0x13568d0;
 .timescale -9 -12;
    .port_info 0 /INPUT 16 "i_dividend";
    .port_info 1 /INPUT 16 "i_divisor";
    .port_info 2 /INPUT 16 "i_remainder";
    .port_info 3 /INPUT 16 "i_quotient";
    .port_info 4 /OUTPUT 16 "o_dividend";
    .port_info 5 /OUTPUT 16 "o_remainder";
    .port_info 6 /OUTPUT 16 "o_quotient";
L_0x7fb0cd89b4e8 .functor BUFT 1, C4<0000000000000001>, C4<0>, C4<0>, C4<0>;
L_0x13b48c0 .functor AND 16, L_0x13b4f40, L_0x7fb0cd89b4e8, C4<1111111111111111>, C4<1111111111111111>;
L_0x13b5340 .functor OR 16, L_0x13b48c0, L_0x13b5250, C4<0000000000000000>, C4<0000000000000000>;
L_0x7fb0cd89b608 .functor BUFT 1, C4<0000000000000001>, C4<0>, C4<0>, C4<0>;
L_0x13b55e0 .functor OR 16, L_0x13b5b50, L_0x7fb0cd89b608, C4<0000000000000000>, C4<0000000000000000>;
L_0x7fb0cd89b4a0 .functor BUFT 1, C4<000000000000000>, C4<0>, C4<0>, C4<0>;
v0x1378ad0_0 .net *"_ivl_10", 14 0, L_0x7fb0cd89b4a0;  1 drivers
v0x1378bb0_0 .net/2u *"_ivl_12", 15 0, L_0x7fb0cd89b4e8;  1 drivers
v0x1378c90_0 .net *"_ivl_14", 15 0, L_0x13b48c0;  1 drivers
v0x1378d80_0 .net *"_ivl_16", 15 0, L_0x13b5250;  1 drivers
v0x1378e60_0 .net *"_ivl_18", 14 0, L_0x13b5120;  1 drivers
v0x1378f90_0 .net *"_ivl_2", 14 0, L_0x13b4c80;  1 drivers
L_0x7fb0cd89b530 .functor BUFT 1, C4<0>, C4<0>, C4<0>, C4<0>;
v0x1379070_0 .net *"_ivl_20", 0 0, L_0x7fb0cd89b530;  1 drivers
v0x1379150_0 .net *"_ivl_26", 15 0, L_0x13b5540;  1 drivers
v0x1379230_0 .net *"_ivl_30", 15 0, L_0x13b59a0;  1 drivers
v0x1379310_0 .net *"_ivl_32", 14 0, L_0x13b5870;  1 drivers
L_0x7fb0cd89b578 .functor BUFT 1, C4<0>, C4<0>, C4<0>, C4<0>;
v0x13793f0_0 .net *"_ivl_34", 0 0, L_0x7fb0cd89b578;  1 drivers
v0x13794d0_0 .net *"_ivl_36", 15 0, L_0x13b5b50;  1 drivers
v0x13795b0_0 .net *"_ivl_38", 14 0, L_0x13b5a40;  1 drivers
L_0x7fb0cd89b458 .functor BUFT 1, C4<0>, C4<0>, C4<0>, C4<0>;
v0x1379690_0 .net *"_ivl_4", 0 0, L_0x7fb0cd89b458;  1 drivers
L_0x7fb0cd89b5c0 .functor BUFT 1, C4<0>, C4<0>, C4<0>, C4<0>;
v0x1379770_0 .net *"_ivl_40", 0 0, L_0x7fb0cd89b5c0;  1 drivers
v0x1379850_0 .net/2u *"_ivl_42", 15 0, L_0x7fb0cd89b608;  1 drivers
v0x1379930_0 .net *"_ivl_44", 15 0, L_0x13b55e0;  1 drivers
v0x1379b20_0 .net *"_ivl_6", 15 0, L_0x13b4f40;  1 drivers
v0x1379c00_0 .net *"_ivl_8", 0 0, L_0x13b4ea0;  1 drivers
v0x1379ce0_0 .net "i_dividend", 15 0, L_0x13b3b30;  alias, 1 drivers
v0x1379dc0_0 .net "i_divisor", 15 0, v0x1398190_0;  alias, 1 drivers
v0x1379e80_0 .net "i_quotient", 15 0, L_0x13b4ac0;  alias, 1 drivers
v0x1379f60_0 .net "i_remainder", 15 0, L_0x13b4420;  alias, 1 drivers
v0x137a040_0 .net "o_dividend", 15 0, L_0x13b4db0;  alias, 1 drivers
v0x137a120_0 .net "o_quotient", 15 0, L_0x13b5ce0;  alias, 1 drivers
v0x137a200_0 .net "o_remainder", 15 0, L_0x13b56a0;  alias, 1 drivers
v0x137a2e0_0 .net "remainder_lt_divisor", 0 0, L_0x13b5450;  1 drivers
v0x137a3a0_0 .net "remainder_updated", 15 0, L_0x13b5340;  1 drivers
L_0x13b4c80 .part L_0x13b3b30, 0, 15;
L_0x13b4db0 .concat [ 1 15 0 0], L_0x7fb0cd89b458, L_0x13b4c80;
L_0x13b4ea0 .part L_0x13b3b30, 15, 1;
L_0x13b4f40 .concat [ 1 15 0 0], L_0x13b4ea0, L_0x7fb0cd89b4a0;
L_0x13b5120 .part L_0x13b4420, 0, 15;
L_0x13b5250 .concat [ 1 15 0 0], L_0x7fb0cd89b530, L_0x13b5120;
L_0x13b5450 .cmp/gt 16, v0x1398190_0, L_0x13b5340;
L_0x13b5540 .arith/sub 16, L_0x13b5340, v0x1398190_0;
L_0x13b56a0 .functor MUXZ 16, L_0x13b5540, L_0x13b5340, L_0x13b5450, C4<>;
L_0x13b5870 .part L_0x13b4ac0, 0, 15;
L_0x13b59a0 .concat [ 1 15 0 0], L_0x7fb0cd89b578, L_0x13b5870;
L_0x13b5a40 .part L_0x13b4ac0, 0, 15;
L_0x13b5b50 .concat [ 1 15 0 0], L_0x7fb0cd89b5c0, L_0x13b5a40;
L_0x13b5ce0 .functor MUXZ 16, L_0x13b55e0, L_0x13b59a0, L_0x13b5450, C4<>;
S_0x137a560 .scope module, "i11" "lc4_divider_one_iter" 3 80, 3 126 0, S_0x13568d0;
 .timescale -9 -12;
    .port_info 0 /INPUT 16 "i_dividend";
    .port_info 1 /INPUT 16 "i_divisor";
    .port_info 2 /INPUT 16 "i_remainder";
    .port_info 3 /INPUT 16 "i_quotient";
    .port_info 4 /OUTPUT 16 "o_dividend";
    .port_info 5 /OUTPUT 16 "o_remainder";
    .port_info 6 /OUTPUT 16 "o_quotient";
L_0x7fb0cd89b6e0 .functor BUFT 1, C4<0000000000000001>, C4<0>, C4<0>, C4<0>;
L_0x13b5ae0 .functor AND 16, L_0x13b6160, L_0x7fb0cd89b6e0, C4<1111111111111111>, C4<1111111111111111>;
L_0x13b6560 .functor OR 16, L_0x13b5ae0, L_0x13b6470, C4<0000000000000000>, C4<0000000000000000>;
L_0x7fb0cd89b800 .functor BUFT 1, C4<0000000000000001>, C4<0>, C4<0>, C4<0>;
L_0x13b6800 .functor OR 16, L_0x13b6d70, L_0x7fb0cd89b800, C4<0000000000000000>, C4<0000000000000000>;
L_0x7fb0cd89b698 .functor BUFT 1, C4<000000000000000>, C4<0>, C4<0>, C4<0>;
v0x137a7f0_0 .net *"_ivl_10", 14 0, L_0x7fb0cd89b698;  1 drivers
v0x137a8f0_0 .net/2u *"_ivl_12", 15 0, L_0x7fb0cd89b6e0;  1 drivers
v0x137a9d0_0 .net *"_ivl_14", 15 0, L_0x13b5ae0;  1 drivers
v0x137aa90_0 .net *"_ivl_16", 15 0, L_0x13b6470;  1 drivers
v0x137ab70_0 .net *"_ivl_18", 14 0, L_0x13b6340;  1 drivers
v0x137aca0_0 .net *"_ivl_2", 14 0, L_0x13b5ea0;  1 drivers
L_0x7fb0cd89b728 .functor BUFT 1, C4<0>, C4<0>, C4<0>, C4<0>;
v0x137ad80_0 .net *"_ivl_20", 0 0, L_0x7fb0cd89b728;  1 drivers
v0x137ae60_0 .net *"_ivl_26", 15 0, L_0x13b6760;  1 drivers
v0x137af40_0 .net *"_ivl_30", 15 0, L_0x13b6bc0;  1 drivers
v0x137b020_0 .net *"_ivl_32", 14 0, L_0x13b6a90;  1 drivers
L_0x7fb0cd89b770 .functor BUFT 1, C4<0>, C4<0>, C4<0>, C4<0>;
v0x137b100_0 .net *"_ivl_34", 0 0, L_0x7fb0cd89b770;  1 drivers
v0x137b1e0_0 .net *"_ivl_36", 15 0, L_0x13b6d70;  1 drivers
v0x137b2c0_0 .net *"_ivl_38", 14 0, L_0x13b6c60;  1 drivers
L_0x7fb0cd89b650 .functor BUFT 1, C4<0>, C4<0>, C4<0>, C4<0>;
v0x137b3a0_0 .net *"_ivl_4", 0 0, L_0x7fb0cd89b650;  1 drivers
L_0x7fb0cd89b7b8 .functor BUFT 1, C4<0>, C4<0>, C4<0>, C4<0>;
v0x137b480_0 .net *"_ivl_40", 0 0, L_0x7fb0cd89b7b8;  1 drivers
v0x137b560_0 .net/2u *"_ivl_42", 15 0, L_0x7fb0cd89b800;  1 drivers
v0x137b640_0 .net *"_ivl_44", 15 0, L_0x13b6800;  1 drivers
v0x137b830_0 .net *"_ivl_6", 15 0, L_0x13b6160;  1 drivers
v0x137b910_0 .net *"_ivl_8", 0 0, L_0x13b60c0;  1 drivers
v0x137b9f0_0 .net "i_dividend", 15 0, L_0x13b4db0;  alias, 1 drivers
v0x137bab0_0 .net "i_divisor", 15 0, v0x1398190_0;  alias, 1 drivers
v0x137bb50_0 .net "i_quotient", 15 0, L_0x13b5ce0;  alias, 1 drivers
v0x137bc10_0 .net "i_remainder", 15 0, L_0x13b56a0;  alias, 1 drivers
v0x137bce0_0 .net "o_dividend", 15 0, L_0x13b5fd0;  alias, 1 drivers
v0x137bda0_0 .net "o_quotient", 15 0, L_0x13b6f00;  alias, 1 drivers
v0x137be80_0 .net "o_remainder", 15 0, L_0x13b68c0;  alias, 1 drivers
v0x137bf60_0 .net "remainder_lt_divisor", 0 0, L_0x13b6670;  1 drivers
v0x137c020_0 .net "remainder_updated", 15 0, L_0x13b6560;  1 drivers
L_0x13b5ea0 .part L_0x13b4db0, 0, 15;
L_0x13b5fd0 .concat [ 1 15 0 0], L_0x7fb0cd89b650, L_0x13b5ea0;
L_0x13b60c0 .part L_0x13b4db0, 15, 1;
L_0x13b6160 .concat [ 1 15 0 0], L_0x13b60c0, L_0x7fb0cd89b698;
L_0x13b6340 .part L_0x13b56a0, 0, 15;
L_0x13b6470 .concat [ 1 15 0 0], L_0x7fb0cd89b728, L_0x13b6340;
L_0x13b6670 .cmp/gt 16, v0x1398190_0, L_0x13b6560;
L_0x13b6760 .arith/sub 16, L_0x13b6560, v0x1398190_0;
L_0x13b68c0 .functor MUXZ 16, L_0x13b6760, L_0x13b6560, L_0x13b6670, C4<>;
L_0x13b6a90 .part L_0x13b5ce0, 0, 15;
L_0x13b6bc0 .concat [ 1 15 0 0], L_0x7fb0cd89b770, L_0x13b6a90;
L_0x13b6c60 .part L_0x13b5ce0, 0, 15;
L_0x13b6d70 .concat [ 1 15 0 0], L_0x7fb0cd89b7b8, L_0x13b6c60;
L_0x13b6f00 .functor MUXZ 16, L_0x13b6800, L_0x13b6bc0, L_0x13b6670, C4<>;
S_0x137c1e0 .scope module, "i12" "lc4_divider_one_iter" 3 86, 3 126 0, S_0x13568d0;
 .timescale -9 -12;
    .port_info 0 /INPUT 16 "i_dividend";
    .port_info 1 /INPUT 16 "i_divisor";
    .port_info 2 /INPUT 16 "i_remainder";
    .port_info 3 /INPUT 16 "i_quotient";
    .port_info 4 /OUTPUT 16 "o_dividend";
    .port_info 5 /OUTPUT 16 "o_remainder";
    .port_info 6 /OUTPUT 16 "o_quotient";
L_0x7fb0cd89b8d8 .functor BUFT 1, C4<0000000000000001>, C4<0>, C4<0>, C4<0>;
L_0x13b6d00 .functor AND 16, L_0x13b7380, L_0x7fb0cd89b8d8, C4<1111111111111111>, C4<1111111111111111>;
L_0x13b7780 .functor OR 16, L_0x13b6d00, L_0x13b7690, C4<0000000000000000>, C4<0000000000000000>;
L_0x7fb0cd89b9f8 .functor BUFT 1, C4<0000000000000001>, C4<0>, C4<0>, C4<0>;
L_0x13b7a20 .functor OR 16, L_0x13b7f90, L_0x7fb0cd89b9f8, C4<0000000000000000>, C4<0000000000000000>;
L_0x7fb0cd89b890 .functor BUFT 1, C4<000000000000000>, C4<0>, C4<0>, C4<0>;
v0x137c470_0 .net *"_ivl_10", 14 0, L_0x7fb0cd89b890;  1 drivers
v0x137c570_0 .net/2u *"_ivl_12", 15 0, L_0x7fb0cd89b8d8;  1 drivers
v0x137c650_0 .net *"_ivl_14", 15 0, L_0x13b6d00;  1 drivers
v0x137c710_0 .net *"_ivl_16", 15 0, L_0x13b7690;  1 drivers
v0x137c7f0_0 .net *"_ivl_18", 14 0, L_0x13b7560;  1 drivers
v0x137c920_0 .net *"_ivl_2", 14 0, L_0x13b70c0;  1 drivers
L_0x7fb0cd89b920 .functor BUFT 1, C4<0>, C4<0>, C4<0>, C4<0>;
v0x137ca00_0 .net *"_ivl_20", 0 0, L_0x7fb0cd89b920;  1 drivers
v0x137cae0_0 .net *"_ivl_26", 15 0, L_0x13b7980;  1 drivers
v0x137cbc0_0 .net *"_ivl_30", 15 0, L_0x13b7de0;  1 drivers
v0x137cca0_0 .net *"_ivl_32", 14 0, L_0x13b7cb0;  1 drivers
L_0x7fb0cd89b968 .functor BUFT 1, C4<0>, C4<0>, C4<0>, C4<0>;
v0x137cd80_0 .net *"_ivl_34", 0 0, L_0x7fb0cd89b968;  1 drivers
v0x137ce60_0 .net *"_ivl_36", 15 0, L_0x13b7f90;  1 drivers
v0x137cf40_0 .net *"_ivl_38", 14 0, L_0x13b7e80;  1 drivers
L_0x7fb0cd89b848 .functor BUFT 1, C4<0>, C4<0>, C4<0>, C4<0>;
v0x137d020_0 .net *"_ivl_4", 0 0, L_0x7fb0cd89b848;  1 drivers
L_0x7fb0cd89b9b0 .functor BUFT 1, C4<0>, C4<0>, C4<0>, C4<0>;
v0x137d100_0 .net *"_ivl_40", 0 0, L_0x7fb0cd89b9b0;  1 drivers
v0x137d1e0_0 .net/2u *"_ivl_42", 15 0, L_0x7fb0cd89b9f8;  1 drivers
v0x137d2c0_0 .net *"_ivl_44", 15 0, L_0x13b7a20;  1 drivers
v0x137d4b0_0 .net *"_ivl_6", 15 0, L_0x13b7380;  1 drivers
v0x137d590_0 .net *"_ivl_8", 0 0, L_0x13b72e0;  1 drivers
v0x137d670_0 .net "i_dividend", 15 0, L_0x13b5fd0;  alias, 1 drivers
v0x137d730_0 .net "i_divisor", 15 0, v0x1398190_0;  alias, 1 drivers
v0x137d7d0_0 .net "i_quotient", 15 0, L_0x13b6f00;  alias, 1 drivers
v0x137d8c0_0 .net "i_remainder", 15 0, L_0x13b68c0;  alias, 1 drivers
v0x137d990_0 .net "o_dividend", 15 0, L_0x13b71f0;  alias, 1 drivers
v0x137da50_0 .net "o_quotient", 15 0, L_0x13b8120;  alias, 1 drivers
v0x137db30_0 .net "o_remainder", 15 0, L_0x13b7ae0;  alias, 1 drivers
v0x137dc10_0 .net "remainder_lt_divisor", 0 0, L_0x13b7890;  1 drivers
v0x137dcd0_0 .net "remainder_updated", 15 0, L_0x13b7780;  1 drivers
L_0x13b70c0 .part L_0x13b5fd0, 0, 15;
L_0x13b71f0 .concat [ 1 15 0 0], L_0x7fb0cd89b848, L_0x13b70c0;
L_0x13b72e0 .part L_0x13b5fd0, 15, 1;
L_0x13b7380 .concat [ 1 15 0 0], L_0x13b72e0, L_0x7fb0cd89b890;
L_0x13b7560 .part L_0x13b68c0, 0, 15;
L_0x13b7690 .concat [ 1 15 0 0], L_0x7fb0cd89b920, L_0x13b7560;
L_0x13b7890 .cmp/gt 16, v0x1398190_0, L_0x13b7780;
L_0x13b7980 .arith/sub 16, L_0x13b7780, v0x1398190_0;
L_0x13b7ae0 .functor MUXZ 16, L_0x13b7980, L_0x13b7780, L_0x13b7890, C4<>;
L_0x13b7cb0 .part L_0x13b6f00, 0, 15;
L_0x13b7de0 .concat [ 1 15 0 0], L_0x7fb0cd89b968, L_0x13b7cb0;
L_0x13b7e80 .part L_0x13b6f00, 0, 15;
L_0x13b7f90 .concat [ 1 15 0 0], L_0x7fb0cd89b9b0, L_0x13b7e80;
L_0x13b8120 .functor MUXZ 16, L_0x13b7a20, L_0x13b7de0, L_0x13b7890, C4<>;
S_0x137de90 .scope module, "i13" "lc4_divider_one_iter" 3 92, 3 126 0, S_0x13568d0;
 .timescale -9 -12;
    .port_info 0 /INPUT 16 "i_dividend";
    .port_info 1 /INPUT 16 "i_divisor";
    .port_info 2 /INPUT 16 "i_remainder";
    .port_info 3 /INPUT 16 "i_quotient";
    .port_info 4 /OUTPUT 16 "o_dividend";
    .port_info 5 /OUTPUT 16 "o_remainder";
    .port_info 6 /OUTPUT 16 "o_quotient";
L_0x7fb0cd89bad0 .functor BUFT 1, C4<0000000000000001>, C4<0>, C4<0>, C4<0>;
L_0x13b7f20 .functor AND 16, L_0x13b85a0, L_0x7fb0cd89bad0, C4<1111111111111111>, C4<1111111111111111>;
L_0x13b89a0 .functor OR 16, L_0x13b7f20, L_0x13b88b0, C4<0000000000000000>, C4<0000000000000000>;
L_0x7fb0cd89bbf0 .functor BUFT 1, C4<0000000000000001>, C4<0>, C4<0>, C4<0>;
L_0x13b8c40 .functor OR 16, L_0x13b91b0, L_0x7fb0cd89bbf0, C4<0000000000000000>, C4<0000000000000000>;
L_0x7fb0cd89ba88 .functor BUFT 1, C4<000000000000000>, C4<0>, C4<0>, C4<0>;
v0x137e0d0_0 .net *"_ivl_10", 14 0, L_0x7fb0cd89ba88;  1 drivers
v0x137e1d0_0 .net/2u *"_ivl_12", 15 0, L_0x7fb0cd89bad0;  1 drivers
v0x137e2b0_0 .net *"_ivl_14", 15 0, L_0x13b7f20;  1 drivers
v0x137e3a0_0 .net *"_ivl_16", 15 0, L_0x13b88b0;  1 drivers
v0x137e480_0 .net *"_ivl_18", 14 0, L_0x13b8780;  1 drivers
v0x137e560_0 .net *"_ivl_2", 14 0, L_0x13b82e0;  1 drivers
L_0x7fb0cd89bb18 .functor BUFT 1, C4<0>, C4<0>, C4<0>, C4<0>;
v0x137e640_0 .net *"_ivl_20", 0 0, L_0x7fb0cd89bb18;  1 drivers
v0x137e720_0 .net *"_ivl_26", 15 0, L_0x13b8ba0;  1 drivers
v0x137e800_0 .net *"_ivl_30", 15 0, L_0x13b9000;  1 drivers
v0x137e970_0 .net *"_ivl_32", 14 0, L_0x13b8ed0;  1 drivers
L_0x7fb0cd89bb60 .functor BUFT 1, C4<0>, C4<0>, C4<0>, C4<0>;
v0x137ea50_0 .net *"_ivl_34", 0 0, L_0x7fb0cd89bb60;  1 drivers
v0x137eb30_0 .net *"_ivl_36", 15 0, L_0x13b91b0;  1 drivers
v0x137ec10_0 .net *"_ivl_38", 14 0, L_0x13b90a0;  1 drivers
L_0x7fb0cd89ba40 .functor BUFT 1, C4<0>, C4<0>, C4<0>, C4<0>;
v0x137ecf0_0 .net *"_ivl_4", 0 0, L_0x7fb0cd89ba40;  1 drivers
L_0x7fb0cd89bba8 .functor BUFT 1, C4<0>, C4<0>, C4<0>, C4<0>;
v0x137edd0_0 .net *"_ivl_40", 0 0, L_0x7fb0cd89bba8;  1 drivers
v0x137eeb0_0 .net/2u *"_ivl_42", 15 0, L_0x7fb0cd89bbf0;  1 drivers
v0x137ef90_0 .net *"_ivl_44", 15 0, L_0x13b8c40;  1 drivers
v0x137f180_0 .net *"_ivl_6", 15 0, L_0x13b85a0;  1 drivers
v0x137f260_0 .net *"_ivl_8", 0 0, L_0x13b8500;  1 drivers
v0x137f340_0 .net "i_dividend", 15 0, L_0x13b71f0;  alias, 1 drivers
v0x137f400_0 .net "i_divisor", 15 0, v0x1398190_0;  alias, 1 drivers
v0x137f4a0_0 .net "i_quotient", 15 0, L_0x13b8120;  alias, 1 drivers
v0x137f590_0 .net "i_remainder", 15 0, L_0x13b7ae0;  alias, 1 drivers
v0x137f660_0 .net "o_dividend", 15 0, L_0x13b8410;  alias, 1 drivers
v0x137f720_0 .net "o_quotient", 15 0, L_0x13b9340;  alias, 1 drivers
v0x137f800_0 .net "o_remainder", 15 0, L_0x13b8d00;  alias, 1 drivers
v0x137f8e0_0 .net "remainder_lt_divisor", 0 0, L_0x13b8ab0;  1 drivers
v0x137f9a0_0 .net "remainder_updated", 15 0, L_0x13b89a0;  1 drivers
L_0x13b82e0 .part L_0x13b71f0, 0, 15;
L_0x13b8410 .concat [ 1 15 0 0], L_0x7fb0cd89ba40, L_0x13b82e0;
L_0x13b8500 .part L_0x13b71f0, 15, 1;
L_0x13b85a0 .concat [ 1 15 0 0], L_0x13b8500, L_0x7fb0cd89ba88;
L_0x13b8780 .part L_0x13b7ae0, 0, 15;
L_0x13b88b0 .concat [ 1 15 0 0], L_0x7fb0cd89bb18, L_0x13b8780;
L_0x13b8ab0 .cmp/gt 16, v0x1398190_0, L_0x13b89a0;
L_0x13b8ba0 .arith/sub 16, L_0x13b89a0, v0x1398190_0;
L_0x13b8d00 .functor MUXZ 16, L_0x13b8ba0, L_0x13b89a0, L_0x13b8ab0, C4<>;
L_0x13b8ed0 .part L_0x13b8120, 0, 15;
L_0x13b9000 .concat [ 1 15 0 0], L_0x7fb0cd89bb60, L_0x13b8ed0;
L_0x13b90a0 .part L_0x13b8120, 0, 15;
L_0x13b91b0 .concat [ 1 15 0 0], L_0x7fb0cd89bba8, L_0x13b90a0;
L_0x13b9340 .functor MUXZ 16, L_0x13b8c40, L_0x13b9000, L_0x13b8ab0, C4<>;
S_0x137fba0 .scope module, "i14" "lc4_divider_one_iter" 3 98, 3 126 0, S_0x13568d0;
 .timescale -9 -12;
    .port_info 0 /INPUT 16 "i_dividend";
    .port_info 1 /INPUT 16 "i_divisor";
    .port_info 2 /INPUT 16 "i_remainder";
    .port_info 3 /INPUT 16 "i_quotient";
    .port_info 4 /OUTPUT 16 "o_dividend";
    .port_info 5 /OUTPUT 16 "o_remainder";
    .port_info 6 /OUTPUT 16 "o_quotient";
L_0x7fb0cd89bcc8 .functor BUFT 1, C4<0000000000000001>, C4<0>, C4<0>, C4<0>;
L_0x13b9140 .functor AND 16, L_0x13b97c0, L_0x7fb0cd89bcc8, C4<1111111111111111>, C4<1111111111111111>;
L_0x13b9bc0 .functor OR 16, L_0x13b9140, L_0x13b9ad0, C4<0000000000000000>, C4<0000000000000000>;
L_0x7fb0cd89bde8 .functor BUFT 1, C4<0000000000000001>, C4<0>, C4<0>, C4<0>;
L_0x13b9e60 .functor OR 16, L_0x13ba3d0, L_0x7fb0cd89bde8, C4<0000000000000000>, C4<0000000000000000>;
L_0x7fb0cd89bc80 .functor BUFT 1, C4<000000000000000>, C4<0>, C4<0>, C4<0>;
v0x137fde0_0 .net *"_ivl_10", 14 0, L_0x7fb0cd89bc80;  1 drivers
v0x137fee0_0 .net/2u *"_ivl_12", 15 0, L_0x7fb0cd89bcc8;  1 drivers
v0x137ffc0_0 .net *"_ivl_14", 15 0, L_0x13b9140;  1 drivers
v0x13800b0_0 .net *"_ivl_16", 15 0, L_0x13b9ad0;  1 drivers
v0x1380190_0 .net *"_ivl_18", 14 0, L_0x13b99a0;  1 drivers
v0x13802c0_0 .net *"_ivl_2", 14 0, L_0x13b9500;  1 drivers
L_0x7fb0cd89bd10 .functor BUFT 1, C4<0>, C4<0>, C4<0>, C4<0>;
v0x13803a0_0 .net *"_ivl_20", 0 0, L_0x7fb0cd89bd10;  1 drivers
v0x1380480_0 .net *"_ivl_26", 15 0, L_0x13b9dc0;  1 drivers
v0x1380560_0 .net *"_ivl_30", 15 0, L_0x13ba220;  1 drivers
v0x1380640_0 .net *"_ivl_32", 14 0, L_0x13ba0f0;  1 drivers
L_0x7fb0cd89bd58 .functor BUFT 1, C4<0>, C4<0>, C4<0>, C4<0>;
v0x1380720_0 .net *"_ivl_34", 0 0, L_0x7fb0cd89bd58;  1 drivers
v0x1380800_0 .net *"_ivl_36", 15 0, L_0x13ba3d0;  1 drivers
v0x13808e0_0 .net *"_ivl_38", 14 0, L_0x13ba2c0;  1 drivers
L_0x7fb0cd89bc38 .functor BUFT 1, C4<0>, C4<0>, C4<0>, C4<0>;
v0x13809c0_0 .net *"_ivl_4", 0 0, L_0x7fb0cd89bc38;  1 drivers
L_0x7fb0cd89bda0 .functor BUFT 1, C4<0>, C4<0>, C4<0>, C4<0>;
v0x1380aa0_0 .net *"_ivl_40", 0 0, L_0x7fb0cd89bda0;  1 drivers
v0x1380b80_0 .net/2u *"_ivl_42", 15 0, L_0x7fb0cd89bde8;  1 drivers
v0x1380c60_0 .net *"_ivl_44", 15 0, L_0x13b9e60;  1 drivers
v0x1380e50_0 .net *"_ivl_6", 15 0, L_0x13b97c0;  1 drivers
v0x1380f30_0 .net *"_ivl_8", 0 0, L_0x13b9720;  1 drivers
v0x1381010_0 .net "i_dividend", 15 0, L_0x13b8410;  alias, 1 drivers
v0x13810d0_0 .net "i_divisor", 15 0, v0x1398190_0;  alias, 1 drivers
v0x1381170_0 .net "i_quotient", 15 0, L_0x13b9340;  alias, 1 drivers
v0x1381260_0 .net "i_remainder", 15 0, L_0x13b8d00;  alias, 1 drivers
v0x1381330_0 .net "o_dividend", 15 0, L_0x13b9630;  alias, 1 drivers
v0x13813f0_0 .net "o_quotient", 15 0, L_0x13ba560;  alias, 1 drivers
v0x13814d0_0 .net "o_remainder", 15 0, L_0x13b9f20;  alias, 1 drivers
v0x13815b0_0 .net "remainder_lt_divisor", 0 0, L_0x13b9cd0;  1 drivers
v0x1381670_0 .net "remainder_updated", 15 0, L_0x13b9bc0;  1 drivers
L_0x13b9500 .part L_0x13b8410, 0, 15;
L_0x13b9630 .concat [ 1 15 0 0], L_0x7fb0cd89bc38, L_0x13b9500;
L_0x13b9720 .part L_0x13b8410, 15, 1;
L_0x13b97c0 .concat [ 1 15 0 0], L_0x13b9720, L_0x7fb0cd89bc80;
L_0x13b99a0 .part L_0x13b8d00, 0, 15;
L_0x13b9ad0 .concat [ 1 15 0 0], L_0x7fb0cd89bd10, L_0x13b99a0;
L_0x13b9cd0 .cmp/gt 16, v0x1398190_0, L_0x13b9bc0;
L_0x13b9dc0 .arith/sub 16, L_0x13b9bc0, v0x1398190_0;
L_0x13b9f20 .functor MUXZ 16, L_0x13b9dc0, L_0x13b9bc0, L_0x13b9cd0, C4<>;
L_0x13ba0f0 .part L_0x13b9340, 0, 15;
L_0x13ba220 .concat [ 1 15 0 0], L_0x7fb0cd89bd58, L_0x13ba0f0;
L_0x13ba2c0 .part L_0x13b9340, 0, 15;
L_0x13ba3d0 .concat [ 1 15 0 0], L_0x7fb0cd89bda0, L_0x13ba2c0;
L_0x13ba560 .functor MUXZ 16, L_0x13b9e60, L_0x13ba220, L_0x13b9cd0, C4<>;
S_0x1381870 .scope module, "i15" "lc4_divider_one_iter" 3 104, 3 126 0, S_0x13568d0;
 .timescale -9 -12;
    .port_info 0 /INPUT 16 "i_dividend";
    .port_info 1 /INPUT 16 "i_divisor";
    .port_info 2 /INPUT 16 "i_remainder";
    .port_info 3 /INPUT 16 "i_quotient";
    .port_info 4 /OUTPUT 16 "o_dividend";
    .port_info 5 /OUTPUT 16 "o_remainder";
    .port_info 6 /OUTPUT 16 "o_quotient";
L_0x7fb0cd89bec0 .functor BUFT 1, C4<0000000000000001>, C4<0>, C4<0>, C4<0>;
L_0x13ba360 .functor AND 16, L_0x13baa30, L_0x7fb0cd89bec0, C4<1111111111111111>, C4<1111111111111111>;
L_0x13bae30 .functor OR 16, L_0x13ba360, L_0x13bad40, C4<0000000000000000>, C4<0000000000000000>;
L_0x7fb0cd89bfe0 .functor BUFT 1, C4<0000000000000001>, C4<0>, C4<0>, C4<0>;
L_0x13bb0d0 .functor OR 16, L_0x13bb690, L_0x7fb0cd89bfe0, C4<0000000000000000>, C4<0000000000000000>;
L_0x7fb0cd89be78 .functor BUFT 1, C4<000000000000000>, C4<0>, C4<0>, C4<0>;
v0x1381ab0_0 .net *"_ivl_10", 14 0, L_0x7fb0cd89be78;  1 drivers
v0x1381bb0_0 .net/2u *"_ivl_12", 15 0, L_0x7fb0cd89bec0;  1 drivers
v0x1381c90_0 .net *"_ivl_14", 15 0, L_0x13ba360;  1 drivers
v0x1381d80_0 .net *"_ivl_16", 15 0, L_0x13bad40;  1 drivers
v0x1381e60_0 .net *"_ivl_18", 14 0, L_0x13bac10;  1 drivers
v0x1381f90_0 .net *"_ivl_2", 14 0, L_0x13ba720;  1 drivers
L_0x7fb0cd89bf08 .functor BUFT 1, C4<0>, C4<0>, C4<0>, C4<0>;
v0x1382070_0 .net *"_ivl_20", 0 0, L_0x7fb0cd89bf08;  1 drivers
v0x1382150_0 .net *"_ivl_26", 15 0, L_0x13bb030;  1 drivers
v0x1382230_0 .net *"_ivl_30", 15 0, L_0x13bb4e0;  1 drivers
v0x1382310_0 .net *"_ivl_32", 14 0, L_0x13bb3b0;  1 drivers
L_0x7fb0cd89bf50 .functor BUFT 1, C4<0>, C4<0>, C4<0>, C4<0>;
v0x13823f0_0 .net *"_ivl_34", 0 0, L_0x7fb0cd89bf50;  1 drivers
v0x13824d0_0 .net *"_ivl_36", 15 0, L_0x13bb690;  1 drivers
v0x13825b0_0 .net *"_ivl_38", 14 0, L_0x13bb580;  1 drivers
L_0x7fb0cd89be30 .functor BUFT 1, C4<0>, C4<0>, C4<0>, C4<0>;
v0x1382690_0 .net *"_ivl_4", 0 0, L_0x7fb0cd89be30;  1 drivers
L_0x7fb0cd89bf98 .functor BUFT 1, C4<0>, C4<0>, C4<0>, C4<0>;
v0x1382770_0 .net *"_ivl_40", 0 0, L_0x7fb0cd89bf98;  1 drivers
v0x1382850_0 .net/2u *"_ivl_42", 15 0, L_0x7fb0cd89bfe0;  1 drivers
v0x1382930_0 .net *"_ivl_44", 15 0, L_0x13bb0d0;  1 drivers
v0x1382b20_0 .net *"_ivl_6", 15 0, L_0x13baa30;  1 drivers
v0x1382c00_0 .net *"_ivl_8", 0 0, L_0x13ba990;  1 drivers
v0x1382ce0_0 .net "i_dividend", 15 0, L_0x13b9630;  alias, 1 drivers
v0x1382da0_0 .net "i_divisor", 15 0, v0x1398190_0;  alias, 1 drivers
v0x1382e40_0 .net "i_quotient", 15 0, L_0x13ba560;  alias, 1 drivers
v0x1382f30_0 .net "i_remainder", 15 0, L_0x13b9f20;  alias, 1 drivers
v0x1383000_0 .net "o_dividend", 15 0, L_0x13ba850;  alias, 1 drivers
v0x13830c0_0 .net "o_quotient", 15 0, L_0x13bb820;  alias, 1 drivers
v0x13831a0_0 .net "o_remainder", 15 0, L_0x13bb190;  alias, 1 drivers
v0x1383280_0 .net "remainder_lt_divisor", 0 0, L_0x13baf40;  1 drivers
v0x1383340_0 .net "remainder_updated", 15 0, L_0x13bae30;  1 drivers
L_0x13ba720 .part L_0x13b9630, 0, 15;
L_0x13ba850 .concat [ 1 15 0 0], L_0x7fb0cd89be30, L_0x13ba720;
L_0x13ba990 .part L_0x13b9630, 15, 1;
L_0x13baa30 .concat [ 1 15 0 0], L_0x13ba990, L_0x7fb0cd89be78;
L_0x13bac10 .part L_0x13b9f20, 0, 15;
L_0x13bad40 .concat [ 1 15 0 0], L_0x7fb0cd89bf08, L_0x13bac10;
L_0x13baf40 .cmp/gt 16, v0x1398190_0, L_0x13bae30;
L_0x13bb030 .arith/sub 16, L_0x13bae30, v0x1398190_0;
L_0x13bb190 .functor MUXZ 16, L_0x13bb030, L_0x13bae30, L_0x13baf40, C4<>;
L_0x13bb3b0 .part L_0x13ba560, 0, 15;
L_0x13bb4e0 .concat [ 1 15 0 0], L_0x7fb0cd89bf50, L_0x13bb3b0;
L_0x13bb580 .part L_0x13ba560, 0, 15;
L_0x13bb690 .concat [ 1 15 0 0], L_0x7fb0cd89bf98, L_0x13bb580;
L_0x13bb820 .functor MUXZ 16, L_0x13bb0d0, L_0x13bb4e0, L_0x13baf40, C4<>;
S_0x1383540 .scope module, "i2" "lc4_divider_one_iter" 3 26, 3 126 0, S_0x13568d0;
 .timescale -9 -12;
    .port_info 0 /INPUT 16 "i_dividend";
    .port_info 1 /INPUT 16 "i_divisor";
    .port_info 2 /INPUT 16 "i_remainder";
    .port_info 3 /INPUT 16 "i_quotient";
    .port_info 4 /OUTPUT 16 "o_dividend";
    .port_info 5 /OUTPUT 16 "o_remainder";
    .port_info 6 /OUTPUT 16 "o_quotient";
L_0x7fb0cd89a528 .functor BUFT 1, C4<0000000000000001>, C4<0>, C4<0>, C4<0>;
L_0x13aa980 .functor AND 16, L_0x13ab110, L_0x7fb0cd89a528, C4<1111111111111111>, C4<1111111111111111>;
L_0x13ab4c0 .functor OR 16, L_0x13aa980, L_0x13ab390, C4<0000000000000000>, C4<0000000000000000>;
L_0x7fb0cd89a648 .functor BUFT 1, C4<0000000000000001>, C4<0>, C4<0>, C4<0>;
L_0x13ab760 .functor OR 16, L_0x13abd30, L_0x7fb0cd89a648, C4<0000000000000000>, C4<0000000000000000>;
L_0x7fb0cd89a4e0 .functor BUFT 1, C4<000000000000000>, C4<0>, C4<0>, C4<0>;
v0x1383780_0 .net *"_ivl_10", 14 0, L_0x7fb0cd89a4e0;  1 drivers
v0x1383880_0 .net/2u *"_ivl_12", 15 0, L_0x7fb0cd89a528;  1 drivers
v0x1383960_0 .net *"_ivl_14", 15 0, L_0x13aa980;  1 drivers
v0x1383a50_0 .net *"_ivl_16", 15 0, L_0x13ab390;  1 drivers
v0x1383b30_0 .net *"_ivl_18", 14 0, L_0x13ab2f0;  1 drivers
v0x1383c10_0 .net *"_ivl_2", 14 0, L_0x13aad40;  1 drivers
L_0x7fb0cd89a570 .functor BUFT 1, C4<0>, C4<0>, C4<0>, C4<0>;
v0x1383cf0_0 .net *"_ivl_20", 0 0, L_0x7fb0cd89a570;  1 drivers
v0x1383dd0_0 .net *"_ivl_26", 15 0, L_0x13ab6c0;  1 drivers
v0x1383eb0_0 .net *"_ivl_30", 15 0, L_0x13abb80;  1 drivers
v0x1384020_0 .net *"_ivl_32", 14 0, L_0x13ab9f0;  1 drivers
L_0x7fb0cd89a5b8 .functor BUFT 1, C4<0>, C4<0>, C4<0>, C4<0>;
v0x1384100_0 .net *"_ivl_34", 0 0, L_0x7fb0cd89a5b8;  1 drivers
v0x13841e0_0 .net *"_ivl_36", 15 0, L_0x13abd30;  1 drivers
v0x13842c0_0 .net *"_ivl_38", 14 0, L_0x13abc20;  1 drivers
L_0x7fb0cd89a498 .functor BUFT 1, C4<0>, C4<0>, C4<0>, C4<0>;
v0x13843a0_0 .net *"_ivl_4", 0 0, L_0x7fb0cd89a498;  1 drivers
L_0x7fb0cd89a600 .functor BUFT 1, C4<0>, C4<0>, C4<0>, C4<0>;
v0x1384480_0 .net *"_ivl_40", 0 0, L_0x7fb0cd89a600;  1 drivers
v0x1384560_0 .net/2u *"_ivl_42", 15 0, L_0x7fb0cd89a648;  1 drivers
v0x1384640_0 .net *"_ivl_44", 15 0, L_0x13ab760;  1 drivers
v0x1384830_0 .net *"_ivl_6", 15 0, L_0x13ab110;  1 drivers
v0x1384910_0 .net *"_ivl_8", 0 0, L_0x13ab070;  1 drivers
v0x13849f0_0 .net "i_dividend", 15 0, L_0x13a9c00;  alias, 1 drivers
v0x1384ab0_0 .net "i_divisor", 15 0, v0x1398190_0;  alias, 1 drivers
v0x1384c60_0 .net "i_quotient", 15 0, L_0x13aab80;  alias, 1 drivers
v0x1384d50_0 .net "i_remainder", 15 0, L_0x13aa4e0;  alias, 1 drivers
v0x1384e20_0 .net "o_dividend", 15 0, L_0x13aaf80;  alias, 1 drivers
v0x1384ee0_0 .net "o_quotient", 15 0, L_0x13abec0;  alias, 1 drivers
v0x1384fc0_0 .net "o_remainder", 15 0, L_0x13ab820;  alias, 1 drivers
v0x13850a0_0 .net "remainder_lt_divisor", 0 0, L_0x13ab5d0;  1 drivers
v0x1385160_0 .net "remainder_updated", 15 0, L_0x13ab4c0;  1 drivers
L_0x13aad40 .part L_0x13a9c00, 0, 15;
L_0x13aaf80 .concat [ 1 15 0 0], L_0x7fb0cd89a498, L_0x13aad40;
L_0x13ab070 .part L_0x13a9c00, 15, 1;
L_0x13ab110 .concat [ 1 15 0 0], L_0x13ab070, L_0x7fb0cd89a4e0;
L_0x13ab2f0 .part L_0x13aa4e0, 0, 15;
L_0x13ab390 .concat [ 1 15 0 0], L_0x7fb0cd89a570, L_0x13ab2f0;
L_0x13ab5d0 .cmp/gt 16, v0x1398190_0, L_0x13ab4c0;
L_0x13ab6c0 .arith/sub 16, L_0x13ab4c0, v0x1398190_0;
L_0x13ab820 .functor MUXZ 16, L_0x13ab6c0, L_0x13ab4c0, L_0x13ab5d0, C4<>;
L_0x13ab9f0 .part L_0x13aab80, 0, 15;
L_0x13abb80 .concat [ 1 15 0 0], L_0x7fb0cd89a5b8, L_0x13ab9f0;
L_0x13abc20 .part L_0x13aab80, 0, 15;
L_0x13abd30 .concat [ 1 15 0 0], L_0x7fb0cd89a600, L_0x13abc20;
L_0x13abec0 .functor MUXZ 16, L_0x13ab760, L_0x13abb80, L_0x13ab5d0, C4<>;
S_0x1385360 .scope module, "i3" "lc4_divider_one_iter" 3 32, 3 126 0, S_0x13568d0;
 .timescale -9 -12;
    .port_info 0 /INPUT 16 "i_dividend";
    .port_info 1 /INPUT 16 "i_divisor";
    .port_info 2 /INPUT 16 "i_remainder";
    .port_info 3 /INPUT 16 "i_quotient";
    .port_info 4 /OUTPUT 16 "o_dividend";
    .port_info 5 /OUTPUT 16 "o_remainder";
    .port_info 6 /OUTPUT 16 "o_quotient";
L_0x7fb0cd89a720 .functor BUFT 1, C4<0000000000000001>, C4<0>, C4<0>, C4<0>;
L_0x13abcc0 .functor AND 16, L_0x13ac340, L_0x7fb0cd89a720, C4<1111111111111111>, C4<1111111111111111>;
L_0x13ac780 .functor OR 16, L_0x13abcc0, L_0x13ac650, C4<0000000000000000>, C4<0000000000000000>;
L_0x7fb0cd89a840 .functor BUFT 1, C4<0000000000000001>, C4<0>, C4<0>, C4<0>;
L_0x13aca20 .functor OR 16, L_0x13acff0, L_0x7fb0cd89a840, C4<0000000000000000>, C4<0000000000000000>;
L_0x7fb0cd89a6d8 .functor BUFT 1, C4<000000000000000>, C4<0>, C4<0>, C4<0>;
v0x13855a0_0 .net *"_ivl_10", 14 0, L_0x7fb0cd89a6d8;  1 drivers
v0x13856a0_0 .net/2u *"_ivl_12", 15 0, L_0x7fb0cd89a720;  1 drivers
v0x1385780_0 .net *"_ivl_14", 15 0, L_0x13abcc0;  1 drivers
v0x1385870_0 .net *"_ivl_16", 15 0, L_0x13ac650;  1 drivers
v0x1385950_0 .net *"_ivl_18", 14 0, L_0x13ac520;  1 drivers
v0x1385a80_0 .net *"_ivl_2", 14 0, L_0x13ac080;  1 drivers
L_0x7fb0cd89a768 .functor BUFT 1, C4<0>, C4<0>, C4<0>, C4<0>;
v0x1385b60_0 .net *"_ivl_20", 0 0, L_0x7fb0cd89a768;  1 drivers
v0x1385c40_0 .net *"_ivl_26", 15 0, L_0x13ac980;  1 drivers
v0x1385d20_0 .net *"_ivl_30", 15 0, L_0x13ace40;  1 drivers
v0x1385e00_0 .net *"_ivl_32", 14 0, L_0x13accb0;  1 drivers
L_0x7fb0cd89a7b0 .functor BUFT 1, C4<0>, C4<0>, C4<0>, C4<0>;
v0x1385ee0_0 .net *"_ivl_34", 0 0, L_0x7fb0cd89a7b0;  1 drivers
v0x1385fc0_0 .net *"_ivl_36", 15 0, L_0x13acff0;  1 drivers
v0x13860a0_0 .net *"_ivl_38", 14 0, L_0x13acee0;  1 drivers
L_0x7fb0cd89a690 .functor BUFT 1, C4<0>, C4<0>, C4<0>, C4<0>;
v0x1386180_0 .net *"_ivl_4", 0 0, L_0x7fb0cd89a690;  1 drivers
L_0x7fb0cd89a7f8 .functor BUFT 1, C4<0>, C4<0>, C4<0>, C4<0>;
v0x1386260_0 .net *"_ivl_40", 0 0, L_0x7fb0cd89a7f8;  1 drivers
v0x1386340_0 .net/2u *"_ivl_42", 15 0, L_0x7fb0cd89a840;  1 drivers
v0x1386420_0 .net *"_ivl_44", 15 0, L_0x13aca20;  1 drivers
v0x1386610_0 .net *"_ivl_6", 15 0, L_0x13ac340;  1 drivers
v0x13866f0_0 .net *"_ivl_8", 0 0, L_0x13ac2a0;  1 drivers
v0x13867d0_0 .net "i_dividend", 15 0, L_0x13aaf80;  alias, 1 drivers
v0x1386890_0 .net "i_divisor", 15 0, v0x1398190_0;  alias, 1 drivers
v0x1386930_0 .net "i_quotient", 15 0, L_0x13abec0;  alias, 1 drivers
v0x1386a20_0 .net "i_remainder", 15 0, L_0x13ab820;  alias, 1 drivers
v0x1386af0_0 .net "o_dividend", 15 0, L_0x13ac1b0;  alias, 1 drivers
v0x1386bb0_0 .net "o_quotient", 15 0, L_0x13ad180;  alias, 1 drivers
v0x1386c90_0 .net "o_remainder", 15 0, L_0x13acae0;  alias, 1 drivers
v0x1386d70_0 .net "remainder_lt_divisor", 0 0, L_0x13ac890;  1 drivers
v0x1386e30_0 .net "remainder_updated", 15 0, L_0x13ac780;  1 drivers
L_0x13ac080 .part L_0x13aaf80, 0, 15;
L_0x13ac1b0 .concat [ 1 15 0 0], L_0x7fb0cd89a690, L_0x13ac080;
L_0x13ac2a0 .part L_0x13aaf80, 15, 1;
L_0x13ac340 .concat [ 1 15 0 0], L_0x13ac2a0, L_0x7fb0cd89a6d8;
L_0x13ac520 .part L_0x13ab820, 0, 15;
L_0x13ac650 .concat [ 1 15 0 0], L_0x7fb0cd89a768, L_0x13ac520;
L_0x13ac890 .cmp/gt 16, v0x1398190_0, L_0x13ac780;
L_0x13ac980 .arith/sub 16, L_0x13ac780, v0x1398190_0;
L_0x13acae0 .functor MUXZ 16, L_0x13ac980, L_0x13ac780, L_0x13ac890, C4<>;
L_0x13accb0 .part L_0x13abec0, 0, 15;
L_0x13ace40 .concat [ 1 15 0 0], L_0x7fb0cd89a7b0, L_0x13accb0;
L_0x13acee0 .part L_0x13abec0, 0, 15;
L_0x13acff0 .concat [ 1 15 0 0], L_0x7fb0cd89a7f8, L_0x13acee0;
L_0x13ad180 .functor MUXZ 16, L_0x13aca20, L_0x13ace40, L_0x13ac890, C4<>;
S_0x1387030 .scope module, "i4" "lc4_divider_one_iter" 3 38, 3 126 0, S_0x13568d0;
 .timescale -9 -12;
    .port_info 0 /INPUT 16 "i_dividend";
    .port_info 1 /INPUT 16 "i_divisor";
    .port_info 2 /INPUT 16 "i_remainder";
    .port_info 3 /INPUT 16 "i_quotient";
    .port_info 4 /OUTPUT 16 "o_dividend";
    .port_info 5 /OUTPUT 16 "o_remainder";
    .port_info 6 /OUTPUT 16 "o_quotient";
L_0x7fb0cd89a918 .functor BUFT 1, C4<0000000000000001>, C4<0>, C4<0>, C4<0>;
L_0x13acf80 .functor AND 16, L_0x13ad600, L_0x7fb0cd89a918, C4<1111111111111111>, C4<1111111111111111>;
L_0x13adc50 .functor OR 16, L_0x13acf80, L_0x13adb20, C4<0000000000000000>, C4<0000000000000000>;
L_0x7fb0cd89aa38 .functor BUFT 1, C4<0000000000000001>, C4<0>, C4<0>, C4<0>;
L_0x13adef0 .functor OR 16, L_0x13ae4c0, L_0x7fb0cd89aa38, C4<0000000000000000>, C4<0000000000000000>;
L_0x7fb0cd89a8d0 .functor BUFT 1, C4<000000000000000>, C4<0>, C4<0>, C4<0>;
v0x1387270_0 .net *"_ivl_10", 14 0, L_0x7fb0cd89a8d0;  1 drivers
v0x1387370_0 .net/2u *"_ivl_12", 15 0, L_0x7fb0cd89a918;  1 drivers
v0x1387450_0 .net *"_ivl_14", 15 0, L_0x13acf80;  1 drivers
v0x1387540_0 .net *"_ivl_16", 15 0, L_0x13adb20;  1 drivers
v0x1387620_0 .net *"_ivl_18", 14 0, L_0x13ad9f0;  1 drivers
v0x1387750_0 .net *"_ivl_2", 14 0, L_0x13ad340;  1 drivers
L_0x7fb0cd89a960 .functor BUFT 1, C4<0>, C4<0>, C4<0>, C4<0>;
v0x1387830_0 .net *"_ivl_20", 0 0, L_0x7fb0cd89a960;  1 drivers
v0x1387910_0 .net *"_ivl_26", 15 0, L_0x13ade50;  1 drivers
v0x13879f0_0 .net *"_ivl_30", 15 0, L_0x13ae310;  1 drivers
v0x1387ad0_0 .net *"_ivl_32", 14 0, L_0x13ae180;  1 drivers
L_0x7fb0cd89a9a8 .functor BUFT 1, C4<0>, C4<0>, C4<0>, C4<0>;
v0x1387bb0_0 .net *"_ivl_34", 0 0, L_0x7fb0cd89a9a8;  1 drivers
v0x1387c90_0 .net *"_ivl_36", 15 0, L_0x13ae4c0;  1 drivers
v0x1387d70_0 .net *"_ivl_38", 14 0, L_0x13ae3b0;  1 drivers
L_0x7fb0cd89a888 .functor BUFT 1, C4<0>, C4<0>, C4<0>, C4<0>;
v0x1387e50_0 .net *"_ivl_4", 0 0, L_0x7fb0cd89a888;  1 drivers
L_0x7fb0cd89a9f0 .functor BUFT 1, C4<0>, C4<0>, C4<0>, C4<0>;
v0x1387f30_0 .net *"_ivl_40", 0 0, L_0x7fb0cd89a9f0;  1 drivers
v0x1388010_0 .net/2u *"_ivl_42", 15 0, L_0x7fb0cd89aa38;  1 drivers
v0x13880f0_0 .net *"_ivl_44", 15 0, L_0x13adef0;  1 drivers
v0x13882e0_0 .net *"_ivl_6", 15 0, L_0x13ad600;  1 drivers
v0x13883c0_0 .net *"_ivl_8", 0 0, L_0x13ad560;  1 drivers
v0x13884a0_0 .net "i_dividend", 15 0, L_0x13ac1b0;  alias, 1 drivers
v0x1388560_0 .net "i_divisor", 15 0, v0x1398190_0;  alias, 1 drivers
v0x1388600_0 .net "i_quotient", 15 0, L_0x13ad180;  alias, 1 drivers
v0x13886f0_0 .net "i_remainder", 15 0, L_0x13acae0;  alias, 1 drivers
v0x13887c0_0 .net "o_dividend", 15 0, L_0x13ad470;  alias, 1 drivers
v0x1388880_0 .net "o_quotient", 15 0, L_0x13ae650;  alias, 1 drivers
v0x1388960_0 .net "o_remainder", 15 0, L_0x13adfb0;  alias, 1 drivers
v0x1388a40_0 .net "remainder_lt_divisor", 0 0, L_0x13add60;  1 drivers
v0x1388b00_0 .net "remainder_updated", 15 0, L_0x13adc50;  1 drivers
L_0x13ad340 .part L_0x13ac1b0, 0, 15;
L_0x13ad470 .concat [ 1 15 0 0], L_0x7fb0cd89a888, L_0x13ad340;
L_0x13ad560 .part L_0x13ac1b0, 15, 1;
L_0x13ad600 .concat [ 1 15 0 0], L_0x13ad560, L_0x7fb0cd89a8d0;
L_0x13ad9f0 .part L_0x13acae0, 0, 15;
L_0x13adb20 .concat [ 1 15 0 0], L_0x7fb0cd89a960, L_0x13ad9f0;
L_0x13add60 .cmp/gt 16, v0x1398190_0, L_0x13adc50;
L_0x13ade50 .arith/sub 16, L_0x13adc50, v0x1398190_0;
L_0x13adfb0 .functor MUXZ 16, L_0x13ade50, L_0x13adc50, L_0x13add60, C4<>;
L_0x13ae180 .part L_0x13ad180, 0, 15;
L_0x13ae310 .concat [ 1 15 0 0], L_0x7fb0cd89a9a8, L_0x13ae180;
L_0x13ae3b0 .part L_0x13ad180, 0, 15;
L_0x13ae4c0 .concat [ 1 15 0 0], L_0x7fb0cd89a9f0, L_0x13ae3b0;
L_0x13ae650 .functor MUXZ 16, L_0x13adef0, L_0x13ae310, L_0x13add60, C4<>;
S_0x1388d00 .scope module, "i5" "lc4_divider_one_iter" 3 44, 3 126 0, S_0x13568d0;
 .timescale -9 -12;
    .port_info 0 /INPUT 16 "i_dividend";
    .port_info 1 /INPUT 16 "i_divisor";
    .port_info 2 /INPUT 16 "i_remainder";
    .port_info 3 /INPUT 16 "i_quotient";
    .port_info 4 /OUTPUT 16 "o_dividend";
    .port_info 5 /OUTPUT 16 "o_remainder";
    .port_info 6 /OUTPUT 16 "o_quotient";
L_0x7fb0cd89ab10 .functor BUFT 1, C4<0000000000000001>, C4<0>, C4<0>, C4<0>;
L_0x13ae450 .functor AND 16, L_0x13aead0, L_0x7fb0cd89ab10, C4<1111111111111111>, C4<1111111111111111>;
L_0x13aef10 .functor OR 16, L_0x13ae450, L_0x13aede0, C4<0000000000000000>, C4<0000000000000000>;
L_0x7fb0cd89ac30 .functor BUFT 1, C4<0000000000000001>, C4<0>, C4<0>, C4<0>;
L_0x13af1b0 .functor OR 16, L_0x13af780, L_0x7fb0cd89ac30, C4<0000000000000000>, C4<0000000000000000>;
L_0x7fb0cd89aac8 .functor BUFT 1, C4<000000000000000>, C4<0>, C4<0>, C4<0>;
v0x1388f40_0 .net *"_ivl_10", 14 0, L_0x7fb0cd89aac8;  1 drivers
v0x1389040_0 .net/2u *"_ivl_12", 15 0, L_0x7fb0cd89ab10;  1 drivers
v0x1389120_0 .net *"_ivl_14", 15 0, L_0x13ae450;  1 drivers
v0x1389210_0 .net *"_ivl_16", 15 0, L_0x13aede0;  1 drivers
v0x13892f0_0 .net *"_ivl_18", 14 0, L_0x13aecb0;  1 drivers
v0x1389420_0 .net *"_ivl_2", 14 0, L_0x13ae810;  1 drivers
L_0x7fb0cd89ab58 .functor BUFT 1, C4<0>, C4<0>, C4<0>, C4<0>;
v0x1389500_0 .net *"_ivl_20", 0 0, L_0x7fb0cd89ab58;  1 drivers
v0x13895e0_0 .net *"_ivl_26", 15 0, L_0x13af110;  1 drivers
v0x13896c0_0 .net *"_ivl_30", 15 0, L_0x13af5d0;  1 drivers
v0x13897a0_0 .net *"_ivl_32", 14 0, L_0x13af440;  1 drivers
L_0x7fb0cd89aba0 .functor BUFT 1, C4<0>, C4<0>, C4<0>, C4<0>;
v0x1389880_0 .net *"_ivl_34", 0 0, L_0x7fb0cd89aba0;  1 drivers
v0x1389960_0 .net *"_ivl_36", 15 0, L_0x13af780;  1 drivers
v0x1389a40_0 .net *"_ivl_38", 14 0, L_0x13af670;  1 drivers
L_0x7fb0cd89aa80 .functor BUFT 1, C4<0>, C4<0>, C4<0>, C4<0>;
v0x1389b20_0 .net *"_ivl_4", 0 0, L_0x7fb0cd89aa80;  1 drivers
L_0x7fb0cd89abe8 .functor BUFT 1, C4<0>, C4<0>, C4<0>, C4<0>;
v0x1389c00_0 .net *"_ivl_40", 0 0, L_0x7fb0cd89abe8;  1 drivers
v0x1389ce0_0 .net/2u *"_ivl_42", 15 0, L_0x7fb0cd89ac30;  1 drivers
v0x1389dc0_0 .net *"_ivl_44", 15 0, L_0x13af1b0;  1 drivers
v0x1389fb0_0 .net *"_ivl_6", 15 0, L_0x13aead0;  1 drivers
v0x138a090_0 .net *"_ivl_8", 0 0, L_0x13aea30;  1 drivers
v0x138a170_0 .net "i_dividend", 15 0, L_0x13ad470;  alias, 1 drivers
v0x138a230_0 .net "i_divisor", 15 0, v0x1398190_0;  alias, 1 drivers
v0x138a2d0_0 .net "i_quotient", 15 0, L_0x13ae650;  alias, 1 drivers
v0x138a3c0_0 .net "i_remainder", 15 0, L_0x13adfb0;  alias, 1 drivers
v0x138a490_0 .net "o_dividend", 15 0, L_0x13ae940;  alias, 1 drivers
v0x138a550_0 .net "o_quotient", 15 0, L_0x13af910;  alias, 1 drivers
v0x138a630_0 .net "o_remainder", 15 0, L_0x13af270;  alias, 1 drivers
v0x138a710_0 .net "remainder_lt_divisor", 0 0, L_0x13af020;  1 drivers
v0x138a7d0_0 .net "remainder_updated", 15 0, L_0x13aef10;  1 drivers
L_0x13ae810 .part L_0x13ad470, 0, 15;
L_0x13ae940 .concat [ 1 15 0 0], L_0x7fb0cd89aa80, L_0x13ae810;
L_0x13aea30 .part L_0x13ad470, 15, 1;
L_0x13aead0 .concat [ 1 15 0 0], L_0x13aea30, L_0x7fb0cd89aac8;
L_0x13aecb0 .part L_0x13adfb0, 0, 15;
L_0x13aede0 .concat [ 1 15 0 0], L_0x7fb0cd89ab58, L_0x13aecb0;
L_0x13af020 .cmp/gt 16, v0x1398190_0, L_0x13aef10;
L_0x13af110 .arith/sub 16, L_0x13aef10, v0x1398190_0;
L_0x13af270 .functor MUXZ 16, L_0x13af110, L_0x13aef10, L_0x13af020, C4<>;
L_0x13af440 .part L_0x13ae650, 0, 15;
L_0x13af5d0 .concat [ 1 15 0 0], L_0x7fb0cd89aba0, L_0x13af440;
L_0x13af670 .part L_0x13ae650, 0, 15;
L_0x13af780 .concat [ 1 15 0 0], L_0x7fb0cd89abe8, L_0x13af670;
L_0x13af910 .functor MUXZ 16, L_0x13af1b0, L_0x13af5d0, L_0x13af020, C4<>;
S_0x138a9d0 .scope module, "i6" "lc4_divider_one_iter" 3 50, 3 126 0, S_0x13568d0;
 .timescale -9 -12;
    .port_info 0 /INPUT 16 "i_dividend";
    .port_info 1 /INPUT 16 "i_divisor";
    .port_info 2 /INPUT 16 "i_remainder";
    .port_info 3 /INPUT 16 "i_quotient";
    .port_info 4 /OUTPUT 16 "o_dividend";
    .port_info 5 /OUTPUT 16 "o_remainder";
    .port_info 6 /OUTPUT 16 "o_quotient";
L_0x7fb0cd89ad08 .functor BUFT 1, C4<0000000000000001>, C4<0>, C4<0>, C4<0>;
L_0x13af710 .functor AND 16, L_0x13afd90, L_0x7fb0cd89ad08, C4<1111111111111111>, C4<1111111111111111>;
L_0x13b01d0 .functor OR 16, L_0x13af710, L_0x13b00a0, C4<0000000000000000>, C4<0000000000000000>;
L_0x7fb0cd89ae28 .functor BUFT 1, C4<0000000000000001>, C4<0>, C4<0>, C4<0>;
L_0x13b0470 .functor OR 16, L_0x13b0e50, L_0x7fb0cd89ae28, C4<0000000000000000>, C4<0000000000000000>;
L_0x7fb0cd89acc0 .functor BUFT 1, C4<000000000000000>, C4<0>, C4<0>, C4<0>;
v0x138ac10_0 .net *"_ivl_10", 14 0, L_0x7fb0cd89acc0;  1 drivers
v0x138ad10_0 .net/2u *"_ivl_12", 15 0, L_0x7fb0cd89ad08;  1 drivers
v0x138adf0_0 .net *"_ivl_14", 15 0, L_0x13af710;  1 drivers
v0x138aee0_0 .net *"_ivl_16", 15 0, L_0x13b00a0;  1 drivers
v0x138afc0_0 .net *"_ivl_18", 14 0, L_0x13aff70;  1 drivers
v0x138b0f0_0 .net *"_ivl_2", 14 0, L_0x13afad0;  1 drivers
L_0x7fb0cd89ad50 .functor BUFT 1, C4<0>, C4<0>, C4<0>, C4<0>;
v0x138b1d0_0 .net *"_ivl_20", 0 0, L_0x7fb0cd89ad50;  1 drivers
v0x138b2b0_0 .net *"_ivl_26", 15 0, L_0x13b03d0;  1 drivers
v0x138b390_0 .net *"_ivl_30", 15 0, L_0x13b0ca0;  1 drivers
v0x138b470_0 .net *"_ivl_32", 14 0, L_0x13b0b10;  1 drivers
L_0x7fb0cd89ad98 .functor BUFT 1, C4<0>, C4<0>, C4<0>, C4<0>;
v0x138b550_0 .net *"_ivl_34", 0 0, L_0x7fb0cd89ad98;  1 drivers
v0x138b630_0 .net *"_ivl_36", 15 0, L_0x13b0e50;  1 drivers
v0x138b710_0 .net *"_ivl_38", 14 0, L_0x13b0d40;  1 drivers
L_0x7fb0cd89ac78 .functor BUFT 1, C4<0>, C4<0>, C4<0>, C4<0>;
v0x138b7f0_0 .net *"_ivl_4", 0 0, L_0x7fb0cd89ac78;  1 drivers
L_0x7fb0cd89ade0 .functor BUFT 1, C4<0>, C4<0>, C4<0>, C4<0>;
v0x138b8d0_0 .net *"_ivl_40", 0 0, L_0x7fb0cd89ade0;  1 drivers
v0x138b9b0_0 .net/2u *"_ivl_42", 15 0, L_0x7fb0cd89ae28;  1 drivers
v0x138ba90_0 .net *"_ivl_44", 15 0, L_0x13b0470;  1 drivers
v0x138bc80_0 .net *"_ivl_6", 15 0, L_0x13afd90;  1 drivers
v0x138bd60_0 .net *"_ivl_8", 0 0, L_0x13afcf0;  1 drivers
v0x138be40_0 .net "i_dividend", 15 0, L_0x13ae940;  alias, 1 drivers
v0x138bf00_0 .net "i_divisor", 15 0, v0x1398190_0;  alias, 1 drivers
v0x138bfa0_0 .net "i_quotient", 15 0, L_0x13af910;  alias, 1 drivers
v0x138c090_0 .net "i_remainder", 15 0, L_0x13af270;  alias, 1 drivers
v0x138c160_0 .net "o_dividend", 15 0, L_0x13afc00;  alias, 1 drivers
v0x138c220_0 .net "o_quotient", 15 0, L_0x13b0fe0;  alias, 1 drivers
v0x138c300_0 .net "o_remainder", 15 0, L_0x13b0940;  alias, 1 drivers
v0x138c3e0_0 .net "remainder_lt_divisor", 0 0, L_0x13b02e0;  1 drivers
v0x138c4a0_0 .net "remainder_updated", 15 0, L_0x13b01d0;  1 drivers
L_0x13afad0 .part L_0x13ae940, 0, 15;
L_0x13afc00 .concat [ 1 15 0 0], L_0x7fb0cd89ac78, L_0x13afad0;
L_0x13afcf0 .part L_0x13ae940, 15, 1;
L_0x13afd90 .concat [ 1 15 0 0], L_0x13afcf0, L_0x7fb0cd89acc0;
L_0x13aff70 .part L_0x13af270, 0, 15;
L_0x13b00a0 .concat [ 1 15 0 0], L_0x7fb0cd89ad50, L_0x13aff70;
L_0x13b02e0 .cmp/gt 16, v0x1398190_0, L_0x13b01d0;
L_0x13b03d0 .arith/sub 16, L_0x13b01d0, v0x1398190_0;
L_0x13b0940 .functor MUXZ 16, L_0x13b03d0, L_0x13b01d0, L_0x13b02e0, C4<>;
L_0x13b0b10 .part L_0x13af910, 0, 15;
L_0x13b0ca0 .concat [ 1 15 0 0], L_0x7fb0cd89ad98, L_0x13b0b10;
L_0x13b0d40 .part L_0x13af910, 0, 15;
L_0x13b0e50 .concat [ 1 15 0 0], L_0x7fb0cd89ade0, L_0x13b0d40;
L_0x13b0fe0 .functor MUXZ 16, L_0x13b0470, L_0x13b0ca0, L_0x13b02e0, C4<>;
S_0x138c6a0 .scope module, "i7" "lc4_divider_one_iter" 3 56, 3 126 0, S_0x13568d0;
 .timescale -9 -12;
    .port_info 0 /INPUT 16 "i_dividend";
    .port_info 1 /INPUT 16 "i_divisor";
    .port_info 2 /INPUT 16 "i_remainder";
    .port_info 3 /INPUT 16 "i_quotient";
    .port_info 4 /OUTPUT 16 "o_dividend";
    .port_info 5 /OUTPUT 16 "o_remainder";
    .port_info 6 /OUTPUT 16 "o_quotient";
L_0x7fb0cd89af00 .functor BUFT 1, C4<0000000000000001>, C4<0>, C4<0>, C4<0>;
L_0x13b0de0 .functor AND 16, L_0x13b1460, L_0x7fb0cd89af00, C4<1111111111111111>, C4<1111111111111111>;
L_0x13b1860 .functor OR 16, L_0x13b0de0, L_0x13b1770, C4<0000000000000000>, C4<0000000000000000>;
L_0x7fb0cd89b020 .functor BUFT 1, C4<0000000000000001>, C4<0>, C4<0>, C4<0>;
L_0x13b1b00 .functor OR 16, L_0x13b20d0, L_0x7fb0cd89b020, C4<0000000000000000>, C4<0000000000000000>;
L_0x7fb0cd89aeb8 .functor BUFT 1, C4<000000000000000>, C4<0>, C4<0>, C4<0>;
v0x138c8e0_0 .net *"_ivl_10", 14 0, L_0x7fb0cd89aeb8;  1 drivers
v0x138c9e0_0 .net/2u *"_ivl_12", 15 0, L_0x7fb0cd89af00;  1 drivers
v0x138cac0_0 .net *"_ivl_14", 15 0, L_0x13b0de0;  1 drivers
v0x138cbb0_0 .net *"_ivl_16", 15 0, L_0x13b1770;  1 drivers
v0x138cc90_0 .net *"_ivl_18", 14 0, L_0x13b1640;  1 drivers
v0x138cdc0_0 .net *"_ivl_2", 14 0, L_0x13b11a0;  1 drivers
L_0x7fb0cd89af48 .functor BUFT 1, C4<0>, C4<0>, C4<0>, C4<0>;
v0x138cea0_0 .net *"_ivl_20", 0 0, L_0x7fb0cd89af48;  1 drivers
v0x138cf80_0 .net *"_ivl_26", 15 0, L_0x13b1a60;  1 drivers
v0x138d060_0 .net *"_ivl_30", 15 0, L_0x13b1f20;  1 drivers
v0x138d140_0 .net *"_ivl_32", 14 0, L_0x13b1d90;  1 drivers
L_0x7fb0cd89af90 .functor BUFT 1, C4<0>, C4<0>, C4<0>, C4<0>;
v0x138d220_0 .net *"_ivl_34", 0 0, L_0x7fb0cd89af90;  1 drivers
v0x138d300_0 .net *"_ivl_36", 15 0, L_0x13b20d0;  1 drivers
v0x138d3e0_0 .net *"_ivl_38", 14 0, L_0x13b1fc0;  1 drivers
L_0x7fb0cd89ae70 .functor BUFT 1, C4<0>, C4<0>, C4<0>, C4<0>;
v0x138d4c0_0 .net *"_ivl_4", 0 0, L_0x7fb0cd89ae70;  1 drivers
L_0x7fb0cd89afd8 .functor BUFT 1, C4<0>, C4<0>, C4<0>, C4<0>;
v0x138d5a0_0 .net *"_ivl_40", 0 0, L_0x7fb0cd89afd8;  1 drivers
v0x138d680_0 .net/2u *"_ivl_42", 15 0, L_0x7fb0cd89b020;  1 drivers
v0x138d760_0 .net *"_ivl_44", 15 0, L_0x13b1b00;  1 drivers
v0x138d950_0 .net *"_ivl_6", 15 0, L_0x13b1460;  1 drivers
v0x138da30_0 .net *"_ivl_8", 0 0, L_0x13b13c0;  1 drivers
v0x138db10_0 .net "i_dividend", 15 0, L_0x13afc00;  alias, 1 drivers
v0x138dbd0_0 .net "i_divisor", 15 0, v0x1398190_0;  alias, 1 drivers
v0x138dc70_0 .net "i_quotient", 15 0, L_0x13b0fe0;  alias, 1 drivers
v0x138dd60_0 .net "i_remainder", 15 0, L_0x13b0940;  alias, 1 drivers
v0x138de30_0 .net "o_dividend", 15 0, L_0x13b12d0;  alias, 1 drivers
v0x138def0_0 .net "o_quotient", 15 0, L_0x13b2260;  alias, 1 drivers
v0x138dfd0_0 .net "o_remainder", 15 0, L_0x13b1bc0;  alias, 1 drivers
v0x138e0b0_0 .net "remainder_lt_divisor", 0 0, L_0x13b1970;  1 drivers
v0x138e170_0 .net "remainder_updated", 15 0, L_0x13b1860;  1 drivers
L_0x13b11a0 .part L_0x13afc00, 0, 15;
L_0x13b12d0 .concat [ 1 15 0 0], L_0x7fb0cd89ae70, L_0x13b11a0;
L_0x13b13c0 .part L_0x13afc00, 15, 1;
L_0x13b1460 .concat [ 1 15 0 0], L_0x13b13c0, L_0x7fb0cd89aeb8;
L_0x13b1640 .part L_0x13b0940, 0, 15;
L_0x13b1770 .concat [ 1 15 0 0], L_0x7fb0cd89af48, L_0x13b1640;
L_0x13b1970 .cmp/gt 16, v0x1398190_0, L_0x13b1860;
L_0x13b1a60 .arith/sub 16, L_0x13b1860, v0x1398190_0;
L_0x13b1bc0 .functor MUXZ 16, L_0x13b1a60, L_0x13b1860, L_0x13b1970, C4<>;
L_0x13b1d90 .part L_0x13b0fe0, 0, 15;
L_0x13b1f20 .concat [ 1 15 0 0], L_0x7fb0cd89af90, L_0x13b1d90;
L_0x13b1fc0 .part L_0x13b0fe0, 0, 15;
L_0x13b20d0 .concat [ 1 15 0 0], L_0x7fb0cd89afd8, L_0x13b1fc0;
L_0x13b2260 .functor MUXZ 16, L_0x13b1b00, L_0x13b1f20, L_0x13b1970, C4<>;
S_0x138e370 .scope module, "i8" "lc4_divider_one_iter" 3 62, 3 126 0, S_0x13568d0;
 .timescale -9 -12;
    .port_info 0 /INPUT 16 "i_dividend";
    .port_info 1 /INPUT 16 "i_divisor";
    .port_info 2 /INPUT 16 "i_remainder";
    .port_info 3 /INPUT 16 "i_quotient";
    .port_info 4 /OUTPUT 16 "o_dividend";
    .port_info 5 /OUTPUT 16 "o_remainder";
    .port_info 6 /OUTPUT 16 "o_quotient";
L_0x7fb0cd89b0f8 .functor BUFT 1, C4<0000000000000001>, C4<0>, C4<0>, C4<0>;
L_0x13b2060 .functor AND 16, L_0x13b26e0, L_0x7fb0cd89b0f8, C4<1111111111111111>, C4<1111111111111111>;
L_0x13b2ae0 .functor OR 16, L_0x13b2060, L_0x13b29f0, C4<0000000000000000>, C4<0000000000000000>;
L_0x7fb0cd89b218 .functor BUFT 1, C4<0000000000000001>, C4<0>, C4<0>, C4<0>;
L_0x13b2d80 .functor OR 16, L_0x13b32f0, L_0x7fb0cd89b218, C4<0000000000000000>, C4<0000000000000000>;
L_0x7fb0cd89b0b0 .functor BUFT 1, C4<000000000000000>, C4<0>, C4<0>, C4<0>;
v0x138e5b0_0 .net *"_ivl_10", 14 0, L_0x7fb0cd89b0b0;  1 drivers
v0x138e6b0_0 .net/2u *"_ivl_12", 15 0, L_0x7fb0cd89b0f8;  1 drivers
v0x138e790_0 .net *"_ivl_14", 15 0, L_0x13b2060;  1 drivers
v0x138e880_0 .net *"_ivl_16", 15 0, L_0x13b29f0;  1 drivers
v0x138e960_0 .net *"_ivl_18", 14 0, L_0x13b28c0;  1 drivers
v0x138ea90_0 .net *"_ivl_2", 14 0, L_0x13b2420;  1 drivers
L_0x7fb0cd89b140 .functor BUFT 1, C4<0>, C4<0>, C4<0>, C4<0>;
v0x138eb70_0 .net *"_ivl_20", 0 0, L_0x7fb0cd89b140;  1 drivers
v0x138ec50_0 .net *"_ivl_26", 15 0, L_0x13b2ce0;  1 drivers
v0x138ed30_0 .net *"_ivl_30", 15 0, L_0x13b3140;  1 drivers
v0x138ee10_0 .net *"_ivl_32", 14 0, L_0x13b3010;  1 drivers
L_0x7fb0cd89b188 .functor BUFT 1, C4<0>, C4<0>, C4<0>, C4<0>;
v0x138eef0_0 .net *"_ivl_34", 0 0, L_0x7fb0cd89b188;  1 drivers
v0x138efd0_0 .net *"_ivl_36", 15 0, L_0x13b32f0;  1 drivers
v0x138f0b0_0 .net *"_ivl_38", 14 0, L_0x13b31e0;  1 drivers
L_0x7fb0cd89b068 .functor BUFT 1, C4<0>, C4<0>, C4<0>, C4<0>;
v0x138f190_0 .net *"_ivl_4", 0 0, L_0x7fb0cd89b068;  1 drivers
L_0x7fb0cd89b1d0 .functor BUFT 1, C4<0>, C4<0>, C4<0>, C4<0>;
v0x138f270_0 .net *"_ivl_40", 0 0, L_0x7fb0cd89b1d0;  1 drivers
v0x138f350_0 .net/2u *"_ivl_42", 15 0, L_0x7fb0cd89b218;  1 drivers
v0x138f430_0 .net *"_ivl_44", 15 0, L_0x13b2d80;  1 drivers
v0x138f620_0 .net *"_ivl_6", 15 0, L_0x13b26e0;  1 drivers
v0x138f700_0 .net *"_ivl_8", 0 0, L_0x13b2640;  1 drivers
v0x138f7e0_0 .net "i_dividend", 15 0, L_0x13b12d0;  alias, 1 drivers
v0x138f8a0_0 .net "i_divisor", 15 0, v0x1398190_0;  alias, 1 drivers
v0x138f940_0 .net "i_quotient", 15 0, L_0x13b2260;  alias, 1 drivers
v0x138fa30_0 .net "i_remainder", 15 0, L_0x13b1bc0;  alias, 1 drivers
v0x138fb00_0 .net "o_dividend", 15 0, L_0x13b2550;  alias, 1 drivers
v0x138fbc0_0 .net "o_quotient", 15 0, L_0x13b3840;  alias, 1 drivers
v0x138fca0_0 .net "o_remainder", 15 0, L_0x13b2e40;  alias, 1 drivers
v0x138fd80_0 .net "remainder_lt_divisor", 0 0, L_0x13b2bf0;  1 drivers
v0x138fe40_0 .net "remainder_updated", 15 0, L_0x13b2ae0;  1 drivers
L_0x13b2420 .part L_0x13b12d0, 0, 15;
L_0x13b2550 .concat [ 1 15 0 0], L_0x7fb0cd89b068, L_0x13b2420;
L_0x13b2640 .part L_0x13b12d0, 15, 1;
L_0x13b26e0 .concat [ 1 15 0 0], L_0x13b2640, L_0x7fb0cd89b0b0;
L_0x13b28c0 .part L_0x13b1bc0, 0, 15;
L_0x13b29f0 .concat [ 1 15 0 0], L_0x7fb0cd89b140, L_0x13b28c0;
L_0x13b2bf0 .cmp/gt 16, v0x1398190_0, L_0x13b2ae0;
L_0x13b2ce0 .arith/sub 16, L_0x13b2ae0, v0x1398190_0;
L_0x13b2e40 .functor MUXZ 16, L_0x13b2ce0, L_0x13b2ae0, L_0x13b2bf0, C4<>;
L_0x13b3010 .part L_0x13b2260, 0, 15;
L_0x13b3140 .concat [ 1 15 0 0], L_0x7fb0cd89b188, L_0x13b3010;
L_0x13b31e0 .part L_0x13b2260, 0, 15;
L_0x13b32f0 .concat [ 1 15 0 0], L_0x7fb0cd89b1d0, L_0x13b31e0;
L_0x13b3840 .functor MUXZ 16, L_0x13b2d80, L_0x13b3140, L_0x13b2bf0, C4<>;
S_0x1390040 .scope module, "i9" "lc4_divider_one_iter" 3 68, 3 126 0, S_0x13568d0;
 .timescale -9 -12;
    .port_info 0 /INPUT 16 "i_dividend";
    .port_info 1 /INPUT 16 "i_divisor";
    .port_info 2 /INPUT 16 "i_remainder";
    .port_info 3 /INPUT 16 "i_quotient";
    .port_info 4 /OUTPUT 16 "o_dividend";
    .port_info 5 /OUTPUT 16 "o_remainder";
    .port_info 6 /OUTPUT 16 "o_quotient";
L_0x7fb0cd89b2f0 .functor BUFT 1, C4<0000000000000001>, C4<0>, C4<0>, C4<0>;
L_0x13b3280 .functor AND 16, L_0x13b3cc0, L_0x7fb0cd89b2f0, C4<1111111111111111>, C4<1111111111111111>;
L_0x13b40c0 .functor OR 16, L_0x13b3280, L_0x13b3fd0, C4<0000000000000000>, C4<0000000000000000>;
L_0x7fb0cd89b410 .functor BUFT 1, C4<0000000000000001>, C4<0>, C4<0>, C4<0>;
L_0x13b4360 .functor OR 16, L_0x13b4930, L_0x7fb0cd89b410, C4<0000000000000000>, C4<0000000000000000>;
L_0x7fb0cd89b2a8 .functor BUFT 1, C4<000000000000000>, C4<0>, C4<0>, C4<0>;
v0x1390280_0 .net *"_ivl_10", 14 0, L_0x7fb0cd89b2a8;  1 drivers
v0x1390380_0 .net/2u *"_ivl_12", 15 0, L_0x7fb0cd89b2f0;  1 drivers
v0x1390460_0 .net *"_ivl_14", 15 0, L_0x13b3280;  1 drivers
v0x1390550_0 .net *"_ivl_16", 15 0, L_0x13b3fd0;  1 drivers
v0x1390630_0 .net *"_ivl_18", 14 0, L_0x13b3ea0;  1 drivers
v0x1390760_0 .net *"_ivl_2", 14 0, L_0x13b3a00;  1 drivers
L_0x7fb0cd89b338 .functor BUFT 1, C4<0>, C4<0>, C4<0>, C4<0>;
v0x1390840_0 .net *"_ivl_20", 0 0, L_0x7fb0cd89b338;  1 drivers
v0x1390920_0 .net *"_ivl_26", 15 0, L_0x13b42c0;  1 drivers
v0x1390a00_0 .net *"_ivl_30", 15 0, L_0x13b4780;  1 drivers
v0x1390ae0_0 .net *"_ivl_32", 14 0, L_0x13b45f0;  1 drivers
L_0x7fb0cd89b380 .functor BUFT 1, C4<0>, C4<0>, C4<0>, C4<0>;
v0x1390bc0_0 .net *"_ivl_34", 0 0, L_0x7fb0cd89b380;  1 drivers
v0x1390ca0_0 .net *"_ivl_36", 15 0, L_0x13b4930;  1 drivers
v0x1390d80_0 .net *"_ivl_38", 14 0, L_0x13b4820;  1 drivers
L_0x7fb0cd89b260 .functor BUFT 1, C4<0>, C4<0>, C4<0>, C4<0>;
v0x1390e60_0 .net *"_ivl_4", 0 0, L_0x7fb0cd89b260;  1 drivers
L_0x7fb0cd89b3c8 .functor BUFT 1, C4<0>, C4<0>, C4<0>, C4<0>;
v0x1390f40_0 .net *"_ivl_40", 0 0, L_0x7fb0cd89b3c8;  1 drivers
v0x1391020_0 .net/2u *"_ivl_42", 15 0, L_0x7fb0cd89b410;  1 drivers
v0x1391100_0 .net *"_ivl_44", 15 0, L_0x13b4360;  1 drivers
v0x13912f0_0 .net *"_ivl_6", 15 0, L_0x13b3cc0;  1 drivers
v0x13913d0_0 .net *"_ivl_8", 0 0, L_0x13b3c20;  1 drivers
v0x13914b0_0 .net "i_dividend", 15 0, L_0x13b2550;  alias, 1 drivers
v0x1391570_0 .net "i_divisor", 15 0, v0x1398190_0;  alias, 1 drivers
v0x1391610_0 .net "i_quotient", 15 0, L_0x13b3840;  alias, 1 drivers
v0x1391700_0 .net "i_remainder", 15 0, L_0x13b2e40;  alias, 1 drivers
v0x13917d0_0 .net "o_dividend", 15 0, L_0x13b3b30;  alias, 1 drivers
v0x13918a0_0 .net "o_quotient", 15 0, L_0x13b4ac0;  alias, 1 drivers
v0x1391970_0 .net "o_remainder", 15 0, L_0x13b4420;  alias, 1 drivers
v0x1391a40_0 .net "remainder_lt_divisor", 0 0, L_0x13b41d0;  1 drivers
v0x1391ae0_0 .net "remainder_updated", 15 0, L_0x13b40c0;  1 drivers
L_0x13b3a00 .part L_0x13b2550, 0, 15;
L_0x13b3b30 .concat [ 1 15 0 0], L_0x7fb0cd89b260, L_0x13b3a00;
L_0x13b3c20 .part L_0x13b2550, 15, 1;
L_0x13b3cc0 .concat [ 1 15 0 0], L_0x13b3c20, L_0x7fb0cd89b2a8;
L_0x13b3ea0 .part L_0x13b2e40, 0, 15;
L_0x13b3fd0 .concat [ 1 15 0 0], L_0x7fb0cd89b338, L_0x13b3ea0;
L_0x13b41d0 .cmp/gt 16, v0x1398190_0, L_0x13b40c0;
L_0x13b42c0 .arith/sub 16, L_0x13b40c0, v0x1398190_0;
L_0x13b4420 .functor MUXZ 16, L_0x13b42c0, L_0x13b40c0, L_0x13b41d0, C4<>;
L_0x13b45f0 .part L_0x13b3840, 0, 15;
L_0x13b4780 .concat [ 1 15 0 0], L_0x7fb0cd89b380, L_0x13b45f0;
L_0x13b4820 .part L_0x13b3840, 0, 15;
L_0x13b4930 .concat [ 1 15 0 0], L_0x7fb0cd89b3c8, L_0x13b4820;
L_0x13b4ac0 .functor MUXZ 16, L_0x13b4360, L_0x13b4780, L_0x13b41d0, C4<>;
S_0x1395aa0 .scope module, "divider_iter" "lc4_divider_one_iter" 2 65, 3 126 0, S_0x1356740;
 .timescale -9 -12;
    .port_info 0 /INPUT 16 "i_dividend";
    .port_info 1 /INPUT 16 "i_divisor";
    .port_info 2 /INPUT 16 "i_remainder";
    .port_info 3 /INPUT 16 "i_quotient";
    .port_info 4 /OUTPUT 16 "o_dividend";
    .port_info 5 /OUTPUT 16 "o_remainder";
    .port_info 6 /OUTPUT 16 "o_quotient";
L_0x7fb0cd89c190 .functor BUFT 1, C4<0000000000000001>, C4<0>, C4<0>, C4<0>;
L_0x13bb620 .functor AND 16, L_0x13bc0c0, L_0x7fb0cd89c190, C4<1111111111111111>, C4<1111111111111111>;
L_0x13bc4d0 .functor OR 16, L_0x13bb620, L_0x13bc390, C4<0000000000000000>, C4<0000000000000000>;
L_0x7fb0cd89c2b0 .functor BUFT 1, C4<0000000000000001>, C4<0>, C4<0>, C4<0>;
L_0x13bc770 .functor OR 16, L_0x13bccf0, L_0x7fb0cd89c2b0, C4<0000000000000000>, C4<0000000000000000>;
L_0x7fb0cd89c148 .functor BUFT 1, C4<000000000000000>, C4<0>, C4<0>, C4<0>;
v0x1395d50_0 .net *"_ivl_10", 14 0, L_0x7fb0cd89c148;  1 drivers
v0x1395e30_0 .net/2u *"_ivl_12", 15 0, L_0x7fb0cd89c190;  1 drivers
v0x1395f10_0 .net *"_ivl_14", 15 0, L_0x13bb620;  1 drivers
v0x1395fd0_0 .net *"_ivl_16", 15 0, L_0x13bc390;  1 drivers
v0x13960b0_0 .net *"_ivl_18", 14 0, L_0x13bc2a0;  1 drivers
v0x13961e0_0 .net *"_ivl_2", 14 0, L_0x13bbdf0;  1 drivers
L_0x7fb0cd89c1d8 .functor BUFT 1, C4<0>, C4<0>, C4<0>, C4<0>;
v0x13962c0_0 .net *"_ivl_20", 0 0, L_0x7fb0cd89c1d8;  1 drivers
v0x13963a0_0 .net *"_ivl_26", 15 0, L_0x13bc6d0;  1 drivers
v0x1396480_0 .net *"_ivl_30", 15 0, L_0x13bcaf0;  1 drivers
v0x1396560_0 .net *"_ivl_32", 14 0, L_0x13bca50;  1 drivers
L_0x7fb0cd89c220 .functor BUFT 1, C4<0>, C4<0>, C4<0>, C4<0>;
v0x1396640_0 .net *"_ivl_34", 0 0, L_0x7fb0cd89c220;  1 drivers
v0x1396720_0 .net *"_ivl_36", 15 0, L_0x13bccf0;  1 drivers
v0x1396800_0 .net *"_ivl_38", 14 0, L_0x13bcbe0;  1 drivers
L_0x7fb0cd89c100 .functor BUFT 1, C4<0>, C4<0>, C4<0>, C4<0>;
v0x13968e0_0 .net *"_ivl_4", 0 0, L_0x7fb0cd89c100;  1 drivers
L_0x7fb0cd89c268 .functor BUFT 1, C4<0>, C4<0>, C4<0>, C4<0>;
v0x13969c0_0 .net *"_ivl_40", 0 0, L_0x7fb0cd89c268;  1 drivers
v0x1396aa0_0 .net/2u *"_ivl_42", 15 0, L_0x7fb0cd89c2b0;  1 drivers
v0x1396b80_0 .net *"_ivl_44", 15 0, L_0x13bc770;  1 drivers
v0x1396c60_0 .net *"_ivl_6", 15 0, L_0x13bc0c0;  1 drivers
v0x1396d40_0 .net *"_ivl_8", 0 0, L_0x13bc020;  1 drivers
v0x1396e20_0 .net "i_dividend", 15 0, v0x13980d0_0;  alias, 1 drivers
v0x1396ee0_0 .net "i_divisor", 15 0, v0x1398190_0;  alias, 1 drivers
v0x1396fa0_0 .net "i_quotient", 15 0, v0x1398250_0;  1 drivers
v0x1397080_0 .net "i_remainder", 15 0, v0x1398310_0;  1 drivers
v0x1397160_0 .net "o_dividend", 15 0, L_0x13bbe90;  alias, 1 drivers
v0x1397240_0 .net "o_quotient", 15 0, L_0x13bced0;  alias, 1 drivers
v0x1397320_0 .net "o_remainder", 15 0, L_0x13bc830;  alias, 1 drivers
v0x1397400_0 .net "remainder_lt_divisor", 0 0, L_0x13bc5e0;  1 drivers
v0x13974c0_0 .net "remainder_updated", 15 0, L_0x13bc4d0;  1 drivers
L_0x13bbdf0 .part v0x13980d0_0, 0, 15;
L_0x13bbe90 .concat [ 1 15 0 0], L_0x7fb0cd89c100, L_0x13bbdf0;
L_0x13bc020 .part v0x13980d0_0, 15, 1;
L_0x13bc0c0 .concat [ 1 15 0 0], L_0x13bc020, L_0x7fb0cd89c148;
L_0x13bc2a0 .part v0x1398310_0, 0, 15;
L_0x13bc390 .concat [ 1 15 0 0], L_0x7fb0cd89c1d8, L_0x13bc2a0;
L_0x13bc5e0 .cmp/gt 16, v0x1398190_0, L_0x13bc4d0;
L_0x13bc6d0 .arith/sub 16, L_0x13bc4d0, v0x1398190_0;
L_0x13bc830 .functor MUXZ 16, L_0x13bc6d0, L_0x13bc4d0, L_0x13bc5e0, C4<>;
L_0x13bca50 .part v0x1398250_0, 0, 15;
L_0x13bcaf0 .concat [ 1 15 0 0], L_0x7fb0cd89c220, L_0x13bca50;
L_0x13bcbe0 .part v0x1398250_0, 0, 15;
L_0x13bccf0 .concat [ 1 15 0 0], L_0x7fb0cd89c268, L_0x13bcbe0;
L_0x13bced0 .functor MUXZ 16, L_0x13bc770, L_0x13bcaf0, L_0x13bc5e0, C4<>;
S_0x13976c0 .scope task, "printPoints" "printPoints" 4 1, 4 1 0, S_0x1356740;
 .timescale -9 -12;
v0x13978a0_0 .var "actual", 31 0;
v0x1397980_0 .var "possible", 31 0;
TD_test_divider.printPoints ;
    %vpi_call 4 4 "$display", "<scorePossible>%d</scorePossible>", v0x1397980_0 {0 0 0};
    %vpi_call 4 5 "$display", "<scoreActual>%d</scoreActual>", v0x13978a0_0 {0 0 0};
    %end;
    .scope S_0x1356740;
T_1 ;
    %vpi_call 2 74 "$dumpfile", "divider.vcd" {0 0 0};
    %vpi_call 2 75 "$dumpvars" {0 0 0};
    %pushi/vec4 42, 0, 32;
    %store/vec4 v0x13987b0_0, 0, 32;
    %vpi_func 2 81 "$random" 32, v0x13987b0_0 {0 0 0};
    %store/vec4 v0x13987b0_0, 0, 32;
    %pushi/vec4 0, 0, 16;
    %store/vec4 v0x13980d0_0, 0, 16;
    %pushi/vec4 0, 0, 16;
    %store/vec4 v0x1398190_0, 0, 16;
    %pushi/vec4 0, 0, 16;
    %store/vec4 v0x1398310_0, 0, 16;
    %pushi/vec4 0, 0, 16;
    %store/vec4 v0x1398250_0, 0, 16;
    %pushi/vec4 0, 0, 32;
    %store/vec4 v0x1397d00_0, 0, 32;
    %pushi/vec4 0, 0, 32;
    %store/vec4 v0x1397b60_0, 0, 32;
    %vpi_func 2 96 "$fopen" 32, "test_lc4_divider_one_iter.input", "r" {0 0 0};
    %store/vec4 v0x13983b0_0, 0, 32;
    %load/vec4 v0x13983b0_0;
    %cmpi/e 0, 0, 32;
    %jmp/0xz  T_1.0, 4;
    %vpi_call 2 98 "$display", "Error opening file: ", "test_lc4_divider_one_iter.input" {0 0 0};
    %vpi_call 2 99 "$finish" {0 0 0};
T_1.0 ;
    %delay 100000, 0;
    %delay 2000, 0;
T_1.2 ;
    %vpi_func 2 108 "$fscanf" 32, v0x13983b0_0, "%d:%b %b %b %b %b %b %b", v0x1397a60_0, v0x13980d0_0, v0x1398190_0, v0x1398310_0, v0x1398250_0, v0x1397de0_0, v0x1397ff0_0, v0x1397f10_0 {0 0 0};
    %cmpi/e 8, 0, 32;
    %jmp/0xz T_1.3, 4;
    %delay 8000, 0;
    %load/vec4 v0x1397b60_0;
    %addi 1, 0, 32;
    %store/vec4 v0x1397b60_0, 0, 32;
    %load/vec4 v0x1398470_0;
    %load/vec4 v0x1397de0_0;
    %cmp/ne;
    %flag_mov 8, 6;
    %load/vec4 v0x13985d0_0;
    %load/vec4 v0x1397ff0_0;
    %cmp/ne;
    %flag_or 6, 8;
    %flag_mov 8, 6;
    %load/vec4 v0x1398530_0;
    %load/vec4 v0x1397f10_0;
    %cmp/ne;
    %flag_or 6, 8;
    %jmp/0xz  T_1.4, 6;
    %load/vec4 v0x1397d00_0;
    %addi 1, 0, 32;
    %store/vec4 v0x1397d00_0, 0, 32;
    %load/vec4 v0x1397d00_0;
    %cmpi/s 15, 0, 32;
    %jmp/0xz  T_1.6, 5;
    %vpi_call 2 119 "$display", "[lc4_divider_one_iter] Error at test %04d: i_dividend = %b %b %b %b (0x%H), i_divisor = %b %b %b %b (0x%H), i_remainder = %b %b %b %b (0x%H), i_quotient = %b %b %b %b (0x%H)", v0x1397b60_0, &PV<v0x13980d0_0, 12, 4>, &PV<v0x13980d0_0, 8, 4>, &PV<v0x13980d0_0, 4, 4>, &PV<v0x13980d0_0, 0, 4>, v0x13980d0_0, &PV<v0x1398190_0, 12, 4>, &PV<v0x1398190_0, 8, 4>, &PV<v0x1398190_0, 4, 4>, &PV<v0x1398190_0, 0, 4>, v0x1398190_0, &PV<v0x1398310_0, 12, 4>, &PV<v0x1398310_0, 8, 4>, &PV<v0x1398310_0, 4, 4>, &PV<v0x1398310_0, 0, 4>, v0x1398310_0, &PV<v0x1398250_0, 12, 4>, &PV<v0x1398250_0, 8, 4>, &PV<v0x1398250_0, 4, 4>, &PV<v0x1398250_0, 0, 4>, v0x1398250_0 {0 0 0};
    %load/vec4 v0x1398470_0;
    %load/vec4 v0x1397de0_0;
    %cmp/ne;
    %jmp/0xz  T_1.8, 6;
    %vpi_call 2 126 "$display", "   o_dividend should have been %b %b %b %b (0x%H), but was %b %b %b %b (0x%H) instead", &PV<v0x1397de0_0, 12, 4>, &PV<v0x1397de0_0, 8, 4>, &PV<v0x1397de0_0, 4, 4>, &PV<v0x1397de0_0, 0, 4>, v0x1397de0_0, &PV<v0x1398470_0, 12, 4>, &PV<v0x1398470_0, 8, 4>, &PV<v0x1398470_0, 4, 4>, &PV<v0x1398470_0, 0, 4>, v0x1398470_0 {0 0 0};
T_1.8 ;
    %load/vec4 v0x13985d0_0;
    %load/vec4 v0x1397ff0_0;
    %cmp/ne;
    %jmp/0xz  T_1.10, 6;
    %vpi_call 2 131 "$display", "   o_remainder should have been %b %b %b %b (0x%H), but was %b %b %b %b (0x%H) instead", &PV<v0x1397ff0_0, 12, 4>, &PV<v0x1397ff0_0, 8, 4>, &PV<v0x1397ff0_0, 4, 4>, &PV<v0x1397ff0_0, 0, 4>, v0x1397ff0_0, &PV<v0x13985d0_0, 12, 4>, &PV<v0x13985d0_0, 8, 4>, &PV<v0x13985d0_0, 4, 4>, &PV<v0x13985d0_0, 0, 4>, v0x13985d0_0 {0 0 0};
T_1.10 ;
    %load/vec4 v0x1398530_0;
    %load/vec4 v0x1397f10_0;
    %cmp/ne;
    %jmp/0xz  T_1.12, 6;
    %vpi_call 2 136 "$display", "   o_quotient should have been %b %b %b %b (0x%H), but was %b %b %b %b (0x%H) instead", &PV<v0x1397f10_0, 12, 4>, &PV<v0x1397f10_0, 8, 4>, &PV<v0x1397f10_0, 4, 4>, &PV<v0x1397f10_0, 0, 4>, v0x1397f10_0, &PV<v0x1398530_0, 12, 4>, &PV<v0x1398530_0, 8, 4>, &PV<v0x1398530_0, 4, 4>, &PV<v0x1398530_0, 0, 4>, v0x1398530_0 {0 0 0};
T_1.12 ;
T_1.6 ;
T_1.4 ;
    %delay 2000, 0;
    %jmp T_1.2;
T_1.3 ;
    %load/vec4 v0x13983b0_0;
    %cmpi/ne 0, 0, 32;
    %jmp/0xz  T_1.14, 4;
    %vpi_call 2 153 "$fclose", v0x13983b0_0 {0 0 0};
T_1.14 ;
    %vpi_func 2 158 "$random" 32 {0 0 0};
    %pad/s 16;
    %store/vec4 v0x13980d0_0, 0, 16;
    %pushi/vec4 0, 0, 16;
    %store/vec4 v0x1398190_0, 0, 16;
    %delay 8000, 0;
    %load/vec4 v0x1398670_0;
    %pad/u 32;
    %cmpi/ne 0, 0, 32;
    %flag_mov 8, 6;
    %load/vec4 v0x1398710_0;
    %pad/u 32;
    %cmpi/ne 0, 0, 32;
    %flag_or 6, 8;
    %jmp/0xz  T_1.16, 6;
    %load/vec4 v0x1397d00_0;
    %cmpi/s 15, 0, 32;
    %jmp/0xz  T_1.18, 5;
    %vpi_call 2 163 "$display", "[lc4_divider] Error at test %d: i_dividend = 0x%H, i_divisor = 0x%H, o_quotient and o_remainder should both be 0, but o_quotient was %b %b %b %b (0x%H) and o_remainder was %b %b %b %b (0x%H) instead", v0x1397c40_0, v0x13980d0_0, v0x1398190_0, &PV<v0x1398670_0, 12, 4>, &PV<v0x1398670_0, 8, 4>, &PV<v0x1398670_0, 4, 4>, &PV<v0x1398670_0, 0, 4>, v0x1398670_0, &PV<v0x1398710_0, 12, 4>, &PV<v0x1398710_0, 8, 4>, &PV<v0x1398710_0, 4, 4>, &PV<v0x1398710_0, 0, 4>, v0x1398710_0 {0 0 0};
T_1.18 ;
    %load/vec4 v0x1397d00_0;
    %addi 1, 0, 32;
    %store/vec4 v0x1397d00_0, 0, 32;
T_1.16 ;
    %load/vec4 v0x1397c40_0;
    %addi 1, 0, 32;
    %store/vec4 v0x1397c40_0, 0, 32;
    %load/vec4 v0x1397b60_0;
    %addi 1, 0, 32;
    %store/vec4 v0x1397b60_0, 0, 32;
    %pushi/vec4 0, 0, 32;
    %store/vec4 v0x1397c40_0, 0, 32;
T_1.20 ;
    %load/vec4 v0x1397c40_0;
    %cmpi/s 4000, 0, 32;
    %jmp/0xz T_1.21, 5;
    %vpi_func 2 184 "$random" 32 {0 0 0};
    %pad/s 16;
    %store/vec4 v0x13980d0_0, 0, 16;
    %vpi_func 2 185 "$random" 32 {0 0 0};
    %pad/s 16;
    %store/vec4 v0x1398190_0, 0, 16;
    %delay 8000, 0;
    %pushi/vec4 0, 0, 16;
    %store/vec4 v0x1397f10_0, 0, 16;
    %pushi/vec4 0, 0, 16;
    %store/vec4 v0x1397ff0_0, 0, 16;
    %load/vec4 v0x1398190_0;
    %cmpi/ne 0, 0, 16;
    %jmp/0xz  T_1.22, 6;
    %load/vec4 v0x13980d0_0;
    %load/vec4 v0x1398190_0;
    %div;
    %store/vec4 v0x1397f10_0, 0, 16;
    %load/vec4 v0x13980d0_0;
    %load/vec4 v0x1398190_0;
    %mod;
    %store/vec4 v0x1397ff0_0, 0, 16;
T_1.22 ;
    %load/vec4 v0x1397f10_0;
    %load/vec4 v0x1398670_0;
    %cmp/ne;
    %jmp/0xz  T_1.24, 6;
    %load/vec4 v0x1397d00_0;
    %cmpi/s 15, 0, 32;
    %jmp/0xz  T_1.26, 5;
    %vpi_call 2 205 "$display", "[lc4_divider] Error at test %d: i_dividend = %b %b %b %b (0x%H), i_divisor = %b %b %b %b (0x%H), o_quotient should have been %b %b %b %b (0x%H), but was %b %b %b %b (0x%H) instead", v0x1397c40_0, &PV<v0x13980d0_0, 12, 4>, &PV<v0x13980d0_0, 8, 4>, &PV<v0x13980d0_0, 4, 4>, &PV<v0x13980d0_0, 0, 4>, v0x13980d0_0, &PV<v0x1398190_0, 12, 4>, &PV<v0x1398190_0, 8, 4>, &PV<v0x1398190_0, 4, 4>, &PV<v0x1398190_0, 0, 4>, v0x1398190_0, &PV<v0x1397f10_0, 12, 4>, &PV<v0x1397f10_0, 8, 4>, &PV<v0x1397f10_0, 4, 4>, &PV<v0x1397f10_0, 0, 4>, v0x1397f10_0, &PV<v0x1398670_0, 12, 4>, &PV<v0x1398670_0, 8, 4>, &PV<v0x1398670_0, 4, 4>, &PV<v0x1398670_0, 0, 4>, v0x1398670_0 {0 0 0};
T_1.26 ;
    %load/vec4 v0x1397d00_0;
    %addi 1, 0, 32;
    %store/vec4 v0x1397d00_0, 0, 32;
T_1.24 ;
    %load/vec4 v0x1397c40_0;
    %addi 1, 0, 32;
    %store/vec4 v0x1397c40_0, 0, 32;
    %load/vec4 v0x1397b60_0;
    %addi 1, 0, 32;
    %store/vec4 v0x1397b60_0, 0, 32;
    %load/vec4 v0x1397ff0_0;
    %load/vec4 v0x1398710_0;
    %cmp/ne;
    %jmp/0xz  T_1.28, 6;
    %load/vec4 v0x1397d00_0;
    %cmpi/s 15, 0, 32;
    %jmp/0xz  T_1.30, 5;
    %vpi_call 2 224 "$display", "[lc4_divider] Error at test %d: i_dividend = %b %b %b %b (0x%H), i_divisor = %b %b %b %b (0x%H), o_remainder should have been %b %b %b %b (0x%H), but was %b %b %b %b (0x%H) instead", v0x1397c40_0, &PV<v0x13980d0_0, 12, 4>, &PV<v0x13980d0_0, 8, 4>, &PV<v0x13980d0_0, 4, 4>, &PV<v0x13980d0_0, 0, 4>, v0x13980d0_0, &PV<v0x1398190_0, 12, 4>, &PV<v0x1398190_0, 8, 4>, &PV<v0x1398190_0, 4, 4>, &PV<v0x1398190_0, 0, 4>, v0x1398190_0, &PV<v0x1397ff0_0, 12, 4>, &PV<v0x1397ff0_0, 8, 4>, &PV<v0x1397ff0_0, 4, 4>, &PV<v0x1397ff0_0, 0, 4>, v0x1397ff0_0, &PV<v0x1398710_0, 12, 4>, &PV<v0x1398710_0, 8, 4>, &PV<v0x1398710_0, 4, 4>, &PV<v0x1398710_0, 0, 4>, v0x1398710_0 {0 0 0};
T_1.30 ;
    %load/vec4 v0x1397d00_0;
    %addi 1, 0, 32;
    %store/vec4 v0x1397d00_0, 0, 32;
T_1.28 ;
    %load/vec4 v0x1397c40_0;
    %addi 1, 0, 32;
    %store/vec4 v0x1397c40_0, 0, 32;
    %load/vec4 v0x1397b60_0;
    %addi 1, 0, 32;
    %store/vec4 v0x1397b60_0, 0, 32;
    %delay 2000, 0;
    %load/vec4 v0x1397a60_0;
    %addi 1, 0, 32;
    %store/vec4 v0x1397a60_0, 0, 32;
    %jmp T_1.20;
T_1.21 ;
    %load/vec4 v0x1397d00_0;
    %cmpi/s 15, 0, 32;
    %flag_or 5, 4; GT is !LE
    %flag_inv 5;
    %jmp/0xz  T_1.32, 5;
    %load/vec4 v0x1397d00_0;
    %subi 15, 0, 32;
    %vpi_call 2 244 "$display", "Additional %d errors NOT printed.", S<0,vec4,s32> {1 0 0};
T_1.32 ;
    %vpi_call 2 246 "$display", "Simulation finished: %d test cases %d errors", v0x1397b60_0, v0x1397d00_0 {0 0 0};
    %load/vec4 v0x1397b60_0;
    %store/vec4 v0x1397980_0, 0, 32;
    %load/vec4 v0x1397b60_0;
    %load/vec4 v0x1397d00_0;
    %sub;
    %store/vec4 v0x13978a0_0, 0, 32;
    %fork TD_test_divider.printPoints, S_0x13976c0;
    %join;
    %vpi_call 2 248 "$finish" {0 0 0};
    %end;
    .thread T_1;
# The file index is used to find the file name in the following table.
:file_names 5;
    "N/A";
    "<interactive>";
    "testbench_lc4_divider.v";
    "lc4_divider.v";
    "./print_points.v";
