#! /home1/c/cis5710/tools/bin/vvp
:ivl_version "11.0 (stable)" "(v11_0)";
:ivl_delay_selection "TYPICAL";
:vpi_time_precision - 12;
:vpi_module "/home1/c/cis5710/tools/lib/ivl/system.vpi";
:vpi_module "/home1/c/cis5710/tools/lib/ivl/vhdl_sys.vpi";
:vpi_module "/home1/c/cis5710/tools/lib/ivl/vhdl_textio.vpi";
:vpi_module "/home1/c/cis5710/tools/lib/ivl/v2005_math.vpi";
:vpi_module "/home1/c/cis5710/tools/lib/ivl/va_math.vpi";
S_0x1e367e0 .scope module, "test_adders" "test_adders" 2 14;
 .timescale -9 -12;
L_0x7ff82507d060 .functor BUFT 1, C4<0>, C4<0>, C4<0>, C4<0>;
v0x1e6c030_0 .net *"_ivl_10", 0 0, L_0x7ff82507d060;  1 drivers
v0x1e6c110_0 .net *"_ivl_11", 1 0, L_0x1e6ec70;  1 drivers
v0x1e6c1f0_0 .net *"_ivl_13", 1 0, L_0x1e6ee20;  1 drivers
L_0x7ff82507d0a8 .functor BUFT 1, C4<0>, C4<0>, C4<0>, C4<0>;
v0x1e6c2e0_0 .net *"_ivl_16", 0 0, L_0x7ff82507d0a8;  1 drivers
v0x1e6c3c0_0 .net *"_ivl_17", 1 0, L_0x1e6ef50;  1 drivers
v0x1e6c4f0_0 .net *"_ivl_22", 2 0, L_0x1e6fee0;  1 drivers
L_0x7ff82507d0f0 .functor BUFT 1, C4<0>, C4<0>, C4<0>, C4<0>;
v0x1e6c5d0_0 .net *"_ivl_25", 0 0, L_0x7ff82507d0f0;  1 drivers
v0x1e6c6b0_0 .net *"_ivl_26", 2 0, L_0x1e70070;  1 drivers
L_0x7ff82507d138 .functor BUFT 1, C4<0>, C4<0>, C4<0>, C4<0>;
v0x1e6c790_0 .net *"_ivl_29", 0 0, L_0x7ff82507d138;  1 drivers
v0x1e6c900_0 .net *"_ivl_3", 1 0, L_0x1e6ea60;  1 drivers
v0x1e6c9e0_0 .net *"_ivl_30", 2 0, L_0x1e701a0;  1 drivers
v0x1e6cac0_0 .net *"_ivl_32", 2 0, L_0x1e703c0;  1 drivers
L_0x7ff82507d180 .functor BUFT 1, C4<00>, C4<0>, C4<0>, C4<0>;
v0x1e6cba0_0 .net *"_ivl_35", 1 0, L_0x7ff82507d180;  1 drivers
v0x1e6cc80_0 .net *"_ivl_36", 2 0, L_0x1e704b0;  1 drivers
v0x1e6cd60_0 .net *"_ivl_42", 3 0, L_0x1e72a20;  1 drivers
L_0x7ff82507d018 .functor BUFT 1, C4<0>, C4<0>, C4<0>, C4<0>;
v0x1e6ce40_0 .net *"_ivl_6", 0 0, L_0x7ff82507d018;  1 drivers
v0x1e6cf20_0 .net *"_ivl_7", 1 0, L_0x1e6eb50;  1 drivers
v0x1e6d000_0 .var "a", 0 0;
v0x1e6d0a0_0 .var "a2", 1 0;
v0x1e6d160_0 .var "a4", 3 0;
v0x1e6d220_0 .net "actual_fa2_cout", 0 0, L_0x1e6f9a0;  1 drivers
v0x1e6d2c0_0 .net "actual_fa2_sum", 1 0, L_0x1e6fcb0;  1 drivers
v0x1e6d380_0 .net "actual_fa_cout", 0 0, L_0x1e6e7d0;  1 drivers
v0x1e6d450_0 .net "actual_fa_sum", 0 0, L_0x1e6e600;  1 drivers
v0x1e6d540_0 .net "actual_ha_cout", 0 0, L_0x1e6e430;  1 drivers
v0x1e6d5e0_0 .net "actual_ha_sum", 0 0, L_0x1e6e2a0;  1 drivers
v0x1e6d6b0_0 .net "actual_rca4_sum", 7 0, L_0x1e726c0;  1 drivers
v0x1e6d780_0 .var "b", 0 0;
v0x1e6d820_0 .var "b2", 1 0;
v0x1e6d8f0_0 .var "b4", 3 0;
v0x1e6d990_0 .var "cin", 0 0;
v0x1e6da30_0 .var/i "errors", 31 0;
v0x1e6dad0_0 .net "exp_fa2_cout", 0 0, L_0x1e6fd50;  1 drivers
v0x1e6dda0_0 .net "exp_fa2_sum", 1 0, L_0x1e6fe40;  1 drivers
v0x1e6de80_0 .net "exp_fa_cout", 0 0, L_0x1e6e8d0;  1 drivers
v0x1e6df40_0 .net "exp_fa_sum", 0 0, L_0x1e6e970;  1 drivers
v0x1e6e000_0 .net "exp_rca4_sum", 3 0, L_0x1e728f0;  1 drivers
v0x1e6e0e0_0 .var/i "i", 31 0;
v0x1e6e1c0_0 .var/i "tests", 31 0;
L_0x1e6e8d0 .part L_0x1e6ef50, 1, 1;
L_0x1e6e970 .part L_0x1e6ef50, 0, 1;
L_0x1e6ea60 .concat [ 1 1 0 0], v0x1e6d000_0, L_0x7ff82507d018;
L_0x1e6eb50 .concat [ 1 1 0 0], v0x1e6d780_0, L_0x7ff82507d060;
L_0x1e6ec70 .arith/sum 2, L_0x1e6ea60, L_0x1e6eb50;
L_0x1e6ee20 .concat [ 1 1 0 0], v0x1e6d990_0, L_0x7ff82507d0a8;
L_0x1e6ef50 .arith/sum 2, L_0x1e6ec70, L_0x1e6ee20;
L_0x1e6fd50 .part L_0x1e704b0, 2, 1;
L_0x1e6fe40 .part L_0x1e704b0, 0, 2;
L_0x1e6fee0 .concat [ 2 1 0 0], v0x1e6d0a0_0, L_0x7ff82507d0f0;
L_0x1e70070 .concat [ 2 1 0 0], v0x1e6d820_0, L_0x7ff82507d138;
L_0x1e701a0 .arith/sum 3, L_0x1e6fee0, L_0x1e70070;
L_0x1e703c0 .concat [ 1 2 0 0], v0x1e6d990_0, L_0x7ff82507d180;
L_0x1e704b0 .arith/sum 3, L_0x1e701a0, L_0x1e703c0;
L_0x1e72850 .concat [ 4 4 0 0], v0x1e6d160_0, v0x1e6d8f0_0;
L_0x1e728f0 .part L_0x1e72a20, 0, 4;
L_0x1e72a20 .arith/sum 4, v0x1e6d160_0, v0x1e6d8f0_0;
S_0x1e31590 .scope module, "fa" "fulladder" 2 31, 3 20 0, S_0x1e367e0;
 .timescale -9 -12;
    .port_info 0 /INPUT 1 "cin";
    .port_info 1 /INPUT 1 "a";
    .port_info 2 /INPUT 1 "b";
    .port_info 3 /OUTPUT 1 "s";
    .port_info 4 /OUTPUT 1 "cout";
L_0x1e6e7d0 .functor OR 1, L_0x1e6e570, L_0x1e6e740, C4<0>, C4<0>;
v0x1e61290_0 .net "a", 0 0, v0x1e6d000_0;  1 drivers
v0x1e61350_0 .net "b", 0 0, v0x1e6d780_0;  1 drivers
v0x1e61420_0 .net "cin", 0 0, v0x1e6d990_0;  1 drivers
v0x1e61520_0 .net "cout", 0 0, L_0x1e6e7d0;  alias, 1 drivers
v0x1e615c0_0 .net "cout_tmp1", 0 0, L_0x1e6e570;  1 drivers
v0x1e616b0_0 .net "cout_tmp2", 0 0, L_0x1e6e740;  1 drivers
v0x1e61780_0 .net "s", 0 0, L_0x1e6e600;  alias, 1 drivers
v0x1e61850_0 .net "s_tmp", 0 0, L_0x1e6e4c0;  1 drivers
S_0x1e371c0 .scope module, "h0" "halfadder" 3 27, 3 10 0, S_0x1e31590;
 .timescale -9 -12;
    .port_info 0 /INPUT 1 "a";
    .port_info 1 /INPUT 1 "b";
    .port_info 2 /OUTPUT 1 "s";
    .port_info 3 /OUTPUT 1 "cout";
L_0x1e6e4c0 .functor XOR 1, v0x1e6d000_0, v0x1e6d780_0, C4<0>, C4<0>;
L_0x1e6e570 .functor AND 1, v0x1e6d000_0, v0x1e6d780_0, C4<1>, C4<1>;
v0x1e325b0_0 .net "a", 0 0, v0x1e6d000_0;  alias, 1 drivers
v0x1e60a70_0 .net "b", 0 0, v0x1e6d780_0;  alias, 1 drivers
v0x1e60b30_0 .net "cout", 0 0, L_0x1e6e570;  alias, 1 drivers
v0x1e60bd0_0 .net "s", 0 0, L_0x1e6e4c0;  alias, 1 drivers
S_0x1e60d10 .scope module, "h1" "halfadder" 3 28, 3 10 0, S_0x1e31590;
 .timescale -9 -12;
    .port_info 0 /INPUT 1 "a";
    .port_info 1 /INPUT 1 "b";
    .port_info 2 /OUTPUT 1 "s";
    .port_info 3 /OUTPUT 1 "cout";
L_0x1e6e600 .functor XOR 1, L_0x1e6e4c0, v0x1e6d990_0, C4<0>, C4<0>;
L_0x1e6e740 .functor AND 1, L_0x1e6e4c0, v0x1e6d990_0, C4<1>, C4<1>;
v0x1e60f10_0 .net "a", 0 0, L_0x1e6e4c0;  alias, 1 drivers
v0x1e60fb0_0 .net "b", 0 0, v0x1e6d990_0;  alias, 1 drivers
v0x1e61050_0 .net "cout", 0 0, L_0x1e6e740;  alias, 1 drivers
v0x1e61120_0 .net "s", 0 0, L_0x1e6e600;  alias, 1 drivers
S_0x1e61940 .scope module, "fa2" "fulladder2" 2 39, 3 33 0, S_0x1e367e0;
 .timescale -9 -12;
    .port_info 0 /INPUT 1 "cin";
    .port_info 1 /INPUT 2 "a";
    .port_info 2 /INPUT 2 "b";
    .port_info 3 /OUTPUT 2 "s";
    .port_info 4 /OUTPUT 1 "cout";
v0x1e644a0_0 .net "a", 1 0, v0x1e6d0a0_0;  1 drivers
v0x1e645a0_0 .net "b", 1 0, v0x1e6d820_0;  1 drivers
v0x1e64680_0 .net "cin", 0 0, v0x1e6d990_0;  alias, 1 drivers
v0x1e64720_0 .net "cout", 0 0, L_0x1e6f9a0;  alias, 1 drivers
v0x1e647f0_0 .net "cout_tmp", 0 0, L_0x1e6f320;  1 drivers
v0x1e64890_0 .net "s", 1 0, L_0x1e6fcb0;  alias, 1 drivers
L_0x1e6f3b0 .part v0x1e6d0a0_0, 0, 1;
L_0x1e6f470 .part v0x1e6d820_0, 0, 1;
L_0x1e6fa50 .part v0x1e6d0a0_0, 1, 1;
L_0x1e6fb80 .part v0x1e6d820_0, 1, 1;
L_0x1e6fcb0 .concat8 [ 1 1 0 0], L_0x1e6f1f0, L_0x1e6f780;
S_0x1e61b20 .scope module, "a0" "fulladder" 3 40, 3 20 0, S_0x1e61940;
 .timescale -9 -12;
    .port_info 0 /INPUT 1 "cin";
    .port_info 1 /INPUT 1 "a";
    .port_info 2 /INPUT 1 "b";
    .port_info 3 /OUTPUT 1 "s";
    .port_info 4 /OUTPUT 1 "cout";
L_0x1e6f320 .functor OR 1, L_0x1e6f130, L_0x1e6f2b0, C4<0>, C4<0>;
v0x1e62970_0 .net "a", 0 0, L_0x1e6f3b0;  1 drivers
v0x1e62a30_0 .net "b", 0 0, L_0x1e6f470;  1 drivers
v0x1e62b00_0 .net "cin", 0 0, v0x1e6d990_0;  alias, 1 drivers
v0x1e62bd0_0 .net "cout", 0 0, L_0x1e6f320;  alias, 1 drivers
v0x1e62c70_0 .net "cout_tmp1", 0 0, L_0x1e6f130;  1 drivers
v0x1e62d60_0 .net "cout_tmp2", 0 0, L_0x1e6f2b0;  1 drivers
v0x1e62e30_0 .net "s", 0 0, L_0x1e6f1f0;  1 drivers
v0x1e62f00_0 .net "s_tmp", 0 0, L_0x1e6ed10;  1 drivers
S_0x1e61db0 .scope module, "h0" "halfadder" 3 27, 3 10 0, S_0x1e61b20;
 .timescale -9 -12;
    .port_info 0 /INPUT 1 "a";
    .port_info 1 /INPUT 1 "b";
    .port_info 2 /OUTPUT 1 "s";
    .port_info 3 /OUTPUT 1 "cout";
L_0x1e6ed10 .functor XOR 1, L_0x1e6f3b0, L_0x1e6f470, C4<0>, C4<0>;
L_0x1e6f130 .functor AND 1, L_0x1e6f3b0, L_0x1e6f470, C4<1>, C4<1>;
v0x1e61fe0_0 .net "a", 0 0, L_0x1e6f3b0;  alias, 1 drivers
v0x1e620c0_0 .net "b", 0 0, L_0x1e6f470;  alias, 1 drivers
v0x1e62180_0 .net "cout", 0 0, L_0x1e6f130;  alias, 1 drivers
v0x1e62250_0 .net "s", 0 0, L_0x1e6ed10;  alias, 1 drivers
S_0x1e623c0 .scope module, "h1" "halfadder" 3 28, 3 10 0, S_0x1e61b20;
 .timescale -9 -12;
    .port_info 0 /INPUT 1 "a";
    .port_info 1 /INPUT 1 "b";
    .port_info 2 /OUTPUT 1 "s";
    .port_info 3 /OUTPUT 1 "cout";
L_0x1e6f1f0 .functor XOR 1, L_0x1e6ed10, v0x1e6d990_0, C4<0>, C4<0>;
L_0x1e6f2b0 .functor AND 1, L_0x1e6ed10, v0x1e6d990_0, C4<1>, C4<1>;
v0x1e625c0_0 .net "a", 0 0, L_0x1e6ed10;  alias, 1 drivers
v0x1e62690_0 .net "b", 0 0, v0x1e6d990_0;  alias, 1 drivers
v0x1e62780_0 .net "cout", 0 0, L_0x1e6f2b0;  alias, 1 drivers
v0x1e62820_0 .net "s", 0 0, L_0x1e6f1f0;  alias, 1 drivers
S_0x1e62ff0 .scope module, "a1" "fulladder" 3 41, 3 20 0, S_0x1e61940;
 .timescale -9 -12;
    .port_info 0 /INPUT 1 "cin";
    .port_info 1 /INPUT 1 "a";
    .port_info 2 /INPUT 1 "b";
    .port_info 3 /OUTPUT 1 "s";
    .port_info 4 /OUTPUT 1 "cout";
L_0x1e6f9a0 .functor OR 1, L_0x1e6f6a0, L_0x1e6f910, C4<0>, C4<0>;
v0x1e63e00_0 .net "a", 0 0, L_0x1e6fa50;  1 drivers
v0x1e63ec0_0 .net "b", 0 0, L_0x1e6fb80;  1 drivers
v0x1e63f90_0 .net "cin", 0 0, L_0x1e6f320;  alias, 1 drivers
v0x1e640b0_0 .net "cout", 0 0, L_0x1e6f9a0;  alias, 1 drivers
v0x1e64150_0 .net "cout_tmp1", 0 0, L_0x1e6f6a0;  1 drivers
v0x1e64240_0 .net "cout_tmp2", 0 0, L_0x1e6f910;  1 drivers
v0x1e642e0_0 .net "s", 0 0, L_0x1e6f780;  1 drivers
v0x1e643b0_0 .net "s_tmp", 0 0, L_0x1e6f5a0;  1 drivers
S_0x1e63270 .scope module, "h0" "halfadder" 3 27, 3 10 0, S_0x1e62ff0;
 .timescale -9 -12;
    .port_info 0 /INPUT 1 "a";
    .port_info 1 /INPUT 1 "b";
    .port_info 2 /OUTPUT 1 "s";
    .port_info 3 /OUTPUT 1 "cout";
L_0x1e6f5a0 .functor XOR 1, L_0x1e6fa50, L_0x1e6fb80, C4<0>, C4<0>;
L_0x1e6f6a0 .functor AND 1, L_0x1e6fa50, L_0x1e6fb80, C4<1>, C4<1>;
v0x1e63480_0 .net "a", 0 0, L_0x1e6fa50;  alias, 1 drivers
v0x1e63560_0 .net "b", 0 0, L_0x1e6fb80;  alias, 1 drivers
v0x1e63620_0 .net "cout", 0 0, L_0x1e6f6a0;  alias, 1 drivers
v0x1e636f0_0 .net "s", 0 0, L_0x1e6f5a0;  alias, 1 drivers
S_0x1e63860 .scope module, "h1" "halfadder" 3 28, 3 10 0, S_0x1e62ff0;
 .timescale -9 -12;
    .port_info 0 /INPUT 1 "a";
    .port_info 1 /INPUT 1 "b";
    .port_info 2 /OUTPUT 1 "s";
    .port_info 3 /OUTPUT 1 "cout";
L_0x1e6f780 .functor XOR 1, L_0x1e6f5a0, L_0x1e6f320, C4<0>, C4<0>;
L_0x1e6f910 .functor AND 1, L_0x1e6f5a0, L_0x1e6f320, C4<1>, C4<1>;
v0x1e63a60_0 .net "a", 0 0, L_0x1e6f5a0;  alias, 1 drivers
v0x1e63b30_0 .net "b", 0 0, L_0x1e6f320;  alias, 1 drivers
v0x1e63c00_0 .net "cout", 0 0, L_0x1e6f910;  alias, 1 drivers
v0x1e63cd0_0 .net "s", 0 0, L_0x1e6f780;  alias, 1 drivers
S_0x1e649d0 .scope module, "ha" "halfadder" 2 26, 3 10 0, S_0x1e367e0;
 .timescale -9 -12;
    .port_info 0 /INPUT 1 "a";
    .port_info 1 /INPUT 1 "b";
    .port_info 2 /OUTPUT 1 "s";
    .port_info 3 /OUTPUT 1 "cout";
L_0x1e6e2a0 .functor XOR 1, v0x1e6d000_0, v0x1e6d780_0, C4<0>, C4<0>;
L_0x1e6e430 .functor AND 1, v0x1e6d000_0, v0x1e6d780_0, C4<1>, C4<1>;
v0x1e64be0_0 .net "a", 0 0, v0x1e6d000_0;  alias, 1 drivers
v0x1e64cd0_0 .net "b", 0 0, v0x1e6d780_0;  alias, 1 drivers
v0x1e64de0_0 .net "cout", 0 0, L_0x1e6e430;  alias, 1 drivers
v0x1e64e80_0 .net "s", 0 0, L_0x1e6e2a0;  alias, 1 drivers
S_0x1e64fa0 .scope task, "printPoints" "printPoints" 4 1, 4 1 0, S_0x1e367e0;
 .timescale -9 -12;
v0x1e65180_0 .var "actual", 31 0;
v0x1e65280_0 .var "possible", 31 0;
TD_test_adders.printPoints ;
    %vpi_call 4 4 "$display", "<scorePossible>%d</scorePossible>", v0x1e65280_0 {0 0 0};
    %vpi_call 4 5 "$display", "<scoreActual>%d</scoreActual>", v0x1e65180_0 {0 0 0};
    %end;
S_0x1e65360 .scope module, "r0" "rca4" 2 45, 3 47 0, S_0x1e367e0;
 .timescale -9 -12;
    .port_info 0 /INPUT 8 "SWITCH";
    .port_info 1 /OUTPUT 8 "LED";
v0x1e6bc90_0 .net "LED", 7 0, L_0x1e726c0;  alias, 1 drivers
v0x1e6bd90_0 .net "SWITCH", 7 0, L_0x1e72850;  1 drivers
L_0x7ff82507d210 .functor BUFT 1, C4<0000>, C4<0>, C4<0>, C4<0>;
v0x1e6be70_0 .net/2u *"_ivl_17", 3 0, L_0x7ff82507d210;  1 drivers
v0x1e6bf30_0 .net "cout0", 0 0, L_0x1e71020;  1 drivers
L_0x1e713d0 .part L_0x1e72850, 0, 2;
L_0x1e71470 .part L_0x1e72850, 4, 2;
L_0x1e724f0 .part L_0x1e72850, 2, 2;
L_0x1e72590 .part L_0x1e72850, 6, 2;
L_0x1e726c0 .concat8 [ 2 2 4 0], L_0x1e71330, L_0x1e72450, L_0x7ff82507d210;
S_0x1e655b0 .scope module, "a0" "fulladder2" 3 50, 3 33 0, S_0x1e65360;
 .timescale -9 -12;
    .port_info 0 /INPUT 1 "cin";
    .port_info 1 /INPUT 2 "a";
    .port_info 2 /INPUT 2 "b";
    .port_info 3 /OUTPUT 2 "s";
    .port_info 4 /OUTPUT 1 "cout";
v0x1e68370_0 .net "a", 1 0, L_0x1e713d0;  1 drivers
v0x1e68470_0 .net "b", 1 0, L_0x1e71470;  1 drivers
L_0x7ff82507d1c8 .functor BUFT 1, C4<0>, C4<0>, C4<0>, C4<0>;
v0x1e68550_0 .net "cin", 0 0, L_0x7ff82507d1c8;  1 drivers
v0x1e68640_0 .net "cout", 0 0, L_0x1e71020;  alias, 1 drivers
v0x1e686e0_0 .net "cout_tmp", 0 0, L_0x1e709b0;  1 drivers
v0x1e687d0_0 .net "s", 1 0, L_0x1e71330;  1 drivers
L_0x1e70ad0 .part L_0x1e713d0, 0, 1;
L_0x1e70c00 .part L_0x1e71470, 0, 1;
L_0x1e710d0 .part L_0x1e713d0, 1, 1;
L_0x1e71200 .part L_0x1e71470, 1, 1;
L_0x1e71330 .concat8 [ 1 1 0 0], L_0x1e70760, L_0x1e70e50;
S_0x1e65830 .scope module, "a0" "fulladder" 3 40, 3 20 0, S_0x1e655b0;
 .timescale -9 -12;
    .port_info 0 /INPUT 1 "cin";
    .port_info 1 /INPUT 1 "a";
    .port_info 2 /INPUT 1 "b";
    .port_info 3 /OUTPUT 1 "s";
    .port_info 4 /OUTPUT 1 "cout";
L_0x1e709b0 .functor OR 1, L_0x1e70240, L_0x1e708b0, C4<0>, C4<0>;
v0x1e66750_0 .net "a", 0 0, L_0x1e70ad0;  1 drivers
v0x1e66810_0 .net "b", 0 0, L_0x1e70c00;  1 drivers
v0x1e668e0_0 .net "cin", 0 0, L_0x7ff82507d1c8;  alias, 1 drivers
v0x1e669e0_0 .net "cout", 0 0, L_0x1e709b0;  alias, 1 drivers
v0x1e66a80_0 .net "cout_tmp1", 0 0, L_0x1e70240;  1 drivers
v0x1e66b70_0 .net "cout_tmp2", 0 0, L_0x1e708b0;  1 drivers
v0x1e66c40_0 .net "s", 0 0, L_0x1e70760;  1 drivers
v0x1e66d10_0 .net "s_tmp", 0 0, L_0x1e70350;  1 drivers
S_0x1e65ab0 .scope module, "h0" "halfadder" 3 27, 3 10 0, S_0x1e65830;
 .timescale -9 -12;
    .port_info 0 /INPUT 1 "a";
    .port_info 1 /INPUT 1 "b";
    .port_info 2 /OUTPUT 1 "s";
    .port_info 3 /OUTPUT 1 "cout";
L_0x1e70350 .functor XOR 1, L_0x1e70ad0, L_0x1e70c00, C4<0>, C4<0>;
L_0x1e70240 .functor AND 1, L_0x1e70ad0, L_0x1e70c00, C4<1>, C4<1>;
v0x1e65d50_0 .net "a", 0 0, L_0x1e70ad0;  alias, 1 drivers
v0x1e65e30_0 .net "b", 0 0, L_0x1e70c00;  alias, 1 drivers
v0x1e65ef0_0 .net "cout", 0 0, L_0x1e70240;  alias, 1 drivers
v0x1e65fc0_0 .net "s", 0 0, L_0x1e70350;  alias, 1 drivers
S_0x1e66130 .scope module, "h1" "halfadder" 3 28, 3 10 0, S_0x1e65830;
 .timescale -9 -12;
    .port_info 0 /INPUT 1 "a";
    .port_info 1 /INPUT 1 "b";
    .port_info 2 /OUTPUT 1 "s";
    .port_info 3 /OUTPUT 1 "cout";
L_0x1e70760 .functor XOR 1, L_0x1e70350, L_0x7ff82507d1c8, C4<0>, C4<0>;
L_0x1e708b0 .functor AND 1, L_0x1e70350, L_0x7ff82507d1c8, C4<1>, C4<1>;
v0x1e663a0_0 .net "a", 0 0, L_0x1e70350;  alias, 1 drivers
v0x1e66470_0 .net "b", 0 0, L_0x7ff82507d1c8;  alias, 1 drivers
v0x1e66510_0 .net "cout", 0 0, L_0x1e708b0;  alias, 1 drivers
v0x1e665e0_0 .net "s", 0 0, L_0x1e70760;  alias, 1 drivers
S_0x1e66e00 .scope module, "a1" "fulladder" 3 41, 3 20 0, S_0x1e655b0;
 .timescale -9 -12;
    .port_info 0 /INPUT 1 "cin";
    .port_info 1 /INPUT 1 "a";
    .port_info 2 /INPUT 1 "b";
    .port_info 3 /OUTPUT 1 "s";
    .port_info 4 /OUTPUT 1 "cout";
L_0x1e71020 .functor OR 1, L_0x1e70dc0, L_0x1e70f90, C4<0>, C4<0>;
v0x1e67cd0_0 .net "a", 0 0, L_0x1e710d0;  1 drivers
v0x1e67d90_0 .net "b", 0 0, L_0x1e71200;  1 drivers
v0x1e67e60_0 .net "cin", 0 0, L_0x1e709b0;  alias, 1 drivers
v0x1e67f80_0 .net "cout", 0 0, L_0x1e71020;  alias, 1 drivers
v0x1e68020_0 .net "cout_tmp1", 0 0, L_0x1e70dc0;  1 drivers
v0x1e68110_0 .net "cout_tmp2", 0 0, L_0x1e70f90;  1 drivers
v0x1e681b0_0 .net "s", 0 0, L_0x1e70e50;  1 drivers
v0x1e68280_0 .net "s_tmp", 0 0, L_0x1e70d30;  1 drivers
S_0x1e67060 .scope module, "h0" "halfadder" 3 27, 3 10 0, S_0x1e66e00;
 .timescale -9 -12;
    .port_info 0 /INPUT 1 "a";
    .port_info 1 /INPUT 1 "b";
    .port_info 2 /OUTPUT 1 "s";
    .port_info 3 /OUTPUT 1 "cout";
L_0x1e70d30 .functor XOR 1, L_0x1e710d0, L_0x1e71200, C4<0>, C4<0>;
L_0x1e70dc0 .functor AND 1, L_0x1e710d0, L_0x1e71200, C4<1>, C4<1>;
v0x1e672e0_0 .net "a", 0 0, L_0x1e710d0;  alias, 1 drivers
v0x1e673c0_0 .net "b", 0 0, L_0x1e71200;  alias, 1 drivers
v0x1e67480_0 .net "cout", 0 0, L_0x1e70dc0;  alias, 1 drivers
v0x1e67550_0 .net "s", 0 0, L_0x1e70d30;  alias, 1 drivers
S_0x1e676c0 .scope module, "h1" "halfadder" 3 28, 3 10 0, S_0x1e66e00;
 .timescale -9 -12;
    .port_info 0 /INPUT 1 "a";
    .port_info 1 /INPUT 1 "b";
    .port_info 2 /OUTPUT 1 "s";
    .port_info 3 /OUTPUT 1 "cout";
L_0x1e70e50 .functor XOR 1, L_0x1e70d30, L_0x1e709b0, C4<0>, C4<0>;
L_0x1e70f90 .functor AND 1, L_0x1e70d30, L_0x1e709b0, C4<1>, C4<1>;
v0x1e67930_0 .net "a", 0 0, L_0x1e70d30;  alias, 1 drivers
v0x1e67a00_0 .net "b", 0 0, L_0x1e709b0;  alias, 1 drivers
v0x1e67ad0_0 .net "cout", 0 0, L_0x1e70f90;  alias, 1 drivers
v0x1e67ba0_0 .net "s", 0 0, L_0x1e70e50;  alias, 1 drivers
S_0x1e68910 .scope module, "a3" "fulladder2" 3 51, 3 33 0, S_0x1e65360;
 .timescale -9 -12;
    .port_info 0 /INPUT 1 "cin";
    .port_info 1 /INPUT 2 "a";
    .port_info 2 /INPUT 2 "b";
    .port_info 3 /OUTPUT 2 "s";
    .port_info 4 /OUTPUT 1 "cout";
v0x1e6b6d0_0 .net "a", 1 0, L_0x1e724f0;  1 drivers
v0x1e6b7d0_0 .net "b", 1 0, L_0x1e72590;  1 drivers
v0x1e6b8b0_0 .net "cin", 0 0, L_0x1e71020;  alias, 1 drivers
v0x1e6b9e0_0 .net "cout", 0 0, L_0x1e720f0;  1 drivers
v0x1e6bab0_0 .net "cout_tmp", 0 0, L_0x1e71aa0;  1 drivers
v0x1e6bb50_0 .net "s", 1 0, L_0x1e72450;  1 drivers
L_0x1e71b50 .part L_0x1e724f0, 0, 1;
L_0x1e71c80 .part L_0x1e72590, 0, 1;
L_0x1e721f0 .part L_0x1e724f0, 1, 1;
L_0x1e72320 .part L_0x1e72590, 1, 1;
L_0x1e72450 .concat8 [ 1 1 0 0], L_0x1e71770, L_0x1e71ed0;
S_0x1e68b90 .scope module, "a0" "fulladder" 3 40, 3 20 0, S_0x1e68910;
 .timescale -9 -12;
    .port_info 0 /INPUT 1 "cin";
    .port_info 1 /INPUT 1 "a";
    .port_info 2 /INPUT 1 "b";
    .port_info 3 /OUTPUT 1 "s";
    .port_info 4 /OUTPUT 1 "cout";
L_0x1e71aa0 .functor OR 1, L_0x1e71690, L_0x1e71900, C4<0>, C4<0>;
v0x1e69ac0_0 .net "a", 0 0, L_0x1e71b50;  1 drivers
v0x1e69b80_0 .net "b", 0 0, L_0x1e71c80;  1 drivers
v0x1e69c50_0 .net "cin", 0 0, L_0x1e71020;  alias, 1 drivers
v0x1e69d20_0 .net "cout", 0 0, L_0x1e71aa0;  alias, 1 drivers
v0x1e69dc0_0 .net "cout_tmp1", 0 0, L_0x1e71690;  1 drivers
v0x1e69eb0_0 .net "cout_tmp2", 0 0, L_0x1e71900;  1 drivers
v0x1e69f80_0 .net "s", 0 0, L_0x1e71770;  1 drivers
v0x1e6a050_0 .net "s_tmp", 0 0, L_0x1e71560;  1 drivers
S_0x1e68e20 .scope module, "h0" "halfadder" 3 27, 3 10 0, S_0x1e68b90;
 .timescale -9 -12;
    .port_info 0 /INPUT 1 "a";
    .port_info 1 /INPUT 1 "b";
    .port_info 2 /OUTPUT 1 "s";
    .port_info 3 /OUTPUT 1 "cout";
L_0x1e71560 .functor XOR 1, L_0x1e71b50, L_0x1e71c80, C4<0>, C4<0>;
L_0x1e71690 .functor AND 1, L_0x1e71b50, L_0x1e71c80, C4<1>, C4<1>;
v0x1e690c0_0 .net "a", 0 0, L_0x1e71b50;  alias, 1 drivers
v0x1e691a0_0 .net "b", 0 0, L_0x1e71c80;  alias, 1 drivers
v0x1e69260_0 .net "cout", 0 0, L_0x1e71690;  alias, 1 drivers
v0x1e69330_0 .net "s", 0 0, L_0x1e71560;  alias, 1 drivers
S_0x1e694a0 .scope module, "h1" "halfadder" 3 28, 3 10 0, S_0x1e68b90;
 .timescale -9 -12;
    .port_info 0 /INPUT 1 "a";
    .port_info 1 /INPUT 1 "b";
    .port_info 2 /OUTPUT 1 "s";
    .port_info 3 /OUTPUT 1 "cout";
L_0x1e71770 .functor XOR 1, L_0x1e71560, L_0x1e71020, C4<0>, C4<0>;
L_0x1e71900 .functor AND 1, L_0x1e71560, L_0x1e71020, C4<1>, C4<1>;
v0x1e69710_0 .net "a", 0 0, L_0x1e71560;  alias, 1 drivers
v0x1e697e0_0 .net "b", 0 0, L_0x1e71020;  alias, 1 drivers
v0x1e698d0_0 .net "cout", 0 0, L_0x1e71900;  alias, 1 drivers
v0x1e69970_0 .net "s", 0 0, L_0x1e71770;  alias, 1 drivers
S_0x1e6a140 .scope module, "a1" "fulladder" 3 41, 3 20 0, S_0x1e68910;
 .timescale -9 -12;
    .port_info 0 /INPUT 1 "cin";
    .port_info 1 /INPUT 1 "a";
    .port_info 2 /INPUT 1 "b";
    .port_info 3 /OUTPUT 1 "s";
    .port_info 4 /OUTPUT 1 "cout";
L_0x1e720f0 .functor OR 1, L_0x1e71e40, L_0x1e72060, C4<0>, C4<0>;
v0x1e6b030_0 .net "a", 0 0, L_0x1e721f0;  1 drivers
v0x1e6b0f0_0 .net "b", 0 0, L_0x1e72320;  1 drivers
v0x1e6b1c0_0 .net "cin", 0 0, L_0x1e71aa0;  alias, 1 drivers
v0x1e6b2e0_0 .net "cout", 0 0, L_0x1e720f0;  alias, 1 drivers
v0x1e6b380_0 .net "cout_tmp1", 0 0, L_0x1e71e40;  1 drivers
v0x1e6b470_0 .net "cout_tmp2", 0 0, L_0x1e72060;  1 drivers
v0x1e6b510_0 .net "s", 0 0, L_0x1e71ed0;  1 drivers
v0x1e6b5e0_0 .net "s_tmp", 0 0, L_0x1e71db0;  1 drivers
S_0x1e6a3c0 .scope module, "h0" "halfadder" 3 27, 3 10 0, S_0x1e6a140;
 .timescale -9 -12;
    .port_info 0 /INPUT 1 "a";
    .port_info 1 /INPUT 1 "b";
    .port_info 2 /OUTPUT 1 "s";
    .port_info 3 /OUTPUT 1 "cout";
L_0x1e71db0 .functor XOR 1, L_0x1e721f0, L_0x1e72320, C4<0>, C4<0>;
L_0x1e71e40 .functor AND 1, L_0x1e721f0, L_0x1e72320, C4<1>, C4<1>;
v0x1e6a640_0 .net "a", 0 0, L_0x1e721f0;  alias, 1 drivers
v0x1e6a720_0 .net "b", 0 0, L_0x1e72320;  alias, 1 drivers
v0x1e6a7e0_0 .net "cout", 0 0, L_0x1e71e40;  alias, 1 drivers
v0x1e6a8b0_0 .net "s", 0 0, L_0x1e71db0;  alias, 1 drivers
S_0x1e6aa20 .scope module, "h1" "halfadder" 3 28, 3 10 0, S_0x1e6a140;
 .timescale -9 -12;
    .port_info 0 /INPUT 1 "a";
    .port_info 1 /INPUT 1 "b";
    .port_info 2 /OUTPUT 1 "s";
    .port_info 3 /OUTPUT 1 "cout";
L_0x1e71ed0 .functor XOR 1, L_0x1e71db0, L_0x1e71aa0, C4<0>, C4<0>;
L_0x1e72060 .functor AND 1, L_0x1e71db0, L_0x1e71aa0, C4<1>, C4<1>;
v0x1e6ac90_0 .net "a", 0 0, L_0x1e71db0;  alias, 1 drivers
v0x1e6ad60_0 .net "b", 0 0, L_0x1e71aa0;  alias, 1 drivers
v0x1e6ae30_0 .net "cout", 0 0, L_0x1e72060;  alias, 1 drivers
v0x1e6af00_0 .net "s", 0 0, L_0x1e71ed0;  alias, 1 drivers
    .scope S_0x1e367e0;
T_1 ;
    %vpi_call 2 52 "$dumpfile", "rca.vcd" {0 0 0};
    %vpi_call 2 53 "$dumpvars" {0 0 0};
    %pushi/vec4 0, 0, 1;
    %store/vec4 v0x1e6d000_0, 0, 1;
    %pushi/vec4 0, 0, 1;
    %store/vec4 v0x1e6d780_0, 0, 1;
    %pushi/vec4 0, 0, 32;
    %store/vec4 v0x1e6da30_0, 0, 32;
    %pushi/vec4 0, 0, 32;
    %store/vec4 v0x1e6e1c0_0, 0, 32;
    %delay 100000, 0;
    %pushi/vec4 0, 0, 32;
    %store/vec4 v0x1e6e0e0_0, 0, 32;
T_1.0 ;
    %load/vec4 v0x1e6e0e0_0;
    %cmpi/s 3, 0, 32;
    %flag_or 5, 4;
    %jmp/0xz T_1.1, 5;
    %load/vec4 v0x1e6e0e0_0;
    %parti/s 1, 0, 2;
    %store/vec4 v0x1e6d000_0, 0, 1;
    %load/vec4 v0x1e6e0e0_0;
    %parti/s 1, 1, 2;
    %store/vec4 v0x1e6d780_0, 0, 1;
    %delay 6000, 0;
    %load/vec4 v0x1e6e1c0_0;
    %addi 2, 0, 32;
    %store/vec4 v0x1e6e1c0_0, 0, 32;
    %load/vec4 v0x1e6e0e0_0;
    %dup/vec4;
    %pushi/vec4 0, 0, 32;
    %cmp/u;
    %jmp/1 T_1.2, 6;
    %dup/vec4;
    %pushi/vec4 3, 0, 32;
    %cmp/u;
    %jmp/1 T_1.3, 6;
    %dup/vec4;
    %pushi/vec4 1, 0, 32;
    %cmp/u;
    %jmp/1 T_1.4, 6;
    %dup/vec4;
    %pushi/vec4 2, 0, 32;
    %cmp/u;
    %jmp/1 T_1.5, 6;
    %jmp T_1.6;
T_1.2 ;
    %load/vec4 v0x1e6d5e0_0;
    %pad/u 32;
    %cmpi/ne 0, 0, 32;
    %jmp/0xz  T_1.7, 6;
    %load/vec4 v0x1e6da30_0;
    %cmpi/s 5, 0, 32;
    %jmp/0xz  T_1.9, 5;
    %vpi_call 2 78 "$display", "[halfadder] ERROR: %b + %b should produce sum=0 but was %b instead", v0x1e6d000_0, v0x1e6d780_0, v0x1e6d5e0_0 {0 0 0};
T_1.9 ;
    %load/vec4 v0x1e6da30_0;
    %addi 1, 0, 32;
    %store/vec4 v0x1e6da30_0, 0, 32;
T_1.7 ;
    %jmp T_1.6;
T_1.3 ;
    %load/vec4 v0x1e6d5e0_0;
    %pad/u 32;
    %cmpi/ne 0, 0, 32;
    %jmp/0xz  T_1.11, 6;
    %load/vec4 v0x1e6da30_0;
    %cmpi/s 5, 0, 32;
    %jmp/0xz  T_1.13, 5;
    %vpi_call 2 78 "$display", "[halfadder] ERROR: %b + %b should produce sum=0 but was %b instead", v0x1e6d000_0, v0x1e6d780_0, v0x1e6d5e0_0 {0 0 0};
T_1.13 ;
    %load/vec4 v0x1e6da30_0;
    %addi 1, 0, 32;
    %store/vec4 v0x1e6da30_0, 0, 32;
T_1.11 ;
    %jmp T_1.6;
T_1.4 ;
    %load/vec4 v0x1e6d5e0_0;
    %pad/u 32;
    %cmpi/ne 1, 0, 32;
    %jmp/0xz  T_1.15, 6;
    %load/vec4 v0x1e6da30_0;
    %cmpi/s 5, 0, 32;
    %jmp/0xz  T_1.17, 5;
    %vpi_call 2 85 "$display", "[halfadder] ERROR: %b + %b should produce sum=1 but was %b instead", v0x1e6d000_0, v0x1e6d780_0, v0x1e6d5e0_0 {0 0 0};
T_1.17 ;
    %load/vec4 v0x1e6da30_0;
    %addi 1, 0, 32;
    %store/vec4 v0x1e6da30_0, 0, 32;
T_1.15 ;
    %jmp T_1.6;
T_1.5 ;
    %load/vec4 v0x1e6d5e0_0;
    %pad/u 32;
    %cmpi/ne 1, 0, 32;
    %jmp/0xz  T_1.19, 6;
    %load/vec4 v0x1e6da30_0;
    %cmpi/s 5, 0, 32;
    %jmp/0xz  T_1.21, 5;
    %vpi_call 2 85 "$display", "[halfadder] ERROR: %b + %b should produce sum=1 but was %b instead", v0x1e6d000_0, v0x1e6d780_0, v0x1e6d5e0_0 {0 0 0};
T_1.21 ;
    %load/vec4 v0x1e6da30_0;
    %addi 1, 0, 32;
    %store/vec4 v0x1e6da30_0, 0, 32;
T_1.19 ;
    %jmp T_1.6;
T_1.6 ;
    %pop/vec4 1;
    %load/vec4 v0x1e6e0e0_0;
    %cmpi/s 3, 0, 32;
    %flag_get/vec4 5;
    %pushi/vec4 0, 0, 32;
    %load/vec4 v0x1e6d540_0;
    %pad/u 32;
    %cmp/ne;
    %flag_get/vec4 6;
    %and;
    %flag_set/vec4 8;
    %jmp/0xz  T_1.23, 8;
    %load/vec4 v0x1e6da30_0;
    %cmpi/s 5, 0, 32;
    %jmp/0xz  T_1.25, 5;
    %vpi_call 2 94 "$display", "[halfadder] ERROR: %b + %b should produce cout=0 but was %b instead", v0x1e6d000_0, v0x1e6d780_0, v0x1e6d540_0 {0 0 0};
T_1.25 ;
    %load/vec4 v0x1e6da30_0;
    %addi 1, 0, 32;
    %store/vec4 v0x1e6da30_0, 0, 32;
T_1.23 ;
    %load/vec4 v0x1e6e0e0_0;
    %pushi/vec4 3, 0, 32;
    %cmp/e;
    %flag_get/vec4 4;
    %pushi/vec4 1, 0, 32;
    %load/vec4 v0x1e6d540_0;
    %pad/u 32;
    %cmp/ne;
    %flag_get/vec4 6;
    %and;
    %flag_set/vec4 8;
    %jmp/0xz  T_1.27, 8;
    %load/vec4 v0x1e6da30_0;
    %cmpi/s 5, 0, 32;
    %jmp/0xz  T_1.29, 5;
    %vpi_call 2 100 "$display", "[halfadder] ERROR: %b + %b should produce cout=1 but was %b instead", v0x1e6d000_0, v0x1e6d780_0, v0x1e6d540_0 {0 0 0};
T_1.29 ;
    %load/vec4 v0x1e6da30_0;
    %addi 1, 0, 32;
    %store/vec4 v0x1e6da30_0, 0, 32;
T_1.27 ;
    %load/vec4 v0x1e6e0e0_0;
    %addi 1, 0, 32;
    %store/vec4 v0x1e6e0e0_0, 0, 32;
    %jmp T_1.0;
T_1.1 ;
    %pushi/vec4 0, 0, 32;
    %store/vec4 v0x1e6e0e0_0, 0, 32;
T_1.31 ;
    %load/vec4 v0x1e6e0e0_0;
    %cmpi/s 7, 0, 32;
    %flag_or 5, 4;
    %jmp/0xz T_1.32, 5;
    %load/vec4 v0x1e6e0e0_0;
    %parti/s 1, 0, 2;
    %store/vec4 v0x1e6d000_0, 0, 1;
    %load/vec4 v0x1e6e0e0_0;
    %parti/s 1, 1, 2;
    %store/vec4 v0x1e6d780_0, 0, 1;
    %load/vec4 v0x1e6e0e0_0;
    %parti/s 1, 2, 3;
    %store/vec4 v0x1e6d990_0, 0, 1;
    %delay 6000, 0;
    %load/vec4 v0x1e6e1c0_0;
    %addi 2, 0, 32;
    %store/vec4 v0x1e6e1c0_0, 0, 32;
    %load/vec4 v0x1e6de80_0;
    %load/vec4 v0x1e6d380_0;
    %cmp/ne;
    %jmp/0xz  T_1.33, 6;
    %load/vec4 v0x1e6da30_0;
    %cmpi/s 5, 0, 32;
    %jmp/0xz  T_1.35, 5;
    %vpi_call 2 120 "$display", "[fulladder] ERROR: %b + %b should produce cout=%b but was %b instead", v0x1e6d000_0, v0x1e6d780_0, v0x1e6de80_0, v0x1e6d380_0 {0 0 0};
T_1.35 ;
    %load/vec4 v0x1e6da30_0;
    %addi 1, 0, 32;
    %store/vec4 v0x1e6da30_0, 0, 32;
T_1.33 ;
    %load/vec4 v0x1e6df40_0;
    %load/vec4 v0x1e6d450_0;
    %cmp/ne;
    %jmp/0xz  T_1.37, 6;
    %load/vec4 v0x1e6da30_0;
    %cmpi/s 5, 0, 32;
    %jmp/0xz  T_1.39, 5;
    %vpi_call 2 126 "$display", "[fulladder] ERROR: %b + %b should produce sum=%b but was %b instead", v0x1e6d000_0, v0x1e6d780_0, v0x1e6df40_0, v0x1e6d450_0 {0 0 0};
T_1.39 ;
    %load/vec4 v0x1e6da30_0;
    %addi 1, 0, 32;
    %store/vec4 v0x1e6da30_0, 0, 32;
T_1.37 ;
    %load/vec4 v0x1e6e0e0_0;
    %addi 1, 0, 32;
    %store/vec4 v0x1e6e0e0_0, 0, 32;
    %jmp T_1.31;
T_1.32 ;
    %pushi/vec4 0, 0, 32;
    %store/vec4 v0x1e6e0e0_0, 0, 32;
T_1.41 ;
    %load/vec4 v0x1e6e0e0_0;
    %cmpi/s 31, 0, 32;
    %flag_or 5, 4;
    %jmp/0xz T_1.42, 5;
    %load/vec4 v0x1e6e0e0_0;
    %parti/s 2, 0, 2;
    %store/vec4 v0x1e6d0a0_0, 0, 2;
    %load/vec4 v0x1e6e0e0_0;
    %parti/s 2, 2, 3;
    %store/vec4 v0x1e6d820_0, 0, 2;
    %load/vec4 v0x1e6e0e0_0;
    %parti/s 1, 4, 4;
    %store/vec4 v0x1e6d990_0, 0, 1;
    %delay 6000, 0;
    %load/vec4 v0x1e6e1c0_0;
    %addi 2, 0, 32;
    %store/vec4 v0x1e6e1c0_0, 0, 32;
    %load/vec4 v0x1e6dad0_0;
    %load/vec4 v0x1e6d220_0;
    %cmp/ne;
    %jmp/0xz  T_1.43, 6;
    %load/vec4 v0x1e6da30_0;
    %cmpi/s 5, 0, 32;
    %jmp/0xz  T_1.45, 5;
    %vpi_call 2 145 "$display", "[fulladder2] ERROR: %b + %b should produce cout=%b but was %b instead", v0x1e6d0a0_0, v0x1e6d820_0, v0x1e6dad0_0, v0x1e6d220_0 {0 0 0};
T_1.45 ;
    %load/vec4 v0x1e6da30_0;
    %addi 1, 0, 32;
    %store/vec4 v0x1e6da30_0, 0, 32;
T_1.43 ;
    %load/vec4 v0x1e6dda0_0;
    %load/vec4 v0x1e6d2c0_0;
    %cmp/ne;
    %jmp/0xz  T_1.47, 6;
    %load/vec4 v0x1e6da30_0;
    %cmpi/s 5, 0, 32;
    %jmp/0xz  T_1.49, 5;
    %vpi_call 2 151 "$display", "[fulladder2] ERROR: %b + %b should produce sum=%b but was %b instead", v0x1e6d0a0_0, v0x1e6d820_0, v0x1e6dda0_0, v0x1e6d2c0_0 {0 0 0};
T_1.49 ;
    %load/vec4 v0x1e6da30_0;
    %addi 1, 0, 32;
    %store/vec4 v0x1e6da30_0, 0, 32;
T_1.47 ;
    %load/vec4 v0x1e6e0e0_0;
    %addi 1, 0, 32;
    %store/vec4 v0x1e6e0e0_0, 0, 32;
    %jmp T_1.41;
T_1.42 ;
    %pushi/vec4 0, 0, 32;
    %store/vec4 v0x1e6e0e0_0, 0, 32;
T_1.51 ;
    %load/vec4 v0x1e6e0e0_0;
    %cmpi/s 255, 0, 32;
    %flag_or 5, 4;
    %jmp/0xz T_1.52, 5;
    %load/vec4 v0x1e6e0e0_0;
    %parti/s 4, 0, 2;
    %store/vec4 v0x1e6d160_0, 0, 4;
    %load/vec4 v0x1e6e0e0_0;
    %parti/s 4, 4, 4;
    %store/vec4 v0x1e6d8f0_0, 0, 4;
    %delay 6000, 0;
    %load/vec4 v0x1e6e1c0_0;
    %addi 1, 0, 32;
    %store/vec4 v0x1e6e1c0_0, 0, 32;
    %load/vec4 v0x1e6e000_0;
    %pad/u 8;
    %load/vec4 v0x1e6d6b0_0;
    %cmp/ne;
    %jmp/0xz  T_1.53, 6;
    %load/vec4 v0x1e6da30_0;
    %cmpi/s 5, 0, 32;
    %jmp/0xz  T_1.55, 5;
    %vpi_call 2 170 "$display", "[rca4] ERROR: %b + %b should produce sum=%b but was %b instead", v0x1e6d160_0, v0x1e6d8f0_0, v0x1e6e000_0, v0x1e6d6b0_0 {0 0 0};
T_1.55 ;
    %load/vec4 v0x1e6da30_0;
    %addi 1, 0, 32;
    %store/vec4 v0x1e6da30_0, 0, 32;
T_1.53 ;
    %load/vec4 v0x1e6e0e0_0;
    %addi 1, 0, 32;
    %store/vec4 v0x1e6e0e0_0, 0, 32;
    %jmp T_1.51;
T_1.52 ;
    %load/vec4 v0x1e6da30_0;
    %cmpi/s 5, 0, 32;
    %flag_or 5, 4; GT is !LE
    %flag_inv 5;
    %jmp/0xz  T_1.57, 5;
    %load/vec4 v0x1e6da30_0;
    %subi 5, 0, 32;
    %vpi_call 2 177 "$display", "Additional %d errors NOT printed.", S<0,vec4,s32> {1 0 0};
T_1.57 ;
    %vpi_call 2 179 "$display", "Simulation finished: %d test cases %d errors", v0x1e6e1c0_0, v0x1e6da30_0 {0 0 0};
    %load/vec4 v0x1e6e1c0_0;
    %store/vec4 v0x1e65280_0, 0, 32;
    %load/vec4 v0x1e6e1c0_0;
    %load/vec4 v0x1e6da30_0;
    %sub;
    %store/vec4 v0x1e65180_0, 0, 32;
    %fork TD_test_adders.printPoints, S_0x1e64fa0;
    %join;
    %vpi_call 2 181 "$finish" {0 0 0};
    %end;
    .thread T_1;
# The file index is used to find the file name in the following table.
:file_names 5;
    "N/A";
    "<interactive>";
    "rca_testbench.v";
    "rca.v";
    "./print_points.v";
